2022/06/20 13:16:36.343 [Debug 100 [msAPI] CommFunc Connect2WebService 83]---[Connect2WebService] url=https://stg-api.beanfun.com/v1/openid/token/verification?token=e5a0759feb0c47e7aef07ef0f24cc61975xv2yh7ujtj11fjf4dqwe6ri9w3d5sq,method=get,Authorization=,body= 
2022/06/20 13:16:36.343 [Debug 100 [msAPI] CommFunc Connect2WebService 82]---[Connect2WebService] url=https://stg-api.beanfun.com/v1/openid/token/verification?token=464fff05de1e4e6da02b515edf525b7ee5ujh4jn1mtv1c1e3linfnad1gbnvimb,method=get,Authorization=,body= 
2022/06/20 13:16:44.390 [Debug 100 [msAPI] CommFunc Connect2WebService 83]---[Connect2WebService] url=https://stg-api.beanfun.com/v1/openid/token/verification?token=f435588891fb4ca2a299e37b4591cf0bfaznijdoqqupu3fxa9ru6lff8lnunr02,method=get,Authorization=,body= 
2022/06/20 13:16:44.390 [Debug 100 [msAPI] CommFunc Connect2WebService 82]---[Connect2WebService] url=https://stg-api.beanfun.com/v1/openid/token/verification?token=1ddcbddff03247789169df9cf6060b41bjg12pulot30ye8qq721ki26xczsbkk5,method=get,Authorization=,body= 
2022/06/20 13:16:57.062 [Debug 100 [msAPI] CommFunc Connect2WebService 77]---[Connect2WebService] url=https://stg-api.beanfun.com/v1/openid/token/verification?token=5d74ea9f54ad4387bb84893d2567a288hhgerfhdtejtcgoauaixpuinfyr14jmj,method=get,Authorization=,body= 
2022/06/20 13:17:07.281 [Debug 100 [msAPI] CommFunc Connect2WebService 83]---[Connect2WebService] url=https://stg-api.beanfun.com/v1/openid/token/verification?token=f4bb6b35d81947828b21f5e4b14043f6b5oiwr8p5820c0uqb15knktt0ja8hikh,method=get,Authorization=,body= 
2022/06/20 13:17:33.328 [Debug 100 [msAPI] CommFunc Connect2WebService 82]---[Connect2WebService] url=https://stg-api.beanfun.com/v1/openid/token/verification?token=f4ced8846f014c8da0c8cefd7b7b73b86teik3hfup3aj6hgta1l1m4zs1dzi26u,method=get,Authorization=,body= 
2022/06/20 13:18:03.562 [Debug 100 [msAPI] CommFunc Connect2WebService 77]---[Connect2WebService] url=https://stg-api.beanfun.com/v1/openid/token/verification?token=7ffd39822a7543b781ce9e81ab6d99a2egokksk5yntbraq54xo5ecxxu154lbyn,method=get,Authorization=,body= 
2022/06/20 13:19:16.187 [Debug 100 [msAPI] CommFunc Connect2WebService 83]---[Connect2WebService] url=https://stg-api.beanfun.com/v1/openid/token/verification?token=817761f2fe9d477088fe2fde01f84de6csc8l5b1xc4vptm5u631biyvjw363u9f,method=get,Authorization=,body= 
2022/06/20 13:19:16.187 [Debug 100 [msAPI] CommFunc Connect2WebService 82]---[Connect2WebService] url=https://stg-api.beanfun.com/v1/openid/token/verification?token=b0ac13ea1f7540d19ac33823550da7688bi6ye6u4mqq0h8dkqmpxgz28gu1qs9g,method=get,Authorization=,body= 
2022/06/20 13:19:40.968 [Debug 100 [msAPI] CommFunc Connect2WebService 82]---[Connect2WebService] url=https://stg-api.beanfun.com/v1/openid/token/verification?token=a7f5f86f59904e5ea76ae45c7ade1a0bmwa39buu9ycbd2fbww4zsek13j644a1v,method=get,Authorization=,body= 
2022/06/20 13:20:07.640 [Debug 100 [msAPI] CommFunc Connect2WebService 77]---[Connect2WebService] url=https://stg-api.beanfun.com/v1/openid/token/verification?token=5df05b8679654985b340ac802dc4b50cde2b7el4bi1ehcbma633yupxcef9c1wy,method=get,Authorization=,body= 
2022/06/20 13:20:32.671 [Debug 100 [msAPI] CommFunc Connect2WebService 77]---[Connect2WebService] url=https://stg-api.beanfun.com/v1/openid/token/verification?token=ddfb602b3321421c9c0c263b35655b84tvk9z18z8ek16wt5qtmsu60lnnbk3z3m,method=get,Authorization=,body= 
2022/06/20 13:20:32.671 [Debug 100 [msAPI] CommFunc Connect2WebService 82]---[Connect2WebService] url=https://stg-api.beanfun.com/v1/openid/token/verification?token=889a6d3e610c4a3e8bb93e7b76201f4f3rtrkiihwvlgcxl68omv8txr5xnoriri,method=get,Authorization=,body= 
2022/06/20 13:20:43.265 [Debug 100 [msAPI] CommFunc Connect2WebService 77]---[Connect2WebService] url=https://stg-api.beanfun.com/v1/openid/token/verification?token=adc3b839e73c4d5db602800fc8f8b1c2pwzlfpzto53c8mh5iyg4z6cvgyqx7hnl,method=get,Authorization=,body= 
2022/06/20 13:20:43.281 [Debug 100 [msAPI] CommFunc Connect2WebService 83]---[Connect2WebService] url=https://stg-api.beanfun.com/v1/openid/token/verification?token=5b6f0a0423b44d5087e2eae6b0b102bbxar88pntvysgajqdye85id4d76vqbgon,method=get,Authorization=,body= 
2022/06/20 13:22:09.687 [Debug 100 [msAPI] CommFunc Connect2WebService 77]---[Connect2WebService] url=https://stg-api.beanfun.com/v1/openid/token/verification?token=030eff02c25d465e892e2b69c3c96ab2h4vbub86mzaztx9r0j8rcqv6lzjl4vji,method=get,Authorization=,body= 
2022/06/20 13:22:09.687 [Debug 100 [msAPI] CommFunc Connect2WebService 82]---[Connect2WebService] url=https://stg-api.beanfun.com/v1/openid/token/verification?token=90f2354e22f64528b76e0ca833fc20229of08at73f23s5f44f10fid513d12gcp,method=get,Authorization=,body= 
2022/06/20 13:22:26.890 [Debug 100 [msAPI] CommFunc Connect2WebService 77]---[Connect2WebService] url=https://stg-api.beanfun.com/v1/openid/token/verification?token=a2afca85c10c42bdabc24070f708ea8e3cxsr3fe1wkkk1b1pmd0by785cvzkfo9,method=get,Authorization=,body= 
2022/06/20 13:22:26.906 [Debug 100 [msAPI] CommFunc Connect2WebService 82]---[Connect2WebService] url=https://stg-api.beanfun.com/v1/openid/token/verification?token=3bc1b4108ca54553bb5a25d17c1d4a9admd012xvme2j48f0k12mppcfh4dg6k5w,method=get,Authorization=,body= 
2022/06/20 13:25:47.828 [Debug 100 [msAPI] CommFunc Connect2WebService 77]---[Connect2WebService] url=https://stg-api.beanfun.com/v1/openid/token/verification?token=52233a9f60354984a46c6b3a8f125ec5q816x2vpmai6gja042chpu6znd5u6z8o,method=get,Authorization=,body= 
2022/06/20 13:26:13.624 [Debug 100 [msAPI] CommFunc Connect2WebService 82]---[Connect2WebService] url=https://stg-api.beanfun.com/v1/openid/token/verification?token=b56ef15a62f54837a0e8eb7471ccc4861s15f58biluruesudapg29bxgsrddzit,method=get,Authorization=,body= 
2022/06/20 13:26:19.828 [Debug 100 [msAPI] CommFunc Connect2WebService 82]---[Connect2WebService] url=https://stg-api.beanfun.com/v1/openid/token/verification?token=9c4d67511b1b402aa90e1b0e6596f4e43dhth1nhcez09rlw7cfel8nk6z6bndjh,method=get,Authorization=,body= 
2022/06/20 13:26:19.859 [Debug 100 [msAPI] CommFunc Connect2WebService 77]---[Connect2WebService] url=https://stg-api.beanfun.com/v1/openid/token/verification?token=d328cecc2b044c6188f5327216f0427aiqcdjzctcwxc043ajkzv003z8731djfq,method=get,Authorization=,body= 
2022/06/20 13:28:51.702 [Debug 100 [msAPI] CommFunc Connect2WebService 83]---[Connect2WebService] url=https://stg-api.beanfun.com/oauth2/v1/token,method=post,Authorization=c15489c1221846d38a7c2a4bba1a6168_oat,body={"grant_type":"authorization_code","code":"AKnx8GxQvd","redirect_uri":"https://stg-gamafun.beanfun.com"} 
2022/06/20 13:31:03.968 [Debug 100 [msAPI] CommFunc Connect2WebService 79]---[Connect2WebService] url=https://stg-api.beanfun.com/v1/openid/token/verification?token=baacce557f544b7c815369915835a1537v3nt7hceiechyslykka24g4hpt5cfvg,method=get,Authorization=,body= 
2022/06/20 13:31:03.999 [Debug 100 [msAPI] CommFunc Connect2WebService 77]---[Connect2WebService] url=https://stg-api.beanfun.com/v1/openid/token/verification?token=6667e6423e604b02bab0c2d400d43d95mprdf8brvg953f2yttobrnmnoz878umj,method=get,Authorization=,body= 
2022/06/20 13:31:17.171 [Debug 100 [msAPI] CommFunc Connect2WebService 83]---[Connect2WebService] url=https://stg-api.beanfun.com/v1/openid/token/verification?token=015f4c0cf4234a54a20ee20d169a30b07hpafqd4wk3t9fhzs10opq7hfepfd3x0,method=get,Authorization=,body= 
2022/06/20 13:34:56.421 [Debug 100 [msAPI] CommFunc Connect2WebService 77]---[Connect2WebService] url=https://stg-api.beanfun.com/v1/openid/token/verification?token=89cbd5dd0620400985cce030326d21c7l53h2twpacd8mffanjkgi80lugpauhbg,method=get,Authorization=,body= 
2022/06/20 13:35:09.687 [Debug 100 [msAPI] CommFunc Connect2WebService 78]---[Connect2WebService] url=https://stg-api.beanfun.com/v1/openid/token/verification?token=d8823322daea424d9c1e5ffc385e7b6cbxirnu97aq9aozvec1j1urt6tbowcygv,method=get,Authorization=,body= 
2022/06/20 13:35:09.687 [Debug 100 [msAPI] CommFunc Connect2WebService 83]---[Connect2WebService] url=https://stg-api.beanfun.com/v1/openid/token/verification?token=ac6ddda223254a2c99dcc01fa3fd5465eg5wg3zh1avgw4j894oqn8ax14xermgq,method=get,Authorization=,body= 
2022/06/20 13:36:14.796 [Debug 100 [msAPI] CommFunc Connect2WebService 82]---[Connect2WebService] url=https://stg-api.beanfun.com/v1/openid/token/verification?token=5112951cabc1472596c8f0b070d3f96feakznuryp1xnoo8745joi89y8downztb,method=get,Authorization=,body= 
2022/06/20 13:36:14.796 [Debug 100 [msAPI] CommFunc Connect2WebService 78]---[Connect2WebService] url=https://stg-api.beanfun.com/v1/openid/token/verification?token=a49284bd9b9a49cfba64eda4b7d5f946817hlaxfa9ds6lmqlgys3f1oh0m43uyb,method=get,Authorization=,body= 
2022/06/20 13:36:31.702 [Debug 100 [msAPI] CommFunc Connect2WebService 78]---[Connect2WebService] url=https://stg-api.beanfun.com/v1/openid/token/verification?token=6e44b89469f444809e358e5165b8db96d0quthntp23igfeuofs1j0jao2dachc1,method=get,Authorization=,body= 
2022/06/20 13:40:08.515 [Debug 100 [msAPI] CommFunc Connect2WebService 78]---[Connect2WebService] url=https://stg-api.beanfun.com/v1/openid/token/verification?token=baec483e9bd242ad9125fb439a05b8bfrxs9ykh5lsby625fg6banxnggbnd6tjs,method=get,Authorization=,body= 
2022/06/20 13:40:33.874 [Debug 100 [msAPI] CommFunc Connect2WebService 78]---[Connect2WebService] url=https://stg-api.beanfun.com/v1/openid/token/verification?token=6b4bd76e55ae4f7296d58de28ef2a63fh37bi9kz1ynqcjzpqpddn84028rxaxdh,method=get,Authorization=,body= 
2022/06/20 13:44:35.703 [Debug 100 [msAPI] CommFunc Connect2WebService 77]---[Connect2WebService] url=https://stg-api.beanfun.com/v1/openid/token/verification?token=3f4de4ca9fca483c8d1786dddcaf5ff2t8i0xzgkotuu6fidx2udgucr9r8flrcp,method=get,Authorization=,body= 
2022/06/20 13:47:31.656 [Debug 100 [msAPI] CommFunc Connect2WebService 42]---[Connect2WebService] url=https://stg-api.beanfun.com/v1/openid/token/verification?token=8e34707ad360411a91cbdff4ce1a065djuhbspxgyigqz5jwcwd0fi584rs2h0ej,method=get,Authorization=,body= 
2022/06/20 13:47:45.796 [Debug 100 [msAPI] CommFunc Connect2WebService 83]---[Connect2WebService] url=https://stg-api.beanfun.com/v1/openid/token/verification?token=3523fa06ea634ae7ad01c9abe475e474745o58bqdv29xlmz4f8uiufi0eoxhgdx,method=get,Authorization=,body= 
2022/06/20 13:48:09.609 [Debug 100 [msAPI] CommFunc Connect2WebService 83]---[Connect2WebService] url=https://stg-api.beanfun.com/v1/openid/token/verification?token=c0fe9a468b394c1aae51d1428bab4d87j7tfyw5pm0nq5kpjw093bdr8el4qgdu4,method=get,Authorization=,body= 
2022/06/20 13:48:14.359 [Debug 100 [msAPI] CommFunc Connect2WebService 83]---[Connect2WebService] url=https://stg-api.beanfun.com/v1/openid/token/verification?token=3cead3ce261f4b5fa24bcba68f09da9akglnr8w3m1xzi1ypzf4zl3ci3fk08wl7,method=get,Authorization=,body= 
2022/06/20 13:48:14.359 [Debug 100 [msAPI] CommFunc Connect2WebService 77]---[Connect2WebService] url=https://stg-api.beanfun.com/v1/openid/token/verification?token=9b1c2441ed9e4e1daa371beb4f44a65dvvqodwjf5lr0u71234qo9sfd2mzxtmwz,method=get,Authorization=,body= 
2022/06/20 13:48:20.312 [Debug 100 [msAPI] CommFunc Connect2WebService 42]---[Connect2WebService] url=https://stg-api.beanfun.com/v1/openid/token/verification?token=028d226ed6fc4027ac0f7d9b080a1b6e2bkqtiqn136nbhwoluegh3vmwrco5ni8,method=get,Authorization=,body= 
2022/06/20 13:48:38.249 [Debug 100 [msAPI] CommFunc Connect2WebService 42]---[Connect2WebService] url=https://stg-api.beanfun.com/v1/openid/token/verification?token=6da0f7451a6d4d95850858d48727cf158maytzv8y8lnwz62yv2894fzi3sr2rg3,method=get,Authorization=,body= 
2022/06/20 13:48:51.203 [Debug 100 [msAPI] CommFunc Connect2WebService 79]---[Connect2WebService] url=https://stg-api.beanfun.com/v1/openid/token/verification?token=25bea8afcd1545f693d87e66347f39b945bz53jays0tk41bcxtfer6vciuk0zpw,method=get,Authorization=,body= 
2022/06/20 13:50:14.796 [Debug 100 [msAPI] CommFunc Connect2WebService 83]---[Connect2WebService] url=https://stg-api.beanfun.com/oauth2/v1/token,method=post,Authorization=c15489c1221846d38a7c2a4bba1a6168_oat,body={"grant_type":"authorization_code","code":"EvzHn4hbdF","redirect_uri":"https://stg-gamafun.beanfun.com"} 
2022/06/20 13:51:33.421 [Debug 100 [msAPI] CommFunc Connect2WebService 48]---[Connect2WebService] url=https://stg-api.beanfun.com/v1/openid/token/verification?token=68c38786c8b64e6a980b716c3cdd3267akp7z1gaa3wkif52n0fyo2j5srenbf82,method=get,Authorization=,body= 
2022/06/20 13:51:39.406 [Debug 100 [msAPI] CommFunc Connect2WebService 48]---[Connect2WebService] url=https://stg-api.beanfun.com/v1/openid/token/verification?token=32908485a8d146a6bfe5c5c36ba9455c6i4ouene58vop7i5hbytoax1djbcjb12,method=get,Authorization=,body= 
2022/06/20 14:00:48.046 [Debug 100 [msAPI] CommFunc Connect2WebService 42]---[Connect2WebService] url=https://stg-api.beanfun.com/v1/openid/token/verification?token=da620572f1f343439d60393edd3a7e202qfbwssf7zfa5618yhsgklip5td0g0yl,method=get,Authorization=,body= 
2022/06/20 14:00:48.046 [Debug 100 [msAPI] CommFunc Connect2WebService 77]---[Connect2WebService] url=https://stg-api.beanfun.com/v1/openid/token/verification?token=2926560167634e11b371609e680f7fc8bbj7f94wvmz9hmx4fvbiagyzaamosr3b,method=get,Authorization=,body= 
2022/06/20 14:00:56.171 [Debug 100 [msAPI] CommFunc Connect2WebService 83]---[Connect2WebService] url=https://stg-api.beanfun.com/v1/openid/token/verification?token=dd0594db6f36445e8567fbf0624a1a8apjbew9zgtg6qeux27bnecdbrbavhn7ln,method=get,Authorization=,body= 
2022/06/20 14:07:32.202 [Debug 100 [msAPI] CommFunc Connect2WebService 79]---[Connect2WebService] url=https://stg-api.beanfun.com/oauth2/v1/token,method=post,Authorization=c15489c1221846d38a7c2a4bba1a6168_oat,body={"grant_type":"authorization_code","code":"u5eoG94GWj","redirect_uri":"https://stg-gamafun.beanfun.com"} 
2022/06/20 14:25:21.875 [Debug 100 [msAPI] CommFunc Connect2WebService 77]---[Connect2WebService] url=https://stg-api.beanfun.com/v2/campaign/receive,method=Post,Authorization=ka2CGvoOrhJZ7jVplqr4Y1EUGnKKyeaK1vEZtDYLumc=,body={"campaignCode":"c01ec2b0b3fc4fed8f916383e1a73e17","receiver":"2212961888378028032"} 
2022/06/20 14:25:38.483 [Debug 100 [msAPI] CommFunc Connect2WebService 42]---[Connect2WebService] url=https://stg-api.beanfun.com/v2/campaign/receive,method=Post,Authorization=t8FZLqR4ko//+deZK9Yb5Fcv9f8+KmfRZh0frMWrjAA=,body={"campaignCode":"9c014fbbf794402f82fc27741481cbcf","receiver":"2212961888378028032"} 
2022/06/20 14:25:45.202 [Debug 100 [msAPI] CommFunc Connect2WebService 79]---[Connect2WebService] url=https://stg-api.beanfun.com/v2/campaign/receive,method=Post,Authorization=oZQOXyaOL5bJk+tQ2Izajbl0XIcf2Zo9Q61nPRvjVh4=,body={"campaignCode":"44ed54fd21fa4b46b82b45db270eec25","receiver":"2212961888378028032"} 
2022/06/20 14:29:21.218 [Debug 100 [msAPI] CommFunc Connect2WebService 79]---[Connect2WebService] url=https://stg-api.beanfun.com/oauth2/v1/token,method=post,Authorization=c15489c1221846d38a7c2a4bba1a6168_oat,body={"grant_type":"authorization_code","code":"ESGMe4bkk4","redirect_uri":"https://stg-gamafun.beanfun.com"} 
2022/06/20 14:37:12.046 [Debug 100 [msAPI] CommFunc Connect2WebService 79]---[Connect2WebService] url=https://stg-api.beanfun.com/oauth2/v1/token,method=post,Authorization=c15489c1221846d38a7c2a4bba1a6168_oat,body={"grant_type":"authorization_code","code":"A1HCIKFSOz","redirect_uri":"https://stg-gamafun.beanfun.com"} 
2022/06/20 14:38:10.077 [Debug 100 [msAPI] CommFunc Connect2WebService 79]---[Connect2WebService] url=https://stg-api.beanfun.com/v2/campaign/receive,method=Post,Authorization=ViI2IZ5oKJywwFhf1qY186N5Iz4GAGHOoj2r91y+nPQ=,body={"campaignCode":"9714933c4b9c474cb044e68cc25e01c0","receiver":"2068032158018048000"} 
2022/06/20 14:38:10.202 [Debug 100 [msAPI] CommFunc Connect2WebService 79]---[Connect2WebService] HttpWebResponse(503)={"error":{"code":20014,"message":"UNAVAILABLE: 獎項已發送完畢 (trace_id=a7d7822f399042c6ba1543a83a9e073d)"}} 
2022/06/20 14:38:14.608 [Debug 100 [msAPI] CommFunc Connect2WebService 79]---[Connect2WebService] url=https://stg-api.beanfun.com/v2/campaign/receive,method=Post,Authorization=ViI2IZ5oKJywwFhf1qY186N5Iz4GAGHOoj2r91y+nPQ=,body={"campaignCode":"9714933c4b9c474cb044e68cc25e01c0","receiver":"2068032158018048000"} 
2022/06/20 14:38:14.718 [Debug 100 [msAPI] CommFunc Connect2WebService 79]---[Connect2WebService] HttpWebResponse(503)={"error":{"code":20014,"message":"UNAVAILABLE: 獎項已發送完畢 (trace_id=367c128c95d247eab15f15790faaef48)"}} 
2022/06/20 14:38:25.264 [Debug 100 [msAPI] CommFunc Connect2WebService 77]---[Connect2WebService] url=https://stg-api.beanfun.com/v2/campaign/receive,method=Post,Authorization=ViI2IZ5oKJywwFhf1qY186N5Iz4GAGHOoj2r91y+nPQ=,body={"campaignCode":"9714933c4b9c474cb044e68cc25e01c0","receiver":"2068032158018048000"} 
2022/06/20 14:38:25.374 [Debug 100 [msAPI] CommFunc Connect2WebService 77]---[Connect2WebService] HttpWebResponse(503)={"error":{"code":20014,"message":"UNAVAILABLE: 獎項已發送完畢 (trace_id=284d8aab1e6c42288494b3539121c736)"}} 
2022/06/20 14:38:40.858 [Debug 100 [msAPI] CommFunc Connect2WebService 42]---[Connect2WebService] url=https://stg-api.beanfun.com/v2/campaign/receive,method=Post,Authorization=ViI2IZ5oKJywwFhf1qY186N5Iz4GAGHOoj2r91y+nPQ=,body={"campaignCode":"9714933c4b9c474cb044e68cc25e01c0","receiver":"2068032158018048000"} 
2022/06/20 14:38:40.968 [Debug 100 [msAPI] CommFunc Connect2WebService 42]---[Connect2WebService] HttpWebResponse(503)={"error":{"code":20014,"message":"UNAVAILABLE: 獎項已發送完畢 (trace_id=c2161230aeaa4c3a81965ac3b206b668)"}} 
2022/06/20 14:39:26.499 [Debug 100 [msAPI] CommFunc Connect2WebService 83]---[Connect2WebService] url=https://stg-api.beanfun.com/v2/campaign/receive,method=Post,Authorization=ViI2IZ5oKJywwFhf1qY186N5Iz4GAGHOoj2r91y+nPQ=,body={"campaignCode":"9714933c4b9c474cb044e68cc25e01c0","receiver":"2068032158018048000"} 
2022/06/20 14:39:26.608 [Debug 100 [msAPI] CommFunc Connect2WebService 83]---[Connect2WebService] HttpWebResponse(503)={"error":{"code":20014,"message":"UNAVAILABLE: 獎項已發送完畢 (trace_id=8c7f1f284a234a75a3feede4c7124778)"}} 
2022/06/20 14:43:53.889 [Debug 100 [msAPI] CommFunc Connect2WebService 48]---[Connect2WebService] url=https://stg-api.beanfun.com/v2/campaign/receive,method=Post,Authorization=ViI2IZ5oKJywwFhf1qY186N5Iz4GAGHOoj2r91y+nPQ=,body={"campaignCode":"9714933c4b9c474cb044e68cc25e01c0","receiver":"2068032158018048000"} 
2022/06/20 14:43:54.248 [Debug 100 [msAPI] CommFunc Connect2WebService 48]---[Connect2WebService] HttpWebResponse(503)={"error":{"code":20014,"message":"UNAVAILABLE: 獎項已發送完畢 (trace_id=9c00ef6957404721a25bf5fdc107194c)"}} 
2022/06/20 14:44:14.030 [Debug 100 [msAPI] CommFunc Connect2WebService 77]---[Connect2WebService] url=https://stg-api.beanfun.com/v2/campaign/receive,method=Post,Authorization=ViI2IZ5oKJywwFhf1qY186N5Iz4GAGHOoj2r91y+nPQ=,body={"campaignCode":"9714933c4b9c474cb044e68cc25e01c0","receiver":"2068032158018048000"} 
2022/06/20 14:44:14.139 [Debug 100 [msAPI] CommFunc Connect2WebService 77]---[Connect2WebService] HttpWebResponse(503)={"error":{"code":20014,"message":"UNAVAILABLE: 獎項已發送完畢 (trace_id=d91aa99cb8cd414b9d404671f1a2b32d)"}} 
2022/06/20 14:44:16.498 [Debug 100 [msAPI] CommFunc Connect2WebService 83]---[Connect2WebService] url=https://stg-api.beanfun.com/v2/campaign/receive,method=Post,Authorization=ViI2IZ5oKJywwFhf1qY186N5Iz4GAGHOoj2r91y+nPQ=,body={"campaignCode":"9714933c4b9c474cb044e68cc25e01c0","receiver":"2068032158018048000"} 
2022/06/20 14:44:16.608 [Debug 100 [msAPI] CommFunc Connect2WebService 83]---[Connect2WebService] HttpWebResponse(503)={"error":{"code":20014,"message":"UNAVAILABLE: 獎項已發送完畢 (trace_id=2a3c2121c9f740609755834e0b5202cd)"}} 
2022/06/20 15:01:12.328 [Debug 100 [msAPI] CommFunc Connect2WebService 77]---[Connect2WebService] url=https://stg-api.beanfun.com/oauth2/v1/token,method=post,Authorization=c15489c1221846d38a7c2a4bba1a6168_oat,body={"grant_type":"authorization_code","code":"tP8njjihH8","redirect_uri":"https://stg-gamafun.beanfun.com"} 
2022/06/20 15:33:37.171 [Debug 100 [msAPI] CommFunc Connect2WebService 28]---[Connect2WebService] url=https://stg-api.beanfun.com/v2/campaign/receive,method=Post,Authorization=c1H3aYoUMrRBHaTfiaetiQTyu/EM3h1LLIkxGpFzw0Q=,body={"campaignCode":"672ec54250a049f48638d306449e02f4","receiver":"2135820757962346496"} 
2022/06/20 15:44:23.875 [Debug 100 [msAPI] CommFunc Connect2WebService 15]---[Connect2WebService] url=https://stg-api.beanfun.com/v1/openid/token/verification?token=6eab071f7e284acf9d1c1bc347f31af8c9kzh8jvb8j7h6fjmrq2f1126cz1jbc1,method=get,Authorization=,body= 
2022/06/20 15:44:23.875 [Debug 100 [msAPI] CommFunc Connect2WebService 16]---[Connect2WebService] url=https://stg-api.beanfun.com/v1/openid/token/verification?token=4f5dd5de33544fd2b788208875be247e1rzibckbwgt2n9wlv1ly63w2cgucwcy5,method=get,Authorization=,body= 
2022/06/20 16:11:34.670 [Debug 100 [msAPI] CommFunc Connect2WebService 5]---[Connect2WebService] url=https://stg-api.beanfun.com/oauth2/v1/token,method=post,Authorization=c15489c1221846d38a7c2a4bba1a6168_oat,body={"grant_type":"authorization_code","code":"q8rwxoJhkB","redirect_uri":"https://stg-gamafun.beanfun.com"} 
