2022/06/22 01:10:33.093 [Debug 100 [msAPI] CommFunc Connect2WebService 51]---[Connect2WebService] url=https://stg-api.beanfun.com/oauth2/v1/token,method=post,Authorization=c15489c1221846d38a7c2a4bba1a6168_oat,body={"grant_type":"authorization_code","code":"1jCerfnmKI","redirect_uri":"https://stg-gamafun.beanfun.com"} 
2022/06/22 01:14:20.218 [Debug 100 [msAPI] CommFunc Connect2WebService 48]---[Connect2WebService] url=https://stg-api.beanfun.com/v2/campaign/receive,method=Post,Authorization=2Upvxj3ZOqaU9Or+Nm6yP6W0FnNFygjXPlBzVUHY63g=,body={"campaignCode":"b5b741094bc74133bbcbe717632b46b7","receiver":"1010001000917002721"} 
2022/06/22 01:15:46.390 [Debug 100 [msAPI] CommFunc Connect2WebService 50]---[Connect2WebService] url=https://stg-api.beanfun.com/v2/campaign/receive,method=Post,Authorization=sIXDMbeMwGpnzMNLsjfcQtFQWeJA0D86sglkTeAeTjE=,body={"campaignCode":"da3ceb0f9c144482acd81dad9807adc0","receiver":"1010001000917002721"} 
2022/06/22 01:46:29.984 [Debug 100 [msAPI] CommFunc Connect2WebService 14]---[Connect2WebService] url=https://stg-api.beanfun.com/oauth2/v1/token,method=post,Authorization=c15489c1221846d38a7c2a4bba1a6168_oat,body={"grant_type":"authorization_code","code":"tDDRkHQJgy","redirect_uri":"https://stg-gamafun.beanfun.com"} 
2022/06/22 02:08:55.280 [Debug 100 [msAPI] CommFunc Connect2WebService 9]---[Connect2WebService] url=https://stg-api.beanfun.com/oauth2/v1/token,method=post,Authorization=c15489c1221846d38a7c2a4bba1a6168_oat,body={"grant_type":"authorization_code","code":"4yPR20PizT","redirect_uri":"https://stg-gamafun.beanfun.com"} 
2022/06/22 02:13:15.671 [Debug 100 [msAPI] CommFunc Connect2WebService 9]---[Connect2WebService] url=https://stg-api.beanfun.com/oauth2/v1/token,method=post,Authorization=c15489c1221846d38a7c2a4bba1a6168_oat,body={"grant_type":"authorization_code","code":"ZkjnyPYH33","redirect_uri":"https://stg-gamafun.beanfun.com"} 
2022/06/22 02:14:59.000 [Debug 100 [msAPI] CommFunc Connect2WebService 17]---[Connect2WebService] url=https://stg-api.beanfun.com/oauth2/v1/token,method=post,Authorization=c15489c1221846d38a7c2a4bba1a6168_oat,body={"grant_type":"authorization_code","code":"S0TfIgZ38M","redirect_uri":"https://stg-gamafun.beanfun.com"} 
2022/06/22 02:37:33.687 [Debug 100 [msAPI] CommFunc Connect2WebService 21]---[Connect2WebService] url=https://stg-api.beanfun.com/oauth2/v1/token,method=post,Authorization=c15489c1221846d38a7c2a4bba1a6168_oat,body={"grant_type":"authorization_code","code":"87FOZOhFte","redirect_uri":"https://stg-gamafun.beanfun.com"} 
2022/06/22 02:41:58.061 [Debug 100 [msAPI] CommFunc Connect2WebService 17]---[Connect2WebService] url=https://stg-api.beanfun.com/oauth2/v1/token,method=post,Authorization=c15489c1221846d38a7c2a4bba1a6168_oat,body={"grant_type":"authorization_code","code":"OjCEaNdNfX","redirect_uri":"https://stg-gamafun.beanfun.com"} 
2022/06/22 02:45:59.828 [Debug 100 [msAPI] CommFunc Connect2WebService 25]---[Connect2WebService] url=https://stg-api.beanfun.com/oauth2/v1/token,method=post,Authorization=c15489c1221846d38a7c2a4bba1a6168_oat,body={"grant_type":"authorization_code","code":"YX8LGupNp0","redirect_uri":"https://stg-gamafun.beanfun.com"} 
2022/06/22 02:47:15.078 [Debug 100 [msAPI] CommFunc Connect2WebService 19]---[Connect2WebService] url=https://stg-api.beanfun.com/oauth2/v1/token,method=post,Authorization=c15489c1221846d38a7c2a4bba1a6168_oat,body={"grant_type":"authorization_code","code":"3jlwBmZwQl","redirect_uri":"https://stg-gamafun.beanfun.com"} 
2022/06/22 02:47:16.312 [Debug 100 [msAPI] CommFunc Connect2WebService 28]---[Connect2WebService] url=https://stg-api.beanfun.com/oauth2/v1/token,method=post,Authorization=c15489c1221846d38a7c2a4bba1a6168_oat,body={"grant_type":"authorization_code","code":"87FOZOhFte","redirect_uri":"https://stg-gamafun.beanfun.com"} 
2022/06/22 02:47:16.437 [Debug 100 [msAPI] CommFunc Connect2WebService 28]---[Connect2WebService] HttpWebResponse(400)={"error":{"code":20003,"message":"INVALID_ARGUMENT: Invalid code: 87FOZOhFte does not match."}} 
2022/06/22 02:48:43.343 [Debug 100 [msAPI] CommFunc Connect2WebService 19]---[Connect2WebService] url=https://stg-api.beanfun.com/oauth2/v1/token,method=post,Authorization=c15489c1221846d38a7c2a4bba1a6168_oat,body={"grant_type":"authorization_code","code":"FHqOvPFFJz","redirect_uri":"https://stg-gamafun.beanfun.com"} 
2022/06/22 02:48:52.015 [Debug 100 [msAPI] CommFunc Connect2WebService 25]---[Connect2WebService] url=https://stg-api.beanfun.com/oauth2/v1/token,method=post,Authorization=c15489c1221846d38a7c2a4bba1a6168_oat,body={"grant_type":"authorization_code","code":"87FOZOhFte","redirect_uri":"https://stg-gamafun.beanfun.com"} 
2022/06/22 02:48:52.156 [Debug 100 [msAPI] CommFunc Connect2WebService 25]---[Connect2WebService] HttpWebResponse(400)={"error":{"code":20003,"message":"INVALID_ARGUMENT: Invalid code: 87FOZOhFte does not match."}} 
2022/06/22 02:49:51.984 [Debug 100 [msAPI] CommFunc Connect2WebService 19]---[Connect2WebService] url=https://stg-api.beanfun.com/v1/openid/token/verification?token=901c4811517a435e86606a4e472d1afa56ixwq8zhf43omspjfnqex8vsc07psm5,method=get,Authorization=,body= 
2022/06/22 02:49:51.999 [Debug 100 [msAPI] CommFunc Connect2WebService 29]---[Connect2WebService] url=https://stg-api.beanfun.com/v1/openid/token/verification?token=b6a8cbece8094db2a36ce49498cc06fddjlidg2jireoi4za93fjpv99deilwhq2,method=get,Authorization=,body= 
2022/06/22 02:51:48.546 [Debug 100 [msAPI] CommFunc Connect2WebService 30]---[Connect2WebService] url=https://stg-api.beanfun.com/v2/campaign/receive,method=Post,Authorization=Mx9E/aY1c1bZOYmNCwvZomSvtkS36NYif9ecLpuGMrY=,body={"campaignCode":"da3ceb0f9c144482acd81dad9807adc0","receiver":"2216610273928679424"} 
2022/06/22 02:52:15.265 [Debug 100 [msAPI] CommFunc Connect2WebService 19]---[Connect2WebService] url=https://stg-api.beanfun.com/v2/campaign/receive,method=Post,Authorization=yYyuolCRnv3c9kwZCzN3HVfQB2Z4lBZEBhFIaWxTYKw=,body={"campaignCode":"da3ceb0f9c144482acd81dad9807adc0","receiver":"1011009000911002229"} 
2022/06/22 02:55:12.078 [Debug 100 [msAPI] CommFunc Connect2WebService 32]---[Connect2WebService] url=https://stg-api.beanfun.com/oauth2/v1/token,method=post,Authorization=c15489c1221846d38a7c2a4bba1a6168_oat,body={"grant_type":"authorization_code","code":"TLnkYQ32qO","redirect_uri":"https://stg-gamafun.beanfun.com"} 
2022/06/22 02:58:02.843 [Debug 100 [msAPI] CommFunc Connect2WebService 36]---[Connect2WebService] url=https://stg-api.beanfun.com/oauth2/v1/token,method=post,Authorization=c15489c1221846d38a7c2a4bba1a6168_oat,body={"grant_type":"authorization_code","code":"vSID81jSoB","redirect_uri":"https://stg-gamafun.beanfun.com"} 
2022/06/22 03:05:40.812 [Debug 100 [msAPI] CommFunc Connect2WebService 41]---[Connect2WebService] url=https://stg-api.beanfun.com/oauth2/v1/token,method=post,Authorization=c15489c1221846d38a7c2a4bba1a6168_oat,body={"grant_type":"authorization_code","code":"YrJYeDCk5M","redirect_uri":"https://stg-gamafun.beanfun.com"} 
2022/06/22 03:07:17.811 [Debug 100 [msAPI] CommFunc Connect2WebService 41]---[Connect2WebService] url=https://stg-api.beanfun.com/v2/campaign/receive,method=Post,Authorization=Mx9E/aY1c1bZOYmNCwvZomSvtkS36NYif9ecLpuGMrY=,body={"campaignCode":"da3ceb0f9c144482acd81dad9807adc0","receiver":"2216610273928679424"} 
2022/06/22 03:07:18.046 [Debug 100 [msAPI] CommFunc Connect2WebService 41]---[Connect2WebService] HttpWebResponse(503)={"error":{"code":20014,"message":"UNAVAILABLE: 超過領取次數上限 (trace_id=0863800fb8954c4096066b69cbcca047)"}} 
2022/06/22 03:07:31.515 [Debug 100 [msAPI] CommFunc Connect2WebService 40]---[Connect2WebService] url=https://stg-api.beanfun.com/v1/openid/token/verification?token=7d5096e096044b0abcd59a5026a68638mk2m7dlqqtrpgdg5uu1vkuhfcas0knm7,method=get,Authorization=,body= 
2022/06/22 03:07:31.515 [Debug 100 [msAPI] CommFunc Connect2WebService 41]---[Connect2WebService] url=https://stg-api.beanfun.com/v1/openid/token/verification?token=71e3336abedc41aaa8f4f4da7c819950oabljlsssdd3erv2iyss7vezt8izyh5a,method=get,Authorization=,body= 
2022/06/22 03:07:58.733 [Debug 100 [msAPI] CommFunc Connect2WebService 40]---[Connect2WebService] url=https://stg-api.beanfun.com/v2/campaign/receive,method=Post,Authorization=Mx9E/aY1c1bZOYmNCwvZomSvtkS36NYif9ecLpuGMrY=,body={"campaignCode":"da3ceb0f9c144482acd81dad9807adc0","receiver":"2216610273928679424"} 
2022/06/22 03:07:58.843 [Debug 100 [msAPI] CommFunc Connect2WebService 40]---[Connect2WebService] HttpWebResponse(503)={"error":{"code":20014,"message":"UNAVAILABLE: 超過領取次數上限 (trace_id=6e246fe645244e01bdf9c11cb585eff7)"}} 
2022/06/22 03:08:01.733 [Debug 100 [msAPI] CommFunc Connect2WebService 44]---[Connect2WebService] url=https://stg-api.beanfun.com/v2/campaign/receive,method=Post,Authorization=Mx9E/aY1c1bZOYmNCwvZomSvtkS36NYif9ecLpuGMrY=,body={"campaignCode":"da3ceb0f9c144482acd81dad9807adc0","receiver":"2216610273928679424"} 
2022/06/22 03:08:01.858 [Debug 100 [msAPI] CommFunc Connect2WebService 44]---[Connect2WebService] HttpWebResponse(503)={"error":{"code":20014,"message":"UNAVAILABLE: 超過領取次數上限 (trace_id=b9200071f70941eb96843185b989e75b)"}} 
2022/06/22 03:08:01.889 [Debug 100 [msAPI] CommFunc Connect2WebService 41]---[Connect2WebService] url=https://stg-api.beanfun.com/v2/campaign/receive,method=Post,Authorization=yYyuolCRnv3c9kwZCzN3HVfQB2Z4lBZEBhFIaWxTYKw=,body={"campaignCode":"da3ceb0f9c144482acd81dad9807adc0","receiver":"1011009000911002229"} 
2022/06/22 03:08:01.999 [Debug 100 [msAPI] CommFunc Connect2WebService 41]---[Connect2WebService] HttpWebResponse(503)={"error":{"code":20014,"message":"UNAVAILABLE: 超過領取次數上限 (trace_id=b3394b1320d94c5ba8c94988e5a2dda6)"}} 
2022/06/22 03:08:09.343 [Debug 100 [msAPI] CommFunc Connect2WebService 41]---[Connect2WebService] url=https://stg-api.beanfun.com/v2/campaign/receive,method=Post,Authorization=Mx9E/aY1c1bZOYmNCwvZomSvtkS36NYif9ecLpuGMrY=,body={"campaignCode":"da3ceb0f9c144482acd81dad9807adc0","receiver":"2216610273928679424"} 
2022/06/22 03:08:09.452 [Debug 100 [msAPI] CommFunc Connect2WebService 41]---[Connect2WebService] HttpWebResponse(503)={"error":{"code":20014,"message":"UNAVAILABLE: 超過領取次數上限 (trace_id=df871248d8714e938df86ae2d57e4e95)"}} 
2022/06/22 03:13:36.702 [Debug 100 [msAPI] CommFunc Connect2WebService 48]---[Connect2WebService] url=https://stg-api.beanfun.com/v1/openid/token/verification?token=87f9bca8f4f74964a394b57d2fb78ec2ctd9ko5lzyc1but54u3mhy86qpgcol0t,method=get,Authorization=,body= 
2022/06/22 03:18:24.343 [Debug 100 [msAPI] CommFunc Connect2WebService 49]---[Connect2WebService] url=https://stg-api.beanfun.com/v1/openid/token/verification?token=0c27c1ac83b64b4ab786a544c1be03944mqcrt8gtwbaix1tq8p2e3vxim47neav,method=get,Authorization=,body= 
2022/06/22 03:18:40.578 [Debug 100 [msAPI] CommFunc Connect2WebService 47]---[Connect2WebService] url=https://stg-api.beanfun.com/v2/campaign/receive,method=Post,Authorization=ZN3FrwCvK5bvfD5bTeJcvtWLQWhfr6bGq/ojGzghTr0=,body={"campaignCode":"da3ceb0f9c144482acd81dad9807adc0","receiver":"1010003000810102711"} 
2022/06/22 03:18:40.687 [Debug 100 [msAPI] CommFunc Connect2WebService 47]---[Connect2WebService] HttpWebResponse(503)={"error":{"code":20014,"message":"UNAVAILABLE: 超過領取次數上限 (trace_id=d094c38007a346d0b0eb8d50fc6bed9b)"}} 
2022/06/22 03:18:42.859 [Debug 100 [msAPI] CommFunc Connect2WebService 47]---[Connect2WebService] url=https://stg-api.beanfun.com/v2/campaign/receive,method=Post,Authorization=ZN3FrwCvK5bvfD5bTeJcvtWLQWhfr6bGq/ojGzghTr0=,body={"campaignCode":"da3ceb0f9c144482acd81dad9807adc0","receiver":"1010003000810102711"} 
2022/06/22 03:18:42.984 [Debug 100 [msAPI] CommFunc Connect2WebService 47]---[Connect2WebService] HttpWebResponse(503)={"error":{"code":20014,"message":"UNAVAILABLE: 超過領取次數上限 (trace_id=89b5cfa707454a8ab6c64feb8fa3972d)"}} 
2022/06/22 03:18:52.203 [Debug 100 [msAPI] CommFunc Connect2WebService 49]---[Connect2WebService] url=https://stg-api.beanfun.com/v2/campaign/receive,method=Post,Authorization=4Th0Ze9D/U4hkB2rP+sbImMR4ayH2zit7Z1cyZTWhNo=,body={"campaignCode":"b5b741094bc74133bbcbe717632b46b7","receiver":"1010003000810102711"} 
2022/06/22 03:26:13.515 [Debug 100 [msAPI] CommFunc Connect2WebService 41]---[Connect2WebService] url=https://stg-api.beanfun.com/v1/openid/token/verification?token=d32908b79a8746b9b84eea93b3bfb0acv08oen48k4h4x2kdiugjc2gr6800qpqj,method=get,Authorization=,body= 
2022/06/22 03:26:13.608 [Debug 100 [msAPI] CommFunc Connect2WebService 46]---[Connect2WebService] url=https://stg-api.beanfun.com/v1/openid/token/verification?token=f2303a9fa08f460ab79811ab602147ecoephba5s75zpr3s6nkr1o16ia5xrtdfo,method=get,Authorization=,body= 
2022/06/22 03:31:23.421 [Debug 100 [msAPI] CommFunc Connect2WebService 46]---[Connect2WebService] url=https://stg-api.beanfun.com/v2/campaign/receive,method=Post,Authorization=t+uCctFKlbf8UQPLTRNL2+68LALqUdsWrPGPXN0O6d4=,body={"campaignCode":"da3ceb0f9c144482acd81dad9807adc0","receiver":"400635219046060032"} 
2022/06/22 03:31:38.390 [Debug 100 [msAPI] CommFunc Connect2WebService 45]---[Connect2WebService] url=https://stg-api.beanfun.com/v2/campaign/receive,method=Post,Authorization=Mx9E/aY1c1bZOYmNCwvZomSvtkS36NYif9ecLpuGMrY=,body={"campaignCode":"da3ceb0f9c144482acd81dad9807adc0","receiver":"2216610273928679424"} 
2022/06/22 03:31:38.499 [Debug 100 [msAPI] CommFunc Connect2WebService 45]---[Connect2WebService] HttpWebResponse(503)={"error":{"code":20014,"message":"UNAVAILABLE: 超過領取次數上限 (trace_id=bfa15ace008d47aa88bf0f7aaea68900)"}} 
2022/06/22 03:32:24.812 [Debug 100 [msAPI] CommFunc Connect2WebService 36]---[Connect2WebService] url=https://stg-api.beanfun.com/oauth2/v1/token,method=post,Authorization=c15489c1221846d38a7c2a4bba1a6168_oat,body={"grant_type":"authorization_code","code":"BNQFeWoG0k","redirect_uri":"https://stg-gamafun.beanfun.com"} 
2022/06/22 03:32:28.155 [Debug 100 [msAPI] CommFunc Connect2WebService 46]---[Connect2WebService] url=https://stg-api.beanfun.com/v2/campaign/receive,method=Post,Authorization=t+uCctFKlbf8UQPLTRNL2+68LALqUdsWrPGPXN0O6d4=,body={"campaignCode":"da3ceb0f9c144482acd81dad9807adc0","receiver":"400635219046060032"} 
2022/06/22 03:32:28.280 [Debug 100 [msAPI] CommFunc Connect2WebService 46]---[Connect2WebService] HttpWebResponse(503)={"error":{"code":20014,"message":"UNAVAILABLE: 超過領取次數上限 (trace_id=6a2f461316d6442baf861c6e740a824b)"}} 
2022/06/22 03:32:45.046 [Debug 100 [msAPI] CommFunc Connect2WebService 36]---[Connect2WebService] url=https://stg-api.beanfun.com/v2/campaign/receive,method=Post,Authorization=Mx9E/aY1c1bZOYmNCwvZomSvtkS36NYif9ecLpuGMrY=,body={"campaignCode":"da3ceb0f9c144482acd81dad9807adc0","receiver":"2216610273928679424"} 
2022/06/22 03:32:45.155 [Debug 100 [msAPI] CommFunc Connect2WebService 36]---[Connect2WebService] HttpWebResponse(503)={"error":{"code":20014,"message":"UNAVAILABLE: 超過領取次數上限 (trace_id=0b7ade6392b74991bb54e379a35c0216)"}} 
2022/06/22 03:32:48.827 [Debug 100 [msAPI] CommFunc Connect2WebService 46]---[Connect2WebService] url=https://stg-api.beanfun.com/v2/campaign/receive,method=Post,Authorization=Mx9E/aY1c1bZOYmNCwvZomSvtkS36NYif9ecLpuGMrY=,body={"campaignCode":"da3ceb0f9c144482acd81dad9807adc0","receiver":"2216610273928679424"} 
2022/06/22 03:32:48.937 [Debug 100 [msAPI] CommFunc Connect2WebService 46]---[Connect2WebService] HttpWebResponse(503)={"error":{"code":20014,"message":"UNAVAILABLE: 超過領取次數上限 (trace_id=477711a40d1247f5984278e3eddd45b4)"}} 
2022/06/22 03:32:58.718 [Debug 100 [msAPI] CommFunc Connect2WebService 46]---[Connect2WebService] url=https://stg-api.beanfun.com/v2/campaign/receive,method=Post,Authorization=Mx9E/aY1c1bZOYmNCwvZomSvtkS36NYif9ecLpuGMrY=,body={"campaignCode":"da3ceb0f9c144482acd81dad9807adc0","receiver":"2216610273928679424"} 
2022/06/22 03:32:58.827 [Debug 100 [msAPI] CommFunc Connect2WebService 46]---[Connect2WebService] HttpWebResponse(503)={"error":{"code":20014,"message":"UNAVAILABLE: 超過領取次數上限 (trace_id=de6af6ad0ed24478bdfef94d9b65fef8)"}} 
2022/06/22 03:33:01.515 [Debug 100 [msAPI] CommFunc Connect2WebService 46]---[Connect2WebService] url=https://stg-api.beanfun.com/v1/openid/token/verification?token=094f0c13c2a9491089be61ec01cf07e91ara6eqaw8ksf07684cg0fs0nfmhieq9,method=get,Authorization=,body= 
2022/06/22 03:33:01.530 [Debug 100 [msAPI] CommFunc Connect2WebService 36]---[Connect2WebService] url=https://stg-api.beanfun.com/v1/openid/token/verification?token=269547a255a54448aa65fe4f155898d8i5o7qb5hxrxvddk9yaly93phl4f2t9nr,method=get,Authorization=,body= 
2022/06/22 03:33:07.468 [Debug 100 [msAPI] CommFunc Connect2WebService 36]---[Connect2WebService] url=https://stg-api.beanfun.com/v2/campaign/receive,method=Post,Authorization=pLt5x6u1IHilSf05MiF2Gq2Mq7HI1MBPnhzKS7U1+Rg=,body={"campaignCode":"b5b741094bc74133bbcbe717632b46b7","receiver":"2216610273928679424"} 
2022/06/22 03:33:14.046 [Debug 100 [msAPI] CommFunc Connect2WebService 36]---[Connect2WebService] url=https://stg-api.beanfun.com/v2/campaign/receive,method=Post,Authorization=NBc4vu5t6r1AuVlMT6u8eqKa3uY+nnUA9VU6BltLyjI=,body={"campaignCode":"3323f9e2ced64ed1a65ee44477dc6bd1","receiver":"2216610273928679424"} 
2022/06/22 03:33:20.405 [Debug 100 [msAPI] CommFunc Connect2WebService 46]---[Connect2WebService] url=https://stg-api.beanfun.com/v2/campaign/receive,method=Post,Authorization=i7KpAx+wA0pGDuZ1Dww+Oga6qMfis6Zq+W3NKm1ya6c=,body={"campaignCode":"1a4030a9a46b44c4b57671cf4c7fe14a","receiver":"2216610273928679424"} 
2022/06/22 03:33:35.952 [Debug 100 [msAPI] CommFunc Connect2WebService 34]---[Connect2WebService] url=https://stg-api.beanfun.com/v2/campaign/receive,method=Post,Authorization=WiTj7oCmVTyoaV0RQnpkiy8UNdoHMo7G5DrVW3oKrUg=,body={"campaignCode":"44ed54fd21fa4b46b82b45db270eec25","receiver":"2216610273928679424"} 
2022/06/22 03:33:41.765 [Debug 100 [msAPI] CommFunc Connect2WebService 34]---[Connect2WebService] url=https://stg-api.beanfun.com/v2/campaign/receive,method=Post,Authorization=5gPabDK78je5ce3jLnYqB8/AjJPb7kqNc3Bw5zjCbts=,body={"campaignCode":"19d8f88b2a2245e9b48a4426f66a1930","receiver":"2216610273928679424"} 
2022/06/22 03:38:33.358 [Debug 100 [msAPI] CommFunc Connect2WebService 32]---[Connect2WebService] url=https://stg-api.beanfun.com/v2/campaign/receive,method=Post,Authorization=5gPabDK78je5ce3jLnYqB8/AjJPb7kqNc3Bw5zjCbts=,body={"campaignCode":"19d8f88b2a2245e9b48a4426f66a1930","receiver":"2216610273928679424"} 
2022/06/22 03:42:45.108 [Debug 100 [msAPI] CommFunc Connect2WebService 28]---[Connect2WebService] url=https://stg-api.beanfun.com/v2/campaign/receive,method=Post,Authorization=Mx9E/aY1c1bZOYmNCwvZomSvtkS36NYif9ecLpuGMrY=,body={"campaignCode":"da3ceb0f9c144482acd81dad9807adc0","receiver":"2216610273928679424"} 
2022/06/22 03:42:45.467 [Debug 100 [msAPI] CommFunc Connect2WebService 28]---[Connect2WebService] HttpWebResponse(503)={"error":{"code":20014,"message":"UNAVAILABLE: 超過領取次數上限 (trace_id=9c1ad04084634a33a1be8e4c63b15745)"}} 
2022/06/22 03:42:53.639 [Debug 100 [msAPI] CommFunc Connect2WebService 34]---[Connect2WebService] url=https://stg-api.beanfun.com/v2/campaign/receive,method=Post,Authorization=Mx9E/aY1c1bZOYmNCwvZomSvtkS36NYif9ecLpuGMrY=,body={"campaignCode":"da3ceb0f9c144482acd81dad9807adc0","receiver":"2216610273928679424"} 
2022/06/22 03:42:53.749 [Debug 100 [msAPI] CommFunc Connect2WebService 34]---[Connect2WebService] HttpWebResponse(503)={"error":{"code":20014,"message":"UNAVAILABLE: 超過領取次數上限 (trace_id=907434596b094efead105c334aefa9ec)"}} 
2022/06/22 03:43:20.514 [Debug 100 [msAPI] CommFunc Connect2WebService 34]---[Connect2WebService] url=https://stg-api.beanfun.com/v1/openid/token/verification?token=99f8b011663d4af5baa51ce7c95116767lu1bix4a4ntqooh85od9hs4siyvqbfh,method=get,Authorization=,body= 
2022/06/22 03:43:20.545 [Debug 100 [msAPI] CommFunc Connect2WebService 28]---[Connect2WebService] url=https://stg-api.beanfun.com/v1/openid/token/verification?token=750b4d5bcc544c40a11a94338249749ba3mun4dfowgctj67snkwpf73zoavp7k1,method=get,Authorization=,body= 
2022/06/22 03:58:58.515 [Debug 100 [msAPI] CommFunc Connect2WebService 13]---[Connect2WebService] url=https://stg-api.beanfun.com/oauth2/v1/token,method=post,Authorization=c15489c1221846d38a7c2a4bba1a6168_oat,body={"grant_type":"authorization_code","code":"Tf36onU91V","redirect_uri":"https://stg-gamafun.beanfun.com"} 
2022/06/22 04:00:51.703 [Debug 100 [msAPI] CommFunc Connect2WebService 9]---[Connect2WebService] url=https://stg-api.beanfun.com/v1/openid/token/verification?token=1e8f376fff3048b69c8ec96c7a0c72a8tmihb0r72nuuwaukpb9iiu8ez53rjy5a,method=get,Authorization=,body= 
2022/06/22 04:00:51.734 [Debug 100 [msAPI] CommFunc Connect2WebService 15]---[Connect2WebService] url=https://stg-api.beanfun.com/v1/openid/token/verification?token=062b8a29ce944b31bacf9b5783d178c2akoiv9zfnqad2zr9mc98guj2iai1usz5,method=get,Authorization=,body= 
2022/06/22 04:04:25.484 [Debug 100 [msAPI] CommFunc Connect2WebService 15]---[Connect2WebService] url=https://stg-api.beanfun.com/oauth2/v1/token,method=post,Authorization=c15489c1221846d38a7c2a4bba1a6168_oat,body={"grant_type":"authorization_code","code":"3tugDnwT6N","redirect_uri":"https://stg-gamafun.beanfun.com"} 
2022/06/22 04:04:59.734 [Debug 100 [msAPI] CommFunc Connect2WebService 15]---[Connect2WebService] url=https://stg-api.beanfun.com/oauth2/v1/token,method=post,Authorization=c15489c1221846d38a7c2a4bba1a6168_oat,body={"grant_type":"authorization_code","code":"ioKxXagoT4","redirect_uri":"https://stg-gamafun.beanfun.com"} 
2022/06/22 04:07:36.390 [Debug 100 [msAPI] CommFunc Connect2WebService 11]---[Connect2WebService] url=https://stg-api.beanfun.com/oauth2/v1/token,method=post,Authorization=c15489c1221846d38a7c2a4bba1a6168_oat,body={"grant_type":"authorization_code","code":"MkGwhOXhkm","redirect_uri":"https://stg-gamafun.beanfun.com"} 
2022/06/22 04:07:56.484 [Debug 100 [msAPI] CommFunc Connect2WebService 11]---[Connect2WebService] url=https://stg-api.beanfun.com/oauth2/v1/token,method=post,Authorization=c15489c1221846d38a7c2a4bba1a6168_oat,body={"grant_type":"authorization_code","code":"ZWlGt9TIRO","redirect_uri":"https://stg-gamafun.beanfun.com"} 
2022/06/22 04:22:09.453 [Debug 100 [msAPI] CommFunc Connect2WebService 28]---[Connect2WebService] url=https://stg-api.beanfun.com/oauth2/v1/token,method=post,Authorization=c15489c1221846d38a7c2a4bba1a6168_oat,body={"grant_type":"authorization_code","code":"WyBmqj1nhI","redirect_uri":"https://stg-gamafun.beanfun.com"} 
2022/06/22 04:29:53.265 [Debug 100 [msAPI] CommFunc Connect2WebService 31]---[Connect2WebService] url=https://stg-api.beanfun.com/v1/openid/token/verification?token=bf298a2e7db047819b49f3d0f2b76991vmzvst2d2d601m61u444esfg7l2vv23i,method=get,Authorization=,body= 
2022/06/22 04:29:53.296 [Debug 100 [msAPI] CommFunc Connect2WebService 34]---[Connect2WebService] url=https://stg-api.beanfun.com/v1/openid/token/verification?token=858c2d163d3646acbe101ea051f18faevqmuhy4zmmga5o4s5y9y89758gy2aqor,method=get,Authorization=,body= 
2022/06/22 04:35:11.109 [Debug 100 [msAPI] CommFunc Connect2WebService 34]---[Connect2WebService] url=https://stg-api.beanfun.com/oauth2/v1/token,method=post,Authorization=c15489c1221846d38a7c2a4bba1a6168_oat,body={"grant_type":"authorization_code","code":"zmhiu5KaqB","redirect_uri":"https://stg-gamafun.beanfun.com"} 
2022/06/22 04:38:51.280 [Debug 100 [msAPI] CommFunc Connect2WebService 43]---[Connect2WebService] url=https://stg-api.beanfun.com/v1/openid/token/verification?token=69c0db42fd424ef3811b498f49d398bfawvwrd35cpr2djfeeug89deveosuq1ry,method=get,Authorization=,body= 
2022/06/22 04:38:51.280 [Debug 100 [msAPI] CommFunc Connect2WebService 34]---[Connect2WebService] url=https://stg-api.beanfun.com/v1/openid/token/verification?token=7d1d191f132d47a8889bcd2c5865c2d203p41cltwz71mh7nzhh9t369dmyqg16d,method=get,Authorization=,body= 
2022/06/22 04:42:38.655 [Debug 100 [msAPI] CommFunc Connect2WebService 40]---[Connect2WebService] url=https://stg-api.beanfun.com/v1/openid/token/verification?token=7090032bd75d40ff907fcda47ac909c8jt3iws2zurplzx37qay0x6st92mwznpw,method=get,Authorization=,body= 
2022/06/22 04:42:38.686 [Debug 100 [msAPI] CommFunc Connect2WebService 43]---[Connect2WebService] url=https://stg-api.beanfun.com/v1/openid/token/verification?token=2207b66700ac4512bf11f884a9990004c222fys5d263ycbvmum3n4ew3w7g0gd1,method=get,Authorization=,body= 
2022/06/22 04:46:19.203 [Debug 100 [msAPI] CommFunc Connect2WebService 53]---[Connect2WebService] url=https://stg-api.beanfun.com/oauth2/v1/token,method=post,Authorization=c15489c1221846d38a7c2a4bba1a6168_oat,body={"grant_type":"authorization_code","code":"4EAfUQKHqx","redirect_uri":"https://stg-gamafun.beanfun.com"} 
2022/06/22 04:46:35.734 [Debug 100 [msAPI] CommFunc Connect2WebService 53]---[Connect2WebService] url=https://stg-api.beanfun.com/v2/campaign/receive,method=Post,Authorization=ZkUJFJi4dMC/FxzcXPMwitF0QGx2qYGHFysITPgo0h4=,body={"campaignCode":"672ec54250a049f48638d306449e02f4","receiver":"2146214204451852288"} 
2022/06/22 04:46:35.828 [Debug 100 [msAPI] CommFunc Connect2WebService 53]---[Connect2WebService] HttpWebResponse(503)={"error":{"code":20014,"message":"UNAVAILABLE: 獎項已發送完畢 (trace_id=e09f5786942f427e83153356f9601807)"}} 
2022/06/22 04:46:43.828 [Debug 100 [msAPI] CommFunc Connect2WebService 40]---[Connect2WebService] url=https://stg-api.beanfun.com/v2/campaign/receive,method=Post,Authorization=e8/n9Kb5c0dcg4OtzGJp/SyZa5E9iVKCLV+H3xELtGM=,body={"campaignCode":"da3ceb0f9c144482acd81dad9807adc0","receiver":"2146214204451852288"} 
2022/06/22 04:47:25.874 [Debug 100 [msAPI] CommFunc Connect2WebService 53]---[Connect2WebService] url=https://stg-api.beanfun.com/v2/campaign/receive,method=Post,Authorization=NhBPIwv9Dhfe5unW0nWO54vaz2MgzHTN3VIMcC6nvzY=,body={"campaignCode":"1a4030a9a46b44c4b57671cf4c7fe14a","receiver":"2146214204451852288"} 
2022/06/22 04:48:33.437 [Debug 100 [msAPI] CommFunc Connect2WebService 57]---[Connect2WebService] url=https://stg-api.beanfun.com/oauth2/v1/token,method=post,Authorization=c15489c1221846d38a7c2a4bba1a6168_oat,body={"grant_type":"authorization_code","code":"6z8AUwpHCt","redirect_uri":"https://stg-gamafun.beanfun.com"} 
2022/06/22 04:51:10.765 [Debug 100 [msAPI] CommFunc Connect2WebService 58]---[Connect2WebService] url=https://stg-api.beanfun.com/v2/campaign/receive,method=Post,Authorization=8ePCRLdxSNPBUnvIiA1CAnAJlif968AI2uwaWHCgbsI=,body={"campaignCode":"9c014fbbf794402f82fc27741481cbcf","receiver":"1010007000020102703"} 
2022/06/22 04:59:42.968 [Debug 100 [msAPI] CommFunc Connect2WebService 68]---[Connect2WebService] url=https://stg-api.beanfun.com/v1/openid/token/verification?token=5be43db0d5fc4a5b99cb2188da7ce65eg1frh9e4ndq15k6ukznvp8gyu9gq4obb,method=get,Authorization=,body= 
2022/06/22 05:07:58.343 [Debug 100 [msAPI] CommFunc Connect2WebService 71]---[Connect2WebService] url=https://stg-api.beanfun.com/oauth2/v1/token,method=post,Authorization=c15489c1221846d38a7c2a4bba1a6168_oat,body={"grant_type":"authorization_code","code":"CTmpUipdko","redirect_uri":"https://stg-gamafun.beanfun.com"} 
2022/06/22 05:08:22.407 [Debug 100 [msAPI] CommFunc Connect2WebService 68]---[Connect2WebService] url=https://stg-api.beanfun.com/v2/campaign/receive,method=Post,Authorization=9nYNaieaALkQ8Vn/XkDeXPWj81N4RvjIJS4vIkGxJoQ=,body={"campaignCode":"da3ceb0f9c144482acd81dad9807adc0","receiver":"1010007000816002404"} 
2022/06/22 05:08:24.155 [Debug 100 [msAPI] CommFunc Connect2WebService 71]---[Connect2WebService] url=https://stg-api.beanfun.com/v1/openid/token/verification?token=46c17ef6f8ed481680bb8eca6c7b828bcta1gd1i0cq20yubg2v8nethdwuwfwsr,method=get,Authorization=,body= 
2022/06/22 05:14:23.796 [Debug 100 [msAPI] CommFunc Connect2WebService 69]---[Connect2WebService] url=https://stg-api.beanfun.com/oauth2/v1/token,method=post,Authorization=c15489c1221846d38a7c2a4bba1a6168_oat,body={"grant_type":"authorization_code","code":"hSOuACUSlu","redirect_uri":"https://stg-gamafun.beanfun.com"} 
2022/06/22 05:15:13.718 [Debug 100 [msAPI] CommFunc Connect2WebService 68]---[Connect2WebService] url=https://stg-api.beanfun.com/oauth2/v1/token,method=post,Authorization=c15489c1221846d38a7c2a4bba1a6168_oat,body={"grant_type":"authorization_code","code":"3FctFoWHQ1","redirect_uri":"https://stg-gamafun.beanfun.com"} 
2022/06/22 05:20:34.702 [Debug 100 [msAPI] CommFunc Connect2WebService 71]---[Connect2WebService] url=https://stg-api.beanfun.com/v2/campaign/receive,method=Post,Authorization=9nYNaieaALkQ8Vn/XkDeXPWj81N4RvjIJS4vIkGxJoQ=,body={"campaignCode":"da3ceb0f9c144482acd81dad9807adc0","receiver":"1010007000816002404"} 
2022/06/22 05:20:35.077 [Debug 100 [msAPI] CommFunc Connect2WebService 71]---[Connect2WebService] HttpWebResponse(503)={"error":{"code":20014,"message":"UNAVAILABLE: 超過領取次數上限 (trace_id=cad0fa2e9e9345e790eab0173a17ad25)"}} 
2022/06/22 05:20:37.421 [Debug 100 [msAPI] CommFunc Connect2WebService 72]---[Connect2WebService] url=https://stg-api.beanfun.com/v2/campaign/receive,method=Post,Authorization=9nYNaieaALkQ8Vn/XkDeXPWj81N4RvjIJS4vIkGxJoQ=,body={"campaignCode":"da3ceb0f9c144482acd81dad9807adc0","receiver":"1010007000816002404"} 
2022/06/22 05:20:37.531 [Debug 100 [msAPI] CommFunc Connect2WebService 72]---[Connect2WebService] HttpWebResponse(503)={"error":{"code":20014,"message":"UNAVAILABLE: 超過領取次數上限 (trace_id=e6f9553634af4e8fbcf43d8f12d4e580)"}} 
2022/06/22 05:20:47.734 [Debug 100 [msAPI] CommFunc Connect2WebService 66]---[Connect2WebService] url=https://stg-api.beanfun.com/v2/campaign/receive,method=Post,Authorization=9nYNaieaALkQ8Vn/XkDeXPWj81N4RvjIJS4vIkGxJoQ=,body={"campaignCode":"da3ceb0f9c144482acd81dad9807adc0","receiver":"1010007000816002404"} 
2022/06/22 05:20:47.843 [Debug 100 [msAPI] CommFunc Connect2WebService 66]---[Connect2WebService] HttpWebResponse(503)={"error":{"code":20014,"message":"UNAVAILABLE: 超過領取次數上限 (trace_id=4f884149f2a64dc3b672671235bd935f)"}} 
2022/06/22 05:21:12.093 [Debug 100 [msAPI] CommFunc Connect2WebService 68]---[Connect2WebService] url=https://stg-api.beanfun.com/v2/campaign/receive,method=Post,Authorization=9nYNaieaALkQ8Vn/XkDeXPWj81N4RvjIJS4vIkGxJoQ=,body={"campaignCode":"da3ceb0f9c144482acd81dad9807adc0","receiver":"1010007000816002404"} 
2022/06/22 05:21:12.218 [Debug 100 [msAPI] CommFunc Connect2WebService 68]---[Connect2WebService] HttpWebResponse(503)={"error":{"code":20014,"message":"UNAVAILABLE: 超過領取次數上限 (trace_id=588915c29d064111b972f5c2109a350b)"}} 
2022/06/22 05:21:26.046 [Debug 100 [msAPI] CommFunc Connect2WebService 72]---[Connect2WebService] url=https://stg-api.beanfun.com/v2/campaign/receive,method=Post,Authorization=g9Oa2v8pjstsT+VCcWQTRlKwucUJwC8AZdgLA3ES4/8=,body={"campaignCode":"19d8f88b2a2245e9b48a4426f66a1930","receiver":"1010007000816002404"} 
2022/06/22 05:22:07.624 [Debug 100 [msAPI] CommFunc Connect2WebService 66]---[Connect2WebService] url=https://stg-api.beanfun.com/v2/campaign/receive,method=Post,Authorization=AOPzxpTSwB+42o4IqzU82mEOpWQf7T6Oj2Yj2r7TmsE=,body={"campaignCode":"1a4030a9a46b44c4b57671cf4c7fe14a","receiver":"1010007000816002404"} 
2022/06/22 05:22:15.656 [Debug 100 [msAPI] CommFunc Connect2WebService 71]---[Connect2WebService] url=https://stg-api.beanfun.com/v2/campaign/receive,method=Post,Authorization=fTtx6nmobgTcyGOGuWb06atasihiu6HAVAgGcmguxYQ=,body={"campaignCode":"3323f9e2ced64ed1a65ee44477dc6bd1","receiver":"1010007000816002404"} 
2022/06/22 05:23:12.343 [Debug 100 [msAPI] CommFunc Connect2WebService 68]---[Connect2WebService] url=https://stg-api.beanfun.com/v2/campaign/receive,method=Post,Authorization=9nYNaieaALkQ8Vn/XkDeXPWj81N4RvjIJS4vIkGxJoQ=,body={"campaignCode":"da3ceb0f9c144482acd81dad9807adc0","receiver":"1010007000816002404"} 
2022/06/22 05:23:12.452 [Debug 100 [msAPI] CommFunc Connect2WebService 68]---[Connect2WebService] HttpWebResponse(503)={"error":{"code":20014,"message":"UNAVAILABLE: 超過領取次數上限 (trace_id=f5902fb5b1b14b029485536a54146221)"}} 
2022/06/22 05:23:14.405 [Debug 100 [msAPI] CommFunc Connect2WebService 71]---[Connect2WebService] url=https://stg-api.beanfun.com/v2/campaign/receive,method=Post,Authorization=9nYNaieaALkQ8Vn/XkDeXPWj81N4RvjIJS4vIkGxJoQ=,body={"campaignCode":"da3ceb0f9c144482acd81dad9807adc0","receiver":"1010007000816002404"} 
2022/06/22 05:23:14.530 [Debug 100 [msAPI] CommFunc Connect2WebService 71]---[Connect2WebService] HttpWebResponse(503)={"error":{"code":20014,"message":"UNAVAILABLE: 超過領取次數上限 (trace_id=8858d6d4c3ce41f6a0080cc00f6417ae)"}} 
2022/06/22 05:23:25.796 [Debug 100 [msAPI] CommFunc Connect2WebService 68]---[Connect2WebService] url=https://stg-api.beanfun.com/oauth2/v1/token,method=post,Authorization=c15489c1221846d38a7c2a4bba1a6168_oat,body={"grant_type":"authorization_code","code":"REX7yDdQvq","redirect_uri":"https://stg-gamafun.beanfun.com"} 
2022/06/22 05:24:05.452 [Debug 100 [msAPI] CommFunc Connect2WebService 71]---[Connect2WebService] url=https://stg-api.beanfun.com/v2/campaign/receive,method=Post,Authorization=9nYNaieaALkQ8Vn/XkDeXPWj81N4RvjIJS4vIkGxJoQ=,body={"campaignCode":"da3ceb0f9c144482acd81dad9807adc0","receiver":"1010007000816002404"} 
2022/06/22 05:24:05.562 [Debug 100 [msAPI] CommFunc Connect2WebService 71]---[Connect2WebService] HttpWebResponse(503)={"error":{"code":20014,"message":"UNAVAILABLE: 超過領取次數上限 (trace_id=57c6418733924935ac7a85a34aa66c90)"}} 
2022/06/22 05:24:24.984 [Debug 100 [msAPI] CommFunc Connect2WebService 72]---[Connect2WebService] url=https://stg-api.beanfun.com/v2/campaign/receive,method=Post,Authorization=9nYNaieaALkQ8Vn/XkDeXPWj81N4RvjIJS4vIkGxJoQ=,body={"campaignCode":"da3ceb0f9c144482acd81dad9807adc0","receiver":"1010007000816002404"} 
2022/06/22 05:24:25.093 [Debug 100 [msAPI] CommFunc Connect2WebService 72]---[Connect2WebService] HttpWebResponse(503)={"error":{"code":20014,"message":"UNAVAILABLE: 超過領取次數上限 (trace_id=5f10276af5584be88447820bf56b2bb9)"}} 
2022/06/22 05:24:28.296 [Debug 100 [msAPI] CommFunc Connect2WebService 68]---[Connect2WebService] url=https://stg-api.beanfun.com/v2/campaign/receive,method=Post,Authorization=9nYNaieaALkQ8Vn/XkDeXPWj81N4RvjIJS4vIkGxJoQ=,body={"campaignCode":"da3ceb0f9c144482acd81dad9807adc0","receiver":"1010007000816002404"} 
2022/06/22 05:24:28.421 [Debug 100 [msAPI] CommFunc Connect2WebService 68]---[Connect2WebService] HttpWebResponse(503)={"error":{"code":20014,"message":"UNAVAILABLE: 超過領取次數上限 (trace_id=0bfcae1bee0e47198f395b939ea3846f)"}} 
2022/06/22 05:25:33.374 [Debug 100 [msAPI] CommFunc Connect2WebService 66]---[Connect2WebService] url=https://stg-api.beanfun.com/v2/campaign/receive,method=Post,Authorization=9nYNaieaALkQ8Vn/XkDeXPWj81N4RvjIJS4vIkGxJoQ=,body={"campaignCode":"da3ceb0f9c144482acd81dad9807adc0","receiver":"1010007000816002404"} 
2022/06/22 05:25:33.499 [Debug 100 [msAPI] CommFunc Connect2WebService 66]---[Connect2WebService] HttpWebResponse(503)={"error":{"code":20014,"message":"UNAVAILABLE: 超過領取次數上限 (trace_id=c7472e7984c54bd18b898d6c29e91b72)"}} 
2022/06/22 05:25:46.296 [Debug 100 [msAPI] CommFunc Connect2WebService 66]---[Connect2WebService] url=https://stg-api.beanfun.com/v2/campaign/receive,method=Post,Authorization=9nYNaieaALkQ8Vn/XkDeXPWj81N4RvjIJS4vIkGxJoQ=,body={"campaignCode":"da3ceb0f9c144482acd81dad9807adc0","receiver":"1010007000816002404"} 
2022/06/22 05:25:46.421 [Debug 100 [msAPI] CommFunc Connect2WebService 66]---[Connect2WebService] HttpWebResponse(503)={"error":{"code":20014,"message":"UNAVAILABLE: 超過領取次數上限 (trace_id=61566e0f396f4e158b490bbf55474691)"}} 
2022/06/22 05:25:53.702 [Debug 100 [msAPI] CommFunc Connect2WebService 72]---[Connect2WebService] url=https://stg-api.beanfun.com/oauth2/v1/token,method=post,Authorization=c15489c1221846d38a7c2a4bba1a6168_oat,body={"grant_type":"authorization_code","code":"OzQmRXOxX8","redirect_uri":"https://stg-gamafun.beanfun.com"} 
2022/06/22 05:29:46.468 [Debug 100 [msAPI] CommFunc Connect2WebService 69]---[Connect2WebService] url=https://stg-api.beanfun.com/v2/campaign/receive,method=Post,Authorization=Qk70zPvONWYGJFSgQIyKoH9CBN9y6WB6Xd/v4lbw2h8=,body={"campaignCode":"da3ceb0f9c144482acd81dad9807adc0","receiver":"1010006000816002412"} 
2022/06/22 05:33:20.124 [Debug 100 [msAPI] CommFunc Connect2WebService 62]---[Connect2WebService] url=https://stg-api.beanfun.com/oauth2/v1/token,method=post,Authorization=c15489c1221846d38a7c2a4bba1a6168_oat,body={"grant_type":"authorization_code","code":"rKfm3ny9GF","redirect_uri":"https://stg-gamafun.beanfun.com"} 
2022/06/22 05:40:46.967 [Debug 100 [msAPI] CommFunc Connect2WebService 59]---[Connect2WebService] url=https://stg-api.beanfun.com/oauth2/v1/token,method=post,Authorization=c15489c1221846d38a7c2a4bba1a6168_oat,body={"grant_type":"authorization_code","code":"QCRkMXRxd8","redirect_uri":"https://stg-gamafun.beanfun.com"} 
2022/06/22 05:44:54.234 [Debug 100 [msAPI] CommFunc Connect2WebService 40]---[Connect2WebService] url=https://stg-api.beanfun.com/v1/openid/token/verification?token=c6218d2f2f2142908c8c5c50180b11edvp24pmwtkugewbzxsjlfub7ayju32an6,method=get,Authorization=,body= 
2022/06/22 05:46:25.750 [Debug 100 [msAPI] CommFunc Connect2WebService 49]---[Connect2WebService] url=https://stg-api.beanfun.com/oauth2/v1/token,method=post,Authorization=c15489c1221846d38a7c2a4bba1a6168_oat,body={"grant_type":"authorization_code","code":"IPyNdEbQia","redirect_uri":"https://stg-gamafun.beanfun.com"} 
2022/06/22 05:59:45.609 [Debug 100 [msAPI] CommFunc Connect2WebService 39]---[Connect2WebService] url=https://stg-api.beanfun.com/oauth2/v1/token,method=post,Authorization=c15489c1221846d38a7c2a4bba1a6168_oat,body={"grant_type":"authorization_code","code":"KzysXC1Szq","redirect_uri":"https://stg-gamafun.beanfun.com"} 
2022/06/22 06:00:00.171 [Debug 100 [msAPI] CommFunc Connect2WebService 43]---[Connect2WebService] url=https://stg-api.beanfun.com/oauth2/v1/token,method=post,Authorization=c15489c1221846d38a7c2a4bba1a6168_oat,body={"grant_type":"authorization_code","code":"7I6TctTznb","redirect_uri":"https://stg-gamafun.beanfun.com"} 
2022/06/22 06:01:08.437 [Debug 100 [msAPI] CommFunc Connect2WebService 38]---[Connect2WebService] url=https://stg-api.beanfun.com/v1/openid/token/verification?token=198b1e2e67594c2f86a9a281a51eee90oksy77atx2lsxybiyu4gw55lwtmy8cjy,method=get,Authorization=,body= 
2022/06/22 06:03:36.077 [Debug 100 [msAPI] CommFunc Connect2WebService 46]---[Connect2WebService] url=https://stg-api.beanfun.com/oauth2/v1/token,method=post,Authorization=c15489c1221846d38a7c2a4bba1a6168_oat,body={"grant_type":"authorization_code","code":"zTMTiAWhJ8","redirect_uri":"https://stg-gamafun.beanfun.com"} 
2022/06/22 06:06:36.030 [Debug 100 [msAPI] CommFunc Connect2WebService 47]---[Connect2WebService] url=https://stg-api.beanfun.com/oauth2/v1/token,method=post,Authorization=c15489c1221846d38a7c2a4bba1a6168_oat,body={"grant_type":"authorization_code","code":"ZWqAdQPR8Y","redirect_uri":"https://stg-gamafun.beanfun.com"} 
2022/06/22 06:26:48.156 [Debug 100 [msAPI] CommFunc Connect2WebService 63]---[Connect2WebService] url=https://stg-api.beanfun.com/v2/campaign/receive,method=Post,Authorization=fVp6+Q7pgYDMQZpds4W3Ao4+CFJHg7TGXYEem/kkwYY=,body={"campaignCode":"da3ceb0f9c144482acd81dad9807adc0","receiver":"2184338925294731264"} 
2022/06/22 06:30:26.015 [Debug 100 [msAPI] CommFunc Connect2WebService 33]---[Connect2WebService] url=https://stg-api.beanfun.com/v1/openid/token/verification?token=1b6319383c5148ab8084ae99a809eca505y21sqvjdtcserjyqrghtcq99iqindh,method=get,Authorization=,body= 
2022/06/22 06:30:26.062 [Debug 100 [msAPI] CommFunc Connect2WebService 63]---[Connect2WebService] url=https://stg-api.beanfun.com/v1/openid/token/verification?token=546dc1a62d234323802f7fec7429bb48mvke7vqfdc3c9yasmzshw9qea8we60q0,method=get,Authorization=,body= 
2022/06/22 06:31:57.437 [Debug 100 [msAPI] CommFunc Connect2WebService 30]---[Connect2WebService] url=https://stg-api.beanfun.com/oauth2/v1/token,method=post,Authorization=c15489c1221846d38a7c2a4bba1a6168_oat,body={"grant_type":"authorization_code","code":"osxSC4u44A","redirect_uri":"https://stg-gamafun.beanfun.com"} 
2022/06/22 06:35:17.843 [Debug 100 [msAPI] CommFunc Connect2WebService 33]---[Connect2WebService] url=https://stg-api.beanfun.com/oauth2/v1/token,method=post,Authorization=c15489c1221846d38a7c2a4bba1a6168_oat,body={"grant_type":"authorization_code","code":"9yyNfxTX2a","redirect_uri":"https://stg-gamafun.beanfun.com"} 
2022/06/22 06:37:00.827 [Debug 100 [msAPI] CommFunc Connect2WebService 28]---[Connect2WebService] url=https://stg-api.beanfun.com/v1/openid/token/verification?token=f662d6409e3a4af58cc8b5f5a1929f45owadg8aa4v858ambr13doxib82d8rczo,method=get,Authorization=,body= 
2022/06/22 06:37:01.015 [Debug 100 [msAPI] CommFunc Connect2WebService 24]---[Connect2WebService] url=https://stg-api.beanfun.com/v1/openid/token/verification?token=ef2b772ce1c34ca8ba083a1df28b1a0d1mmi16s5m13ne6qz865jsfpe7okih68l,method=get,Authorization=,body= 
2022/06/22 06:38:10.546 [Debug 100 [msAPI] CommFunc Connect2WebService 23]---[Connect2WebService] url=https://stg-api.beanfun.com/oauth2/v1/token,method=post,Authorization=c15489c1221846d38a7c2a4bba1a6168_oat,body={"grant_type":"authorization_code","code":"OsI3P0dmru","redirect_uri":"https://stg-gamafun.beanfun.com"} 
2022/06/22 06:39:27.046 [Debug 100 [msAPI] CommFunc Connect2WebService 28]---[Connect2WebService] url=https://stg-api.beanfun.com/oauth2/v1/token,method=post,Authorization=c15489c1221846d38a7c2a4bba1a6168_oat,body={"grant_type":"authorization_code","code":"ofqT3Ouc5c","redirect_uri":"https://stg-gamafun.beanfun.com"} 
2022/06/22 06:42:26.015 [Debug 100 [msAPI] CommFunc Connect2WebService 18]---[Connect2WebService] url=https://stg-api.beanfun.com/v1/openid/token/verification?token=2e94ce3860174510a19ecf94c2281529dd1xt6qq3k29hdjgn3ggsyxknckxcr17,method=get,Authorization=,body= 
2022/06/22 06:42:26.015 [Debug 100 [msAPI] CommFunc Connect2WebService 28]---[Connect2WebService] url=https://stg-api.beanfun.com/v1/openid/token/verification?token=60d1a7898bd6479c978408cb1addeba70ypklev444213bbb4y8kfec4izicfp73,method=get,Authorization=,body= 
2022/06/22 06:44:43.140 [Debug 100 [msAPI] CommFunc Connect2WebService 18]---[Connect2WebService] url=https://stg-api.beanfun.com/oauth2/v1/token,method=post,Authorization=c15489c1221846d38a7c2a4bba1a6168_oat,body={"grant_type":"authorization_code","code":"t517HFPn3g","redirect_uri":"https://stg-gamafun.beanfun.com"} 
2022/06/22 06:51:40.984 [Debug 100 [msAPI] CommFunc Connect2WebService 18]---[Connect2WebService] url=https://stg-api.beanfun.com/oauth2/v1/token,method=post,Authorization=c15489c1221846d38a7c2a4bba1a6168_oat,body={"grant_type":"authorization_code","code":"z5qDB0KB1r","redirect_uri":"https://stg-gamafun.beanfun.com"} 
2022/06/22 06:51:44.218 [Debug 100 [msAPI] CommFunc Connect2WebService 28]---[Connect2WebService] url=https://stg-api.beanfun.com/v2/campaign/receive,method=Post,Authorization=JD1olevBgImajsrhSvQYBcBtFZlaVd+jLKzMCq+Fhqk=,body={"campaignCode":"516ef7a2d1c94271935c415f5073e8c7","receiver":"2155683356090585088"} 
2022/06/22 06:53:41.875 [Debug 100 [msAPI] CommFunc Connect2WebService 28]---[Connect2WebService] url=https://stg-api.beanfun.com/v1/openid/token/verification?token=c41806cf23c34797bfe98c48d75eae7cq6bpo8f4nfesm5yx3kk53sp30u5fy4zc,method=get,Authorization=,body= 
2022/06/22 06:53:41.875 [Debug 100 [msAPI] CommFunc Connect2WebService 16]---[Connect2WebService] url=https://stg-api.beanfun.com/v1/openid/token/verification?token=08daf86ceb5645449057bc114a25ca38r74l9bpep0n4sprbidwl6yt09uzfqv7s,method=get,Authorization=,body= 
2022/06/22 06:59:28.484 [Debug 100 [msAPI] CommFunc Connect2WebService 8]---[Connect2WebService] url=https://stg-api.beanfun.com/v1/openid/token/verification?token=076c70e1f9c34e81bc90c169230481d0cryl4qn9z7xgegkge63byvaj6pi83op1,method=get,Authorization=,body= 
2022/06/22 07:04:53.155 [Debug 100 [msAPI] CommFunc Connect2WebService 16]---[Connect2WebService] url=https://stg-api.beanfun.com/oauth2/v1/token,method=post,Authorization=c15489c1221846d38a7c2a4bba1a6168_oat,body={"grant_type":"authorization_code","code":"9DrbZacl5P","redirect_uri":"https://stg-gamafun.beanfun.com"} 
2022/06/22 07:07:28.015 [Debug 100 [msAPI] CommFunc Connect2WebService 19]---[Connect2WebService] url=https://stg-api.beanfun.com/v1/openid/token/verification?token=107d206f5f244850a58192de6cfef1bbgs1ucuvqu1ck0pm59uybjmfm0vdxxy58,method=get,Authorization=,body= 
2022/06/22 07:07:28.093 [Debug 100 [msAPI] CommFunc Connect2WebService 18]---[Connect2WebService] url=https://stg-api.beanfun.com/v1/openid/token/verification?token=5bc38ca04c7f4926a681f5e8df2e6cd2collf1ua1xfq3rtmcw9js6hkyw93f08s,method=get,Authorization=,body= 
2022/06/22 07:07:57.890 [Debug 100 [msAPI] CommFunc Connect2WebService 16]---[Connect2WebService] url=https://stg-api.beanfun.com/v1/openid/token/verification?token=961a74b1c0234882abfad872d1173ec3eazu10al4ne6k3nej8emme8o91u0fr18,method=get,Authorization=,body= 
2022/06/22 07:07:57.890 [Debug 100 [msAPI] CommFunc Connect2WebService 19]---[Connect2WebService] url=https://stg-api.beanfun.com/v1/openid/token/verification?token=8386c62d8c8d46fcbcc81dd270a00d31x619yhkgexj25sez74r11z1ahw88uzfd,method=get,Authorization=,body= 
2022/06/22 07:09:02.530 [Debug 100 [msAPI] CommFunc Connect2WebService 23]---[Connect2WebService] url=https://stg-api.beanfun.com/v1/openid/token/verification?token=5fde76dbe41845f3871def4a6d222b090ytm7bkpxja1xkdcysbdqza9831145sr,method=get,Authorization=,body= 
2022/06/22 07:09:02.593 [Debug 100 [msAPI] CommFunc Connect2WebService 18]---[Connect2WebService] url=https://stg-api.beanfun.com/v1/openid/token/verification?token=1a3d3ad375104aa59127ee468b878378ov36pyfeffpq9erqiddkenj0z9f8s40q,method=get,Authorization=,body= 
2022/06/22 07:09:15.905 [Debug 100 [msAPI] CommFunc Connect2WebService 19]---[Connect2WebService] url=https://stg-api.beanfun.com/v1/openid/token/verification?token=5dfccac6b73247f686a74e3d947e01bfixlk5l8u823n52ivqvkuay2m1ex85ppp,method=get,Authorization=,body= 
2022/06/22 07:09:15.921 [Debug 100 [msAPI] CommFunc Connect2WebService 18]---[Connect2WebService] url=https://stg-api.beanfun.com/v1/openid/token/verification?token=ab40a3e931c54b88a559586883281a81x6h3re3n1nwag10rjb8emikmr2090264,method=get,Authorization=,body= 
2022/06/22 07:13:22.389 [Debug 100 [msAPI] CommFunc Connect2WebService 23]---[Connect2WebService] url=https://stg-api.beanfun.com/v1/openid/token/verification?token=bd9d21247c5e4abf92233e5fef9d899f844lnu6kyp9vbg5qw8xyjovu5stgxyt6,method=get,Authorization=,body= 
2022/06/22 07:15:01.156 [Debug 100 [msAPI] CommFunc Connect2WebService 23]---[Connect2WebService] url=https://stg-api.beanfun.com/oauth2/v1/token,method=post,Authorization=c15489c1221846d38a7c2a4bba1a6168_oat,body={"grant_type":"authorization_code","code":"Ldcqu9cJ5M","redirect_uri":"https://stg-gamafun.beanfun.com"} 
2022/06/22 07:15:56.484 [Debug 100 [msAPI] CommFunc Connect2WebService 24]---[Connect2WebService] url=https://stg-api.beanfun.com/oauth2/v1/token,method=post,Authorization=c15489c1221846d38a7c2a4bba1a6168_oat,body={"grant_type":"authorization_code","code":"Y8ey9qOPrI","redirect_uri":"https://stg-gamafun.beanfun.com"} 
2022/06/22 07:19:27.562 [Debug 100 [msAPI] CommFunc Connect2WebService 29]---[Connect2WebService] url=https://stg-api.beanfun.com/oauth2/v1/token,method=post,Authorization=c15489c1221846d38a7c2a4bba1a6168_oat,body={"grant_type":"authorization_code","code":"4RJvH4NyGg","redirect_uri":"https://stg-gamafun.beanfun.com"} 
2022/06/22 07:19:38.109 [Debug 100 [msAPI] CommFunc Connect2WebService 23]---[Connect2WebService] url=https://stg-api.beanfun.com/oauth2/v1/token,method=post,Authorization=c15489c1221846d38a7c2a4bba1a6168_oat,body={"grant_type":"authorization_code","code":"NYmXLB0SYi","redirect_uri":"https://stg-gamafun.beanfun.com"} 
2022/06/22 07:20:09.555 [Debug 100 [msAPI] CommFunc Connect2WebService 23]---[Connect2WebService] url=https://stg-api.beanfun.com/oauth2/v1/token,method=post,Authorization=c15489c1221846d38a7c2a4bba1a6168_oat,body={"grant_type":"authorization_code","code":"z4j0aSGoh0","redirect_uri":"https://stg-gamafun.beanfun.com"} 
2022/06/22 07:23:36.609 [Debug 100 [msAPI] CommFunc Connect2WebService 20]---[Connect2WebService] url=https://stg-api.beanfun.com/oauth2/v1/token,method=post,Authorization=c15489c1221846d38a7c2a4bba1a6168_oat,body={"grant_type":"authorization_code","code":"eKiWcMJYCc","redirect_uri":"https://stg-gamafun.beanfun.com"} 
2022/06/22 07:23:40.905 [Debug 100 [msAPI] CommFunc Connect2WebService 23]---[Connect2WebService] url=https://stg-api.beanfun.com/v2/campaign/receive,method=Post,Authorization=9nYNaieaALkQ8Vn/XkDeXPWj81N4RvjIJS4vIkGxJoQ=,body={"campaignCode":"da3ceb0f9c144482acd81dad9807adc0","receiver":"1010007000816002404"} 
2022/06/22 07:23:41.015 [Debug 100 [msAPI] CommFunc Connect2WebService 23]---[Connect2WebService] HttpWebResponse(503)={"error":{"code":20014,"message":"UNAVAILABLE: 超過領取次數上限 (trace_id=0cc6fb3eed6647fab8c235c8d2cb911e)"}} 
2022/06/22 07:23:55.827 [Debug 100 [msAPI] CommFunc Connect2WebService 20]---[Connect2WebService] url=https://stg-api.beanfun.com/v2/campaign/receive,method=Post,Authorization=fTtx6nmobgTcyGOGuWb06atasihiu6HAVAgGcmguxYQ=,body={"campaignCode":"3323f9e2ced64ed1a65ee44477dc6bd1","receiver":"1010007000816002404"} 
2022/06/22 07:25:09.702 [Debug 100 [msAPI] CommFunc Connect2WebService 20]---[Connect2WebService] url=https://stg-api.beanfun.com/oauth2/v1/token,method=post,Authorization=c15489c1221846d38a7c2a4bba1a6168_oat,body={"grant_type":"authorization_code","code":"f5bqzPoeAU","redirect_uri":"https://stg-gamafun.beanfun.com"} 
2022/06/22 07:25:39.671 [Error 999 [msAPI] UserService InviteCodeRecord 23]---[InviteCodeRecord] [失敗]  System.Data.SqlClient.SqlException (0x80131904): String or binary data would be truncated in table 'JK2U.dbo.InviteCodeLog', column 'invitecode'. Truncated value: 'ELSWORD202'.
The statement has been terminated.
   at System.Data.SqlClient.SqlConnection.OnError(SqlException exception, Boolean breakConnection, Action`1 wrapCloseInAction)
   at System.Data.SqlClient.TdsParser.ThrowExceptionAndWarning(TdsParserStateObject stateObj, Boolean callerHasConnectionLock, Boolean asyncClose)
   at System.Data.SqlClient.TdsParser.TryRun(RunBehavior runBehavior, SqlCommand cmdHandler, SqlDataReader dataStream, BulkCopySimpleResultSet bulkCopyHandler, TdsParserStateObject stateObj, Boolean& dataReady)
   at System.Data.SqlClient.SqlDataReader.TryConsumeMetaData()
   at System.Data.SqlClient.SqlDataReader.get_MetaData()
   at System.Data.SqlClient.SqlCommand.FinishExecuteReader(SqlDataReader ds, RunBehavior runBehavior, String resetOptionsString, Boolean isInternal, Boolean forDescribeParameterEncryption, Boolean shouldCacheForAlwaysEncrypted)
   at System.Data.SqlClient.SqlCommand.RunExecuteReaderTds(CommandBehavior cmdBehavior, RunBehavior runBehavior, Boolean returnStream, Boolean async, Int32 timeout, Task& task, Boolean asyncWrite, Boolean inRetry, SqlDataReader ds, Boolean describeParameterEncryptionRequest)
   at System.Data.SqlClient.SqlCommand.RunExecuteReader(CommandBehavior cmdBehavior, RunBehavior runBehavior, Boolean returnStream, String method, TaskCompletionSource`1 completion, Int32 timeout, Task& task, Boolean& usedCache, Boolean asyncWrite, Boolean inRetry)
   at System.Data.SqlClient.SqlCommand.RunExecuteReader(CommandBehavior cmdBehavior, RunBehavior runBehavior, Boolean returnStream, String method)
   at System.Data.SqlClient.SqlCommand.ExecuteReader(CommandBehavior behavior, String method)
   at System.Data.Common.DbDataAdapter.FillInternal(DataSet dataset, DataTable[] datatables, Int32 startRecord, Int32 maxRecords, String srcTable, IDbCommand command, CommandBehavior behavior)
   at System.Data.Common.DbDataAdapter.Fill(DataTable[] dataTables, Int32 startRecord, Int32 maxRecords, IDbCommand command, CommandBehavior behavior)
   at System.Data.Common.DbDataAdapter.Fill(DataTable dataTable)
   at msDBAPI.msDBModule.ExecuteQuery(DBSeq dbSeq, String tableName, String SqlCmd, SqlParameter[] param)
   at msDBAPI.msDBModule.ExecuteQuery(String tableName, String SqlCmd, SqlParameter[] param)
   at msAPI.UserService.InviteCodeRecord(JObject data)
ClientConnectionId:6ac0f864-8b10-4205-86ef-ae97901939d9
Error Number:2628,State:1,Class:16 
2022/06/22 07:26:37.311 [Error 999 [msAPI] UserService InviteCodeRecord 17]---[InviteCodeRecord] [失敗]  System.Data.SqlClient.SqlException (0x80131904): String or binary data would be truncated in table 'JK2U.dbo.InviteCodeLog', column 'invitecode'. Truncated value: 'ELSWORD202'.
The statement has been terminated.
   at System.Data.SqlClient.SqlConnection.OnError(SqlException exception, Boolean breakConnection, Action`1 wrapCloseInAction)
   at System.Data.SqlClient.TdsParser.ThrowExceptionAndWarning(TdsParserStateObject stateObj, Boolean callerHasConnectionLock, Boolean asyncClose)
   at System.Data.SqlClient.TdsParser.TryRun(RunBehavior runBehavior, SqlCommand cmdHandler, SqlDataReader dataStream, BulkCopySimpleResultSet bulkCopyHandler, TdsParserStateObject stateObj, Boolean& dataReady)
   at System.Data.SqlClient.SqlDataReader.TryConsumeMetaData()
   at System.Data.SqlClient.SqlDataReader.get_MetaData()
   at System.Data.SqlClient.SqlCommand.FinishExecuteReader(SqlDataReader ds, RunBehavior runBehavior, String resetOptionsString, Boolean isInternal, Boolean forDescribeParameterEncryption, Boolean shouldCacheForAlwaysEncrypted)
   at System.Data.SqlClient.SqlCommand.RunExecuteReaderTds(CommandBehavior cmdBehavior, RunBehavior runBehavior, Boolean returnStream, Boolean async, Int32 timeout, Task& task, Boolean asyncWrite, Boolean inRetry, SqlDataReader ds, Boolean describeParameterEncryptionRequest)
   at System.Data.SqlClient.SqlCommand.RunExecuteReader(CommandBehavior cmdBehavior, RunBehavior runBehavior, Boolean returnStream, String method, TaskCompletionSource`1 completion, Int32 timeout, Task& task, Boolean& usedCache, Boolean asyncWrite, Boolean inRetry)
   at System.Data.SqlClient.SqlCommand.RunExecuteReader(CommandBehavior cmdBehavior, RunBehavior runBehavior, Boolean returnStream, String method)
   at System.Data.SqlClient.SqlCommand.ExecuteReader(CommandBehavior behavior, String method)
   at System.Data.Common.DbDataAdapter.FillInternal(DataSet dataset, DataTable[] datatables, Int32 startRecord, Int32 maxRecords, String srcTable, IDbCommand command, CommandBehavior behavior)
   at System.Data.Common.DbDataAdapter.Fill(DataTable[] dataTables, Int32 startRecord, Int32 maxRecords, IDbCommand command, CommandBehavior behavior)
   at System.Data.Common.DbDataAdapter.Fill(DataTable dataTable)
   at msDBAPI.msDBModule.ExecuteQuery(DBSeq dbSeq, String tableName, String SqlCmd, SqlParameter[] param)
   at msDBAPI.msDBModule.ExecuteQuery(String tableName, String SqlCmd, SqlParameter[] param)
   at msAPI.UserService.InviteCodeRecord(JObject data)
ClientConnectionId:d26f1383-d6c4-4127-b937-b58c844d0e49
Error Number:2628,State:1,Class:16 
2022/06/22 07:35:44.499 [Debug 100 [msAPI] CommFunc Connect2WebService 13]---[Connect2WebService] url=https://stg-api.beanfun.com/oauth2/v1/token,method=post,Authorization=c15489c1221846d38a7c2a4bba1a6168_oat,body={"grant_type":"authorization_code","code":"MUdZIi86Mk","redirect_uri":"https://stg-gamafun.beanfun.com"} 
2022/06/22 07:36:00.311 [Debug 100 [msAPI] CommFunc Connect2WebService 17]---[Connect2WebService] url=https://stg-api.beanfun.com/oauth2/v1/token,method=post,Authorization=c15489c1221846d38a7c2a4bba1a6168_oat,body={"grant_type":"authorization_code","code":"wwIZHBjFJX","redirect_uri":"https://stg-gamafun.beanfun.com"} 
2022/06/22 07:39:04.624 [Debug 100 [msAPI] CommFunc Connect2WebService 23]---[Connect2WebService] url=https://stg-api.beanfun.com/v1/openid/token/verification?token=77faad631009458b8513832aa14959d3rayiyhd0mb1j19951q78ikp9e1yhjv5e,method=get,Authorization=,body= 
2022/06/22 07:48:32.796 [Debug 100 [msAPI] CommFunc Connect2WebService 36]---[Connect2WebService] url=https://stg-api.beanfun.com/oauth2/v1/token,method=post,Authorization=c15489c1221846d38a7c2a4bba1a6168_oat,body={"grant_type":"authorization_code","code":"VKo8wJwbSq","redirect_uri":"https://stg-gamafun.beanfun.com"} 
2022/06/22 07:48:41.328 [Debug 100 [msAPI] CommFunc Connect2WebService 67]---[Connect2WebService] url=https://stg-api.beanfun.com/oauth2/v1/token,method=post,Authorization=c15489c1221846d38a7c2a4bba1a6168_oat,body={"grant_type":"authorization_code","code":"ReglBpKrYF","redirect_uri":"https://stg-gamafun.beanfun.com"} 
2022/06/22 07:50:46.359 [Debug 100 [msAPI] CommFunc Connect2WebService 37]---[Connect2WebService] url=https://stg-api.beanfun.com/oauth2/v1/token,method=post,Authorization=c15489c1221846d38a7c2a4bba1a6168_oat,body={"grant_type":"authorization_code","code":"kBjUyqREXU","redirect_uri":"https://stg-gamafun.beanfun.com"} 
2022/06/22 07:58:59.858 [Debug 100 [msAPI] CommFunc Connect2WebService 34]---[Connect2WebService] url=https://stg-api.beanfun.com/v1/openid/token/verification?token=1a1ff0dd82b7441fb40c008903fa7289pw6upr5qy2aptdmo2ttbpe2ljyndc397,method=get,Authorization=,body= 
2022/06/22 07:58:59.874 [Debug 100 [msAPI] CommFunc Connect2WebService 64]---[Connect2WebService] url=https://stg-api.beanfun.com/v1/openid/token/verification?token=37191aa3c2604162a9cc22c3886a3794ghc8ekh30mhpvr05hrt1hcpyd6znbyep,method=get,Authorization=,body= 
2022/06/22 07:59:05.937 [Debug 100 [msAPI] CommFunc Connect2WebService 34]---[Connect2WebService] url=https://stg-api.beanfun.com/v1/openid/token/verification?token=e79d824534f44b0bbe02ea51def174131c60y7dfw4ulkupybd1j50fx278od6dn,method=get,Authorization=,body= 
2022/06/22 07:59:05.937 [Debug 100 [msAPI] CommFunc Connect2WebService 33]---[Connect2WebService] url=https://stg-api.beanfun.com/v1/openid/token/verification?token=78a2d7deea3c40a89a333b697bc2aaebyucws7ctto8ixkcs6s2xlcslwrdmfzhf,method=get,Authorization=,body= 
2022/06/22 08:00:58.124 [Debug 100 [msAPI] CommFunc Connect2WebService 34]---[Connect2WebService] url=https://stg-api.beanfun.com/oauth2/v1/token,method=post,Authorization=c15489c1221846d38a7c2a4bba1a6168_oat,body={"grant_type":"authorization_code","code":"icE30hhxXw","redirect_uri":"https://stg-gamafun.beanfun.com"} 
2022/06/22 08:02:03.031 [Debug 100 [msAPI] CommFunc Connect2WebService 64]---[Connect2WebService] url=https://stg-api.beanfun.com/v2/campaign/receive,method=Post,Authorization=wtVX/7LsZm3CgfFoM6bW3TALCfwP2pp+Kj1B1pzG2yY=,body={"campaignCode":"da3ceb0f9c144482acd81dad9807adc0","receiver":"2138368224268406784"} 
2022/06/22 08:03:14.499 [Debug 100 [msAPI] CommFunc Connect2WebService 33]---[Connect2WebService] url=https://stg-api.beanfun.com/v2/campaign/receive,method=Post,Authorization=wtVX/7LsZm3CgfFoM6bW3TALCfwP2pp+Kj1B1pzG2yY=,body={"campaignCode":"da3ceb0f9c144482acd81dad9807adc0","receiver":"2138368224268406784"} 
2022/06/22 08:03:14.624 [Debug 100 [msAPI] CommFunc Connect2WebService 33]---[Connect2WebService] HttpWebResponse(503)={"error":{"code":20014,"message":"UNAVAILABLE: 超過領取次數上限 (trace_id=02e6f0447e2044e699ccaa1fa1b70569)"}} 
2022/06/22 08:03:18.406 [Debug 100 [msAPI] CommFunc Connect2WebService 30]---[Connect2WebService] url=https://stg-api.beanfun.com/v2/campaign/receive,method=Post,Authorization=wtVX/7LsZm3CgfFoM6bW3TALCfwP2pp+Kj1B1pzG2yY=,body={"campaignCode":"da3ceb0f9c144482acd81dad9807adc0","receiver":"2138368224268406784"} 
2022/06/22 08:03:18.515 [Debug 100 [msAPI] CommFunc Connect2WebService 30]---[Connect2WebService] HttpWebResponse(503)={"error":{"code":20014,"message":"UNAVAILABLE: 超過領取次數上限 (trace_id=4723647b7f414cfc9626c0c260259fa9)"}} 
2022/06/22 08:03:39.937 [Debug 100 [msAPI] CommFunc Connect2WebService 33]---[Connect2WebService] url=https://stg-api.beanfun.com/v1/openid/token/verification?token=3e9d7069bcea46939123cc739a4e7fd2nvvr6cxfeu9j8h6wk17kcy9xg0mnfjmr,method=get,Authorization=,body= 
2022/06/22 08:03:39.952 [Debug 100 [msAPI] CommFunc Connect2WebService 31]---[Connect2WebService] url=https://stg-api.beanfun.com/v1/openid/token/verification?token=019888f74bd74c9ba8b68fac0ea2e107lvvcm5mq9ylm4e1hcwii0v6s14j59o12,method=get,Authorization=,body= 
2022/06/22 08:03:57.124 [Debug 100 [msAPI] CommFunc Connect2WebService 31]---[Connect2WebService] url=https://stg-api.beanfun.com/v2/campaign/receive,method=Post,Authorization=wtVX/7LsZm3CgfFoM6bW3TALCfwP2pp+Kj1B1pzG2yY=,body={"campaignCode":"da3ceb0f9c144482acd81dad9807adc0","receiver":"2138368224268406784"} 
2022/06/22 08:03:57.249 [Debug 100 [msAPI] CommFunc Connect2WebService 31]---[Connect2WebService] HttpWebResponse(503)={"error":{"code":20014,"message":"UNAVAILABLE: 超過領取次數上限 (trace_id=db08570286a34630a41b92fe52dc3ed1)"}} 
2022/06/22 08:04:03.702 [Debug 100 [msAPI] CommFunc Connect2WebService 33]---[Connect2WebService] url=https://stg-api.beanfun.com/v2/campaign/receive,method=Post,Authorization=wtVX/7LsZm3CgfFoM6bW3TALCfwP2pp+Kj1B1pzG2yY=,body={"campaignCode":"da3ceb0f9c144482acd81dad9807adc0","receiver":"2138368224268406784"} 
2022/06/22 08:04:03.812 [Debug 100 [msAPI] CommFunc Connect2WebService 33]---[Connect2WebService] HttpWebResponse(503)={"error":{"code":20014,"message":"UNAVAILABLE: 超過領取次數上限 (trace_id=9e57665222c64da39aa39f091ec85710)"}} 
2022/06/22 08:04:13.046 [Debug 100 [msAPI] CommFunc Connect2WebService 31]---[Connect2WebService] url=https://stg-api.beanfun.com/v2/campaign/receive,method=Post,Authorization=wtVX/7LsZm3CgfFoM6bW3TALCfwP2pp+Kj1B1pzG2yY=,body={"campaignCode":"da3ceb0f9c144482acd81dad9807adc0","receiver":"2138368224268406784"} 
2022/06/22 08:04:13.171 [Debug 100 [msAPI] CommFunc Connect2WebService 31]---[Connect2WebService] HttpWebResponse(503)={"error":{"code":20014,"message":"UNAVAILABLE: 超過領取次數上限 (trace_id=048745dd40bf487e829afb56406c846b)"}} 
2022/06/22 08:04:28.968 [Debug 100 [msAPI] CommFunc Connect2WebService 31]---[Connect2WebService] url=https://stg-api.beanfun.com/v2/campaign/receive,method=Post,Authorization=EJA4k5V1H/9JP5kA+cIV1VLcp56qYG5eUTmehhwvHIs=,body={"campaignCode":"516ef7a2d1c94271935c415f5073e8c7","receiver":"2138368224268406784"} 
2022/06/22 08:05:31.905 [Debug 100 [msAPI] CommFunc Connect2WebService 11]---[Connect2WebService] url=https://stg-api.beanfun.com/oauth2/v1/token,method=post,Authorization=c15489c1221846d38a7c2a4bba1a6168_oat,body={"grant_type":"authorization_code","code":"U9k75cbTg8","redirect_uri":"https://stg-gamafun.beanfun.com"} 
2022/06/22 08:05:50.374 [Debug 100 [msAPI] CommFunc Connect2WebService 31]---[Connect2WebService] url=https://stg-api.beanfun.com/v2/campaign/receive,method=Post,Authorization=RkxOnjQMzdV9dvKpDR70H4f468xwfel/xlTS0yudFro=,body={"campaignCode":"44ed54fd21fa4b46b82b45db270eec25","receiver":"2138368224268406784"} 
2022/06/22 08:06:24.796 [Debug 100 [msAPI] CommFunc Connect2WebService 19]---[Connect2WebService] url=https://stg-api.beanfun.com/v2/campaign/receive,method=Post,Authorization=wtVX/7LsZm3CgfFoM6bW3TALCfwP2pp+Kj1B1pzG2yY=,body={"campaignCode":"da3ceb0f9c144482acd81dad9807adc0","receiver":"2138368224268406784"} 
2022/06/22 08:06:24.921 [Debug 100 [msAPI] CommFunc Connect2WebService 19]---[Connect2WebService] HttpWebResponse(503)={"error":{"code":20014,"message":"UNAVAILABLE: 超過領取次數上限 (trace_id=2752ff7c0e244e3a8327946a73eca75f)"}} 
2022/06/22 08:06:33.015 [Debug 100 [msAPI] CommFunc Connect2WebService 33]---[Connect2WebService] url=https://stg-api.beanfun.com/v2/campaign/receive,method=Post,Authorization=eQRGJVZ/PKM9uaCXC6EgADcSyi3jivxzV2rzv79HYD0=,body={"campaignCode":"9c014fbbf794402f82fc27741481cbcf","receiver":"2138368224268406784"} 
2022/06/22 08:07:11.171 [Debug 100 [msAPI] CommFunc Connect2WebService 11]---[Connect2WebService] url=https://stg-api.beanfun.com/v1/openid/token/verification?token=4854cf50cd4f429ea4184201f5db98a5lgqgdlpt0qe0kbhedgtn5xqac0crfhky,method=get,Authorization=,body= 
2022/06/22 08:07:29.812 [Debug 100 [msAPI] CommFunc Connect2WebService 11]---[Connect2WebService] url=https://stg-api.beanfun.com/v2/campaign/receive,method=Post,Authorization=4FQcFFLDwWbDhAR5p1PY6auZcljFl7lmJ7vwmPvQAEI=,body={"campaignCode":"da3ceb0f9c144482acd81dad9807adc0","receiver":"2078112670195650560"} 
2022/06/22 08:08:20.499 [Debug 100 [msAPI] CommFunc Connect2WebService 33]---[Connect2WebService] url=https://stg-api.beanfun.com/v2/campaign/receive,method=Post,Authorization=4FQcFFLDwWbDhAR5p1PY6auZcljFl7lmJ7vwmPvQAEI=,body={"campaignCode":"da3ceb0f9c144482acd81dad9807adc0","receiver":"2078112670195650560"} 
2022/06/22 08:08:20.624 [Debug 100 [msAPI] CommFunc Connect2WebService 33]---[Connect2WebService] HttpWebResponse(503)={"error":{"code":20014,"message":"UNAVAILABLE: 超過領取次數上限 (trace_id=38b0c4df0c744f18a931010ec79acfe8)"}} 
2022/06/22 08:08:46.155 [Debug 100 [msAPI] CommFunc Connect2WebService 19]---[Connect2WebService] url=https://stg-api.beanfun.com/v2/campaign/receive,method=Post,Authorization=h+/NyK7G520ZHhNkT0xKfhYp04A5cBhpsQflI7a/BaY=,body={"campaignCode":"1a4030a9a46b44c4b57671cf4c7fe14a","receiver":"2078112670195650560"} 
2022/06/22 08:09:17.296 [Debug 100 [msAPI] CommFunc Connect2WebService 20]---[Connect2WebService] url=https://stg-api.beanfun.com/v2/campaign/receive,method=Post,Authorization=uhK+S/nnOCkeWk7RqGhKgO/4ssbr1l1HBJDkd03RKWY=,body={"campaignCode":"363c35aa7f49411387da62dad70af09f","receiver":"2078112670195650560"} 
2022/06/22 08:09:17.405 [Debug 100 [msAPI] CommFunc Connect2WebService 20]---[Connect2WebService] HttpWebResponse(503)={"error":{"code":20014,"message":"UNAVAILABLE: 獎項已發送完畢 (trace_id=f00e4f554dc14407a314c74ae37efb25)"}} 
2022/06/22 08:09:19.905 [Debug 100 [msAPI] CommFunc Connect2WebService 19]---[Connect2WebService] url=https://stg-api.beanfun.com/v2/campaign/receive,method=Post,Authorization=uhK+S/nnOCkeWk7RqGhKgO/4ssbr1l1HBJDkd03RKWY=,body={"campaignCode":"363c35aa7f49411387da62dad70af09f","receiver":"2078112670195650560"} 
2022/06/22 08:09:20.030 [Debug 100 [msAPI] CommFunc Connect2WebService 19]---[Connect2WebService] HttpWebResponse(503)={"error":{"code":20014,"message":"UNAVAILABLE: 獎項已發送完畢 (trace_id=25b119951afe47dea0c3cacbf329ab39)"}} 
2022/06/22 08:09:35.811 [Debug 100 [msAPI] CommFunc Connect2WebService 20]---[Connect2WebService] url=https://stg-api.beanfun.com/v2/campaign/receive,method=Post,Authorization=7SY2H+UaX8i/JYk5kDu1bLf5ZKUM0eA9P7lKVI+iPJI=,body={"campaignCode":"44ed54fd21fa4b46b82b45db270eec25","receiver":"2078112670195650560"} 
2022/06/22 08:13:00.436 [Debug 100 [msAPI] CommFunc Connect2WebService 25]---[Connect2WebService] url=https://stg-api.beanfun.com/v2/campaign/receive,method=Post,Authorization=wtVX/7LsZm3CgfFoM6bW3TALCfwP2pp+Kj1B1pzG2yY=,body={"campaignCode":"da3ceb0f9c144482acd81dad9807adc0","receiver":"2138368224268406784"} 
2022/06/22 08:13:00.764 [Debug 100 [msAPI] CommFunc Connect2WebService 25]---[Connect2WebService] HttpWebResponse(503)={"error":{"code":20014,"message":"UNAVAILABLE: 超過領取次數上限 (trace_id=41fd3dbc084a42518d3613e3936333ad)"}} 
2022/06/22 08:17:48.687 [Debug 100 [msAPI] CommFunc Connect2WebService 56]---[Connect2WebService] url=https://stg-api.beanfun.com/v1/openid/token/verification?token=4ee6ef0d14fc451b9cd9a84b81b6a6f3ifsnkz99272eh52edf96f03li044hmu1,method=get,Authorization=,body= 
2022/06/22 08:17:48.750 [Debug 100 [msAPI] CommFunc Connect2WebService 55]---[Connect2WebService] url=https://stg-api.beanfun.com/v1/openid/token/verification?token=07769073acf44f389934d570451d1471b5lj5n4kpgbsp3emmc9eo0z4ri3fnn2f,method=get,Authorization=,body= 
2022/06/22 08:20:04.343 [Debug 100 [msAPI] CommFunc Connect2WebService 58]---[Connect2WebService] url=https://stg-api.beanfun.com/v1/openid/token/verification?token=9bc08f5d762847fbbc158dd7116d0a35c70q8qvj9ve5c7r7n048c1uz5xfm73fh,method=get,Authorization=,body= 
2022/06/22 08:20:04.390 [Debug 100 [msAPI] CommFunc Connect2WebService 53]---[Connect2WebService] url=https://stg-api.beanfun.com/v1/openid/token/verification?token=b030590573db48fb80bc5159ffb3bb27j4jahkknziuj1k10az1z6krx4i0uaia8,method=get,Authorization=,body= 
2022/06/22 08:26:08.952 [Debug 100 [msAPI] CommFunc Connect2WebService 59]---[Connect2WebService] url=https://stg-api.beanfun.com/v1/openid/token/verification?token=faf460172b894206927c11c617f2bdd37kfgvfzzeh8lze05sp1av1sx2s2ayqeh,method=get,Authorization=,body= 
2022/06/22 08:26:08.968 [Debug 100 [msAPI] CommFunc Connect2WebService 55]---[Connect2WebService] url=https://stg-api.beanfun.com/v1/openid/token/verification?token=b97ceb1045414a8b971c087fc863b1a4ahmm6irvpussxb7b8chmuvxjct4rm1wr,method=get,Authorization=,body= 
2022/06/22 08:33:52.202 [Debug 100 [msAPI] CommFunc Connect2WebService 25]---[Connect2WebService] url=https://stg-api.beanfun.com/v2/campaign/receive,method=Post,Authorization=wtVX/7LsZm3CgfFoM6bW3TALCfwP2pp+Kj1B1pzG2yY=,body={"campaignCode":"da3ceb0f9c144482acd81dad9807adc0","receiver":"2138368224268406784"} 
2022/06/22 08:33:52.546 [Debug 100 [msAPI] CommFunc Connect2WebService 25]---[Connect2WebService] HttpWebResponse(503)={"error":{"code":20014,"message":"UNAVAILABLE: 超過領取次數上限 (trace_id=5497dcc7e9f64ee1895677ac1bad81b0)"}} 
2022/06/22 08:34:09.593 [Debug 100 [msAPI] CommFunc Connect2WebService 30]---[Connect2WebService] url=https://stg-api.beanfun.com/v2/campaign/receive,method=Post,Authorization=g9Oa2v8pjstsT+VCcWQTRlKwucUJwC8AZdgLA3ES4/8=,body={"campaignCode":"19d8f88b2a2245e9b48a4426f66a1930","receiver":"1010007000816002404"} 
2022/06/22 08:34:22.124 [Debug 100 [msAPI] CommFunc Connect2WebService 30]---[Connect2WebService] url=https://stg-api.beanfun.com/v2/campaign/receive,method=Post,Authorization=g9Oa2v8pjstsT+VCcWQTRlKwucUJwC8AZdgLA3ES4/8=,body={"campaignCode":"19d8f88b2a2245e9b48a4426f66a1930","receiver":"1010007000816002404"} 
2022/06/22 08:36:11.468 [Debug 100 [msAPI] CommFunc Connect2WebService 30]---[Connect2WebService] url=https://stg-api.beanfun.com/v2/campaign/receive,method=Post,Authorization=2UaND0w23w8TkMFA0u5/WWj/zwCavtSZ0p47cxVvEV4=,body={"campaignCode":"9c014fbbf794402f82fc27741481cbcf","receiver":"1010007000816002404"} 
2022/06/22 08:37:16.780 [Debug 100 [msAPI] CommFunc Connect2WebService 35]---[Connect2WebService] url=https://stg-api.beanfun.com/v2/campaign/receive,method=Post,Authorization=EJA4k5V1H/9JP5kA+cIV1VLcp56qYG5eUTmehhwvHIs=,body={"campaignCode":"516ef7a2d1c94271935c415f5073e8c7","receiver":"2138368224268406784"} 
2022/06/22 08:37:34.734 [Debug 100 [msAPI] CommFunc Connect2WebService 36]---[Connect2WebService] url=https://stg-api.beanfun.com/v2/campaign/receive,method=Post,Authorization=EJA4k5V1H/9JP5kA+cIV1VLcp56qYG5eUTmehhwvHIs=,body={"campaignCode":"516ef7a2d1c94271935c415f5073e8c7","receiver":"2138368224268406784"} 
2022/06/22 08:37:47.827 [Debug 100 [msAPI] CommFunc Connect2WebService 35]---[Connect2WebService] url=https://stg-api.beanfun.com/v2/campaign/receive,method=Post,Authorization=EJA4k5V1H/9JP5kA+cIV1VLcp56qYG5eUTmehhwvHIs=,body={"campaignCode":"516ef7a2d1c94271935c415f5073e8c7","receiver":"2138368224268406784"} 
2022/06/22 08:38:00.468 [Debug 100 [msAPI] CommFunc Connect2WebService 25]---[Connect2WebService] url=https://stg-api.beanfun.com/v2/campaign/receive,method=Post,Authorization=EJA4k5V1H/9JP5kA+cIV1VLcp56qYG5eUTmehhwvHIs=,body={"campaignCode":"516ef7a2d1c94271935c415f5073e8c7","receiver":"2138368224268406784"} 
2022/06/22 08:38:13.109 [Debug 100 [msAPI] CommFunc Connect2WebService 70]---[Connect2WebService] url=https://stg-api.beanfun.com/v2/campaign/receive,method=Post,Authorization=EJA4k5V1H/9JP5kA+cIV1VLcp56qYG5eUTmehhwvHIs=,body={"campaignCode":"516ef7a2d1c94271935c415f5073e8c7","receiver":"2138368224268406784"} 
2022/06/22 08:38:13.218 [Debug 100 [msAPI] CommFunc Connect2WebService 70]---[Connect2WebService] HttpWebResponse(503)={"error":{"code":20014,"message":"UNAVAILABLE: 超過領取次數上限 (trace_id=55f633e661fd400daf7822b19b9037b5)"}} 
2022/06/22 08:38:17.343 [Debug 100 [msAPI] CommFunc Connect2WebService 25]---[Connect2WebService] url=https://stg-api.beanfun.com/v2/campaign/receive,method=Post,Authorization=EJA4k5V1H/9JP5kA+cIV1VLcp56qYG5eUTmehhwvHIs=,body={"campaignCode":"516ef7a2d1c94271935c415f5073e8c7","receiver":"2138368224268406784"} 
2022/06/22 08:38:17.452 [Debug 100 [msAPI] CommFunc Connect2WebService 25]---[Connect2WebService] HttpWebResponse(503)={"error":{"code":20014,"message":"UNAVAILABLE: 超過領取次數上限 (trace_id=e1d8b5939faf44168d7c6d4e06adc412)"}} 
2022/06/22 08:38:22.609 [Debug 100 [msAPI] CommFunc Connect2WebService 70]---[Connect2WebService] url=https://stg-api.beanfun.com/v2/campaign/receive,method=Post,Authorization=EJA4k5V1H/9JP5kA+cIV1VLcp56qYG5eUTmehhwvHIs=,body={"campaignCode":"516ef7a2d1c94271935c415f5073e8c7","receiver":"2138368224268406784"} 
2022/06/22 08:38:22.718 [Debug 100 [msAPI] CommFunc Connect2WebService 70]---[Connect2WebService] HttpWebResponse(503)={"error":{"code":20014,"message":"UNAVAILABLE: 超過領取次數上限 (trace_id=6010c679616345aca163f5b938edc72f)"}} 
2022/06/22 08:38:29.280 [Debug 100 [msAPI] CommFunc Connect2WebService 25]---[Connect2WebService] url=https://stg-api.beanfun.com/v2/campaign/receive,method=Post,Authorization=EJA4k5V1H/9JP5kA+cIV1VLcp56qYG5eUTmehhwvHIs=,body={"campaignCode":"516ef7a2d1c94271935c415f5073e8c7","receiver":"2138368224268406784"} 
2022/06/22 08:38:29.390 [Debug 100 [msAPI] CommFunc Connect2WebService 25]---[Connect2WebService] HttpWebResponse(503)={"error":{"code":20014,"message":"UNAVAILABLE: 超過領取次數上限 (trace_id=7ab27a33fb6e48d28aa470c21d82d68d)"}} 
2022/06/22 08:38:33.077 [Debug 100 [msAPI] CommFunc Connect2WebService 70]---[Connect2WebService] url=https://stg-api.beanfun.com/v2/campaign/receive,method=Post,Authorization=DIXBai/EG2UTu8X18dBjT3fw9puRcvcMTmVG8Mt268M=,body={"campaignCode":"363c35aa7f49411387da62dad70af09f","receiver":"2138368224268406784"} 
2022/06/22 08:38:33.187 [Debug 100 [msAPI] CommFunc Connect2WebService 70]---[Connect2WebService] HttpWebResponse(503)={"error":{"code":20014,"message":"UNAVAILABLE: 獎項已發送完畢 (trace_id=6ec00fdaa0c74d4dbf6664f27b458fc3)"}} 
2022/06/22 08:42:40.671 [Debug 100 [msAPI] CommFunc Connect2WebService 47]---[Connect2WebService] url=https://stg-api.beanfun.com/v1/openid/token/verification?token=3703c07f8ca240db8ae240ac062fb2507iboiotyzdfhz9nz2x0k2g68xpugtolm,method=get,Authorization=,body= 
2022/06/22 09:08:48.874 [Debug 100 [msAPI] CommFunc Connect2WebService 76]---[Connect2WebService] url=https://stg-api.beanfun.com/oauth2/v1/token,method=post,Authorization=c15489c1221846d38a7c2a4bba1a6168_oat,body={"grant_type":"authorization_code","code":"3C4MUy9vOJ","redirect_uri":"https://stg-gamafun.beanfun.com"} 
2022/06/22 09:11:54.327 [Debug 100 [msAPI] CommFunc Connect2WebService 80]---[Connect2WebService] url=https://stg-api.beanfun.com/v2/campaign/receive,method=Post,Authorization=oT3xU1GY7Wh/ti2vc2k8SG3iEw6jCrYMscc54cQNHiY=,body={"campaignCode":"da3ceb0f9c144482acd81dad9807adc0","receiver":"2215503568612360192"} 
2022/06/22 09:12:53.014 [Debug 100 [msAPI] CommFunc Connect2WebService 80]---[Connect2WebService] url=https://stg-api.beanfun.com/v2/campaign/receive,method=Post,Authorization=jiQxiMGvKKgvMtA3WtLIojMP+WdI1ce2Go+iidwNDZk=,body={"campaignCode":"b5b741094bc74133bbcbe717632b46b7","receiver":"2215503568612360192"} 
2022/06/22 09:14:10.014 [Debug 100 [msAPI] CommFunc Connect2WebService 83]---[Connect2WebService] url=https://stg-api.beanfun.com/v1/openid/token/verification?token=89b30f27a064435d87f4d84dcb0d04010jdqul5gur1hrxeo2h17lw97datz1pld,method=get,Authorization=,body= 
2022/06/22 09:16:58.953 [Debug 100 [msAPI] CommFunc Connect2WebService 84]---[Connect2WebService] url=https://stg-api.beanfun.com/v1/openid/token/verification?token=92878a2b57854c319f5e7229c82993ef08uzzcc8b4fiffhnilfbz74qatr9xjte,method=get,Authorization=,body= 
2022/06/22 09:18:03.781 [Debug 100 [msAPI] CommFunc Connect2WebService 84]---[Connect2WebService] url=https://stg-api.beanfun.com/oauth2/v1/token,method=post,Authorization=c15489c1221846d38a7c2a4bba1a6168_oat,body={"grant_type":"authorization_code","code":"IRZhc5FDD7","redirect_uri":"https://stg-gamafun.beanfun.com"} 
2022/06/22 09:19:32.609 [Debug 100 [msAPI] CommFunc Connect2WebService 82]---[Connect2WebService] url=https://stg-api.beanfun.com/v2/campaign/receive,method=Post,Authorization=pFFzdIM7tQP03afTrdnpyRQBZhLwhY9NwYrxgV5jvbE=,body={"campaignCode":"da3ceb0f9c144482acd81dad9807adc0","receiver":"1013000000815002117"} 
2022/06/22 09:20:00.984 [Debug 100 [msAPI] CommFunc Connect2WebService 81]---[Connect2WebService] url=https://stg-api.beanfun.com/oauth2/v1/token,method=post,Authorization=c15489c1221846d38a7c2a4bba1a6168_oat,body={"grant_type":"authorization_code","code":"bts8YT74Nk","redirect_uri":"https://stg-gamafun.beanfun.com"} 
2022/06/22 09:21:03.531 [Debug 100 [msAPI] CommFunc Connect2WebService 82]---[Connect2WebService] url=https://stg-api.beanfun.com/v2/campaign/receive,method=Post,Authorization=7TtEjAaYPM7EEDEJSkOGwWARHK0HYusNBvEA7IVOKGw=,body={"campaignCode":"516ef7a2d1c94271935c415f5073e8c7","receiver":"1013000000815002117"} 
2022/06/22 09:25:22.874 [Debug 100 [msAPI] CommFunc Connect2WebService 76]---[Connect2WebService] url=https://stg-api.beanfun.com/oauth2/v1/token,method=post,Authorization=c15489c1221846d38a7c2a4bba1a6168_oat,body={"grant_type":"authorization_code","code":"pZCTYQFVoa","redirect_uri":"https://stg-gamafun.beanfun.com"} 
2022/06/22 09:40:52.796 [Debug 100 [msAPI] CommFunc Connect2WebService 41]---[Connect2WebService] url=https://stg-api.beanfun.com/oauth2/v1/token,method=post,Authorization=c15489c1221846d38a7c2a4bba1a6168_oat,body={"grant_type":"authorization_code","code":"9likD7MsDw","redirect_uri":"https://stg-gamafun.beanfun.com"} 
2022/06/22 09:47:29.843 [Debug 100 [msAPI] CommFunc Connect2WebService 48]---[Connect2WebService] url=https://stg-api.beanfun.com/oauth2/v1/token,method=post,Authorization=c15489c1221846d38a7c2a4bba1a6168_oat,body={"grant_type":"authorization_code","code":"BLG1h6uGKK","redirect_uri":"https://stg-gamafun.beanfun.com"} 
2022/06/22 09:48:54.812 [Debug 100 [msAPI] CommFunc Connect2WebService 49]---[Connect2WebService] url=https://stg-api.beanfun.com/v1/openid/token/verification?token=cdc3da47d94b402b8ecd408595defde3yz7j3z29ms4m0r8utmnlfqxo5g8924rm,method=get,Authorization=,body= 
2022/06/22 09:48:54.859 [Debug 100 [msAPI] CommFunc Connect2WebService 40]---[Connect2WebService] url=https://stg-api.beanfun.com/v1/openid/token/verification?token=b5d3a753b4b641aab4bcd7ad0671c853f8i8qjz1fn3jus64e1lxd4za042rjdy6,method=get,Authorization=,body= 
2022/06/22 09:54:44.312 [Debug 100 [msAPI] CommFunc Connect2WebService 40]---[Connect2WebService] url=https://stg-api.beanfun.com/v1/openid/token/verification?token=7e64098bbeef4f13aa35990f7a6e8649zzihtw8jbws56p130t5kzth6oxx4lp3x,method=get,Authorization=,body= 
2022/06/22 09:58:59.686 [Debug 100 [msAPI] CommFunc Connect2WebService 40]---[Connect2WebService] url=https://stg-api.beanfun.com/v1/openid/token/verification?token=6581df7448c9477a9fb4b6648e1f92149e2l0gfqntzco0jq5ez1hqbgoeqsard4,method=get,Authorization=,body= 
2022/06/22 09:58:59.858 [Debug 100 [msAPI] CommFunc Connect2WebService 49]---[Connect2WebService] url=https://stg-api.beanfun.com/v1/openid/token/verification?token=04f05a4457794b829d0163e904c797aaw7o9gt6j1dr593aueyxdiprn9nerhcbf,method=get,Authorization=,body= 
2022/06/22 09:59:17.124 [Debug 100 [msAPI] CommFunc Connect2WebService 40]---[Connect2WebService] url=https://stg-api.beanfun.com/v2/campaign/receive,method=Post,Authorization=wtVX/7LsZm3CgfFoM6bW3TALCfwP2pp+Kj1B1pzG2yY=,body={"campaignCode":"da3ceb0f9c144482acd81dad9807adc0","receiver":"2138368224268406784"} 
2022/06/22 09:59:17.233 [Debug 100 [msAPI] CommFunc Connect2WebService 40]---[Connect2WebService] HttpWebResponse(503)={"error":{"code":20014,"message":"UNAVAILABLE: 超過領取次數上限 (trace_id=24c32aaebfbc4e67bba7a3c041a7ebfc)"}} 
2022/06/22 09:59:29.327 [Debug 100 [msAPI] CommFunc Connect2WebService 46]---[Connect2WebService] url=https://stg-api.beanfun.com/v2/campaign/receive,method=Post,Authorization=DIXBai/EG2UTu8X18dBjT3fw9puRcvcMTmVG8Mt268M=,body={"campaignCode":"363c35aa7f49411387da62dad70af09f","receiver":"2138368224268406784"} 
2022/06/22 09:59:29.437 [Debug 100 [msAPI] CommFunc Connect2WebService 46]---[Connect2WebService] HttpWebResponse(503)={"error":{"code":20014,"message":"UNAVAILABLE: 獎項已發送完畢 (trace_id=f5c9e8f8ba8e4e42999e63a36ea0d335)"}} 
2022/06/22 10:02:03.718 [Debug 100 [msAPI] CommFunc Connect2WebService 40]---[Connect2WebService] url=https://stg-api.beanfun.com/oauth2/v1/token,method=post,Authorization=c15489c1221846d38a7c2a4bba1a6168_oat,body={"grant_type":"authorization_code","code":"8cdbw1c9JS","redirect_uri":"https://stg-gamafun.beanfun.com"} 
2022/06/22 10:09:03.202 [Debug 100 [msAPI] CommFunc Connect2WebService 40]---[Connect2WebService] url=https://stg-api.beanfun.com/oauth2/v1/token,method=post,Authorization=c15489c1221846d38a7c2a4bba1a6168_oat,body={"grant_type":"authorization_code","code":"VcvUuUkco3","redirect_uri":"https://stg-gamafun.beanfun.com"} 
2022/06/22 10:10:33.233 [Debug 100 [msAPI] CommFunc Connect2WebService 40]---[Connect2WebService] url=https://stg-api.beanfun.com/v1/openid/token/verification?token=ec05f0c16f96450c9d11dbdfc66168bf8t8bwbscunw8pn1pgah3yvysbdt3vss2,method=get,Authorization=,body= 
2022/06/22 10:21:59.734 [Debug 100 [msAPI] CommFunc Connect2WebService 32]---[Connect2WebService] url=https://stg-api.beanfun.com/v1/openid/token/verification?token=d4591b1e68d64c8c963af28e3bb24718bisowrdk0w8rawkhfendincpdk9gznxf,method=get,Authorization=,body= 
2022/06/22 10:21:59.796 [Debug 100 [msAPI] CommFunc Connect2WebService 33]---[Connect2WebService] url=https://stg-api.beanfun.com/v1/openid/token/verification?token=c477dd13cd5d42988fe386088e20557dfbgdiu9xzegmh57z7k6zk3cdw7b8xvfv,method=get,Authorization=,body= 
2022/06/22 10:31:11.390 [Debug 100 [msAPI] CommFunc Connect2WebService 32]---[Connect2WebService] url=https://stg-api.beanfun.com/oauth2/v1/token,method=post,Authorization=c15489c1221846d38a7c2a4bba1a6168_oat,body={"grant_type":"authorization_code","code":"pjbJ5MDOrw","redirect_uri":"https://stg-gamafun.beanfun.com"} 
2022/06/22 10:31:17.093 [Debug 100 [msAPI] CommFunc Connect2WebService 33]---[Connect2WebService] url=https://stg-api.beanfun.com/oauth2/v1/token,method=post,Authorization=c15489c1221846d38a7c2a4bba1a6168_oat,body={"grant_type":"authorization_code","code":"LZv0sly1mo","redirect_uri":"https://stg-gamafun.beanfun.com"} 
2022/06/22 10:34:27.296 [Debug 100 [msAPI] CommFunc Connect2WebService 40]---[Connect2WebService] url=https://stg-api.beanfun.com/oauth2/v1/token,method=post,Authorization=c15489c1221846d38a7c2a4bba1a6168_oat,body={"grant_type":"authorization_code","code":"mkSrm5VU4l","redirect_uri":"https://stg-gamafun.beanfun.com"} 
2022/06/22 10:46:05.468 [Debug 100 [msAPI] CommFunc Connect2WebService 32]---[Connect2WebService] url=https://stg-api.beanfun.com/v1/openid/token/verification?token=7823edeb43564f968d782c4c23eb50e4xv42oof8m6hx4ghzu2f0l50p1eih2cx3,method=get,Authorization=,body= 
2022/06/22 10:46:05.484 [Debug 100 [msAPI] CommFunc Connect2WebService 49]---[Connect2WebService] url=https://stg-api.beanfun.com/v1/openid/token/verification?token=2b0a50f9e31a4b3ea2f255527b9d64154za7o9y338m9ljhjc4yk28abc62q7gns,method=get,Authorization=,body= 
2022/06/22 10:56:21.077 [Debug 100 [msAPI] CommFunc Connect2WebService 40]---[Connect2WebService] url=https://stg-api.beanfun.com/oauth2/v1/token,method=post,Authorization=c15489c1221846d38a7c2a4bba1a6168_oat,body={"grant_type":"authorization_code","code":"9OdnVX8UrS","redirect_uri":"https://stg-gamafun.beanfun.com"} 
2022/06/22 11:11:01.624 [Debug 100 [msAPI] CommFunc Connect2WebService 49]---[Connect2WebService] url=https://stg-api.beanfun.com/oauth2/v1/token,method=post,Authorization=c15489c1221846d38a7c2a4bba1a6168_oat,body={"grant_type":"authorization_code","code":"nFGp3AMdbn","redirect_uri":"https://stg-gamafun.beanfun.com"} 
2022/06/22 11:20:35.156 [Debug 100 [msAPI] CommFunc Connect2WebService 40]---[Connect2WebService] url=https://stg-api.beanfun.com/oauth2/v1/token,method=post,Authorization=c15489c1221846d38a7c2a4bba1a6168_oat,body={"grant_type":"authorization_code","code":"v65ZrsINSS","redirect_uri":"https://stg-gamafun.beanfun.com"} 
2022/06/22 11:23:06.437 [Debug 100 [msAPI] CommFunc Connect2WebService 46]---[Connect2WebService] url=https://stg-api.beanfun.com/v1/openid/token/verification?token=a6c3c6e7419d4878b3bba1867cbe3b43kdxoiln43hyv1fakfkdhqwqbwyl30glk,method=get,Authorization=,body= 
2022/06/22 11:23:06.437 [Debug 100 [msAPI] CommFunc Connect2WebService 33]---[Connect2WebService] url=https://stg-api.beanfun.com/v1/openid/token/verification?token=19a7659efa394ddfab52c86b72775f1c8mc0qg87ruynnza1bpg6iywxc3lpq8ty,method=get,Authorization=,body= 
2022/06/22 11:23:06.593 [Debug 100 [msAPI] CommFunc Connect2WebService 49]---[Connect2WebService] url=https://stg-api.beanfun.com/v1/openid/token/verification?token=714888fc3a9f47a98f133599c0bb5f64nkhabba7140rt89103fk60k3po9sfqcj,method=get,Authorization=,body= 
2022/06/22 11:23:06.593 [Debug 100 [msAPI] CommFunc Connect2WebService 40]---[Connect2WebService] url=https://stg-api.beanfun.com/v1/openid/token/verification?token=2bb1f6e7d28a4376aaf0147e514b0944uf33haup2zf2vlf0u8zvsrp79z9ymzrp,method=get,Authorization=,body= 
2022/06/22 11:29:13.452 [Debug 100 [msAPI] CommFunc Connect2WebService 49]---[Connect2WebService] url=https://stg-api.beanfun.com/v1/openid/token/verification?token=b611ae50d7bb42b0955d487eca0156f9frmf8wnh6pixa8igkc7mkulq5n6nlvj3,method=get,Authorization=,body= 
2022/06/22 11:29:13.468 [Debug 100 [msAPI] CommFunc Connect2WebService 40]---[Connect2WebService] url=https://stg-api.beanfun.com/v1/openid/token/verification?token=8ccfedc5a52940859ee267c0e7f98258c3lrx0owbbgftkfmcucxl3pbjsu7i1gv,method=get,Authorization=,body= 
2022/06/22 11:31:19.171 [Debug 100 [msAPI] CommFunc Connect2WebService 32]---[Connect2WebService] url=https://stg-api.beanfun.com/v1/openid/token/verification?token=9392afe411b24450a322d812bafcf2a9i67d04ve1m5uxe6js4dg1vo35aj4i6qw,method=get,Authorization=,body= 
2022/06/22 11:31:19.171 [Debug 100 [msAPI] CommFunc Connect2WebService 49]---[Connect2WebService] url=https://stg-api.beanfun.com/v1/openid/token/verification?token=542703f159244da492181cab6c981b9bxpgrynch4ldkcho3iu56j4qtaw0d4z1l,method=get,Authorization=,body= 
2022/06/22 11:36:31.530 [Debug 100 [msAPI] CommFunc Connect2WebService 32]---[Connect2WebService] url=https://stg-api.beanfun.com/oauth2/v1/token,method=post,Authorization=c15489c1221846d38a7c2a4bba1a6168_oat,body={"grant_type":"authorization_code","code":"XQcYEZiDwi","redirect_uri":"https://stg-gamafun.beanfun.com"} 
2022/06/22 11:44:11.717 [Debug 100 [msAPI] CommFunc Connect2WebService 40]---[Connect2WebService] url=https://stg-api.beanfun.com/v1/openid/token/verification?token=1b87acb2f15b4c429bc3d1f726bd2416ws53q775os0jrr0zzg2oh5ffyiyrpxj1,method=get,Authorization=,body= 
2022/06/22 11:44:11.764 [Debug 100 [msAPI] CommFunc Connect2WebService 33]---[Connect2WebService] url=https://stg-api.beanfun.com/v1/openid/token/verification?token=5ded70bf308e41ce90fe541a27e13a72unwcscpgi41xp2elfof5uda73nse7p9c,method=get,Authorization=,body= 
2022/06/22 11:45:22.765 [Debug 100 [msAPI] CommFunc Connect2WebService 32]---[Connect2WebService] url=https://stg-api.beanfun.com/oauth2/v1/token,method=post,Authorization=c15489c1221846d38a7c2a4bba1a6168_oat,body={"grant_type":"authorization_code","code":"DxLeV6qx7g","redirect_uri":"https://stg-gamafun.beanfun.com"} 
2022/06/22 12:02:42.499 [Debug 100 [msAPI] CommFunc Connect2WebService 46]---[Connect2WebService] url=https://stg-api.beanfun.com/oauth2/v1/token,method=post,Authorization=c15489c1221846d38a7c2a4bba1a6168_oat,body={"grant_type":"authorization_code","code":"OkTjnQvvdc","redirect_uri":"https://stg-gamafun.beanfun.com"} 
2022/06/22 14:06:12.110 [Debug 100 [msAPI] CommFunc Connect2WebService 61]---[Connect2WebService] url=https://stg-api.beanfun.com/v2/campaign/receive,method=Post,Authorization=6ADfT6M4mq9MNEMQJQQyz1WAPLm+NlvdSilx6ymEPWQ=,body={"campaignCode":"3323f9e2ced64ed1a65ee44477dc6bd1","receiver":"2212961888378028032"} 
2022/06/22 14:08:21.889 [Debug 100 [msAPI] CommFunc Connect2WebService 69]---[Connect2WebService] url=https://stg-api.beanfun.com/v2/campaign/receive,method=Post,Authorization=ACZP5A/0NZW+OB/1nHztbuq4Y8kHbOJ4aacjwakkqj8=,body={"campaignCode":"672ec54250a049f48638d306449e02f4","receiver":"2212961888378028032"} 
2022/06/22 14:08:22.249 [Debug 100 [msAPI] CommFunc Connect2WebService 69]---[Connect2WebService] HttpWebResponse(503)={"error":{"code":20014,"message":"UNAVAILABLE: 獎項已發送完畢 (trace_id=6ee450e760d44ac086167cff64c55245)"}} 
2022/06/22 14:08:25.124 [Debug 100 [msAPI] CommFunc Connect2WebService 62]---[Connect2WebService] url=https://stg-api.beanfun.com/v2/campaign/receive,method=Post,Authorization=ACZP5A/0NZW+OB/1nHztbuq4Y8kHbOJ4aacjwakkqj8=,body={"campaignCode":"672ec54250a049f48638d306449e02f4","receiver":"2212961888378028032"} 
2022/06/22 14:08:25.218 [Debug 100 [msAPI] CommFunc Connect2WebService 62]---[Connect2WebService] HttpWebResponse(503)={"error":{"code":20014,"message":"UNAVAILABLE: 獎項已發送完畢 (trace_id=29d8395897834b9894aa84903af867c8)"}} 
2022/06/22 14:09:52.671 [Debug 100 [msAPI] CommFunc Connect2WebService 67]---[Connect2WebService] url=https://stg-api.beanfun.com/v2/campaign/receive,method=Post,Authorization=4dcqQpwgb/1auPO+NIDQTQpkjJjNIIW0bwLnB5khda0=,body={"campaignCode":"da3ceb0f9c144482acd81dad9807adc0","receiver":"2212961888378028032"} 
2022/06/22 14:47:08.765 [Debug 100 [msAPI] CommFunc Connect2WebService 71]---[Connect2WebService] url=https://stg-api.beanfun.com/oauth2/v1/token,method=post,Authorization=c15489c1221846d38a7c2a4bba1a6168_oat,body={"grant_type":"authorization_code","code":"UDZg3OoEna","redirect_uri":"https://stg-gamafun.beanfun.com"} 
2022/06/22 15:26:24.062 [Debug 100 [msAPI] CommFunc Connect2WebService 62]---[Connect2WebService] url=https://stg-api.beanfun.com/oauth2/v1/token,method=post,Authorization=c15489c1221846d38a7c2a4bba1a6168_oat,body={"grant_type":"authorization_code","code":"zNc5qI7S1p","redirect_uri":"https://stg-gamafun.beanfun.com"} 
2022/06/22 16:12:50.217 [Debug 100 [msAPI] CommFunc Connect2WebService 74]---[Connect2WebService] url=https://stg-api.beanfun.com/oauth2/v1/token,method=post,Authorization=c15489c1221846d38a7c2a4bba1a6168_oat,body={"grant_type":"authorization_code","code":"3clGDSfh6j","redirect_uri":"https://stg-gamafun.beanfun.com"} 
2022/06/22 16:24:21.577 [Debug 100 [msAPI] CommFunc Connect2WebService 57]---[Connect2WebService] url=https://stg-api.beanfun.com/oauth2/v1/token,method=post,Authorization=c15489c1221846d38a7c2a4bba1a6168_oat,body={"grant_type":"authorization_code","code":"fmxICiBCCs","redirect_uri":"https://stg-gamafun.beanfun.com"} 
2022/06/22 16:26:24.155 [Debug 100 [msAPI] CommFunc Connect2WebService 55]---[Connect2WebService] url=https://stg-api.beanfun.com/v1/openid/token/verification?token=6364a81b729748b7b32c484ccc06595ed3mwk5hbz76v7698cgqx4jysmvij1wuv,method=get,Authorization=,body= 
2022/06/22 16:26:50.827 [Debug 100 [msAPI] CommFunc Connect2WebService 51]---[Connect2WebService] url=https://stg-api.beanfun.com/v2/campaign/receive,method=Post,Authorization=ZN3FrwCvK5bvfD5bTeJcvtWLQWhfr6bGq/ojGzghTr0=,body={"campaignCode":"da3ceb0f9c144482acd81dad9807adc0","receiver":"1010003000810102711"} 
2022/06/22 16:26:50.968 [Debug 100 [msAPI] CommFunc Connect2WebService 51]---[Connect2WebService] HttpWebResponse(503)={"error":{"code":20014,"message":"UNAVAILABLE: 超過領取次數上限 (trace_id=dc9e91e649ab4b54a3c9d710896399f3)"}} 
2022/06/22 16:27:06.030 [Debug 100 [msAPI] CommFunc Connect2WebService 56]---[Connect2WebService] url=https://stg-api.beanfun.com/v2/campaign/receive,method=Post,Authorization=Mp5Phwv1BbNzdKcefNo7n+u9H3QCqZlggmLvaPztx7s=,body={"campaignCode":"c01ec2b0b3fc4fed8f916383e1a73e17","receiver":"1010003000810102711"} 
2022/06/22 16:37:27.202 [Debug 100 [msAPI] CommFunc Connect2WebService 53]---[Connect2WebService] url=https://stg-api.beanfun.com/oauth2/v1/token,method=post,Authorization=c15489c1221846d38a7c2a4bba1a6168_oat,body={"grant_type":"authorization_code","code":"zW7NF3q8z5","redirect_uri":"https://stg-gamafun.beanfun.com"} 
2022/06/22 16:42:10.702 [Debug 100 [msAPI] CommFunc Connect2WebService 50]---[Connect2WebService] url=https://stg-api.beanfun.com/oauth2/v1/token,method=post,Authorization=c15489c1221846d38a7c2a4bba1a6168_oat,body={"grant_type":"authorization_code","code":"jwgbKboBTG","redirect_uri":"https://stg-gamafun.beanfun.com"} 
