2022/06/23 02:15:10.406 [Debug 100 [msAPI] CommFunc Connect2WebService 78]---[Connect2WebService] url=https://stg-api.beanfun.com/v1/openid/token/verification?token=cb12473e2f1a48b7b900f6da91d7ea9ffo63o915kb70xjdu40ipfooo59hu1mjq,method=get,Authorization=,body= 
2022/06/23 02:15:10.421 [Debug 100 [msAPI] CommFunc Connect2WebService 79]---[Connect2WebService] url=https://stg-api.beanfun.com/v1/openid/token/verification?token=8ec5148a0e574bb482083bc8ef0983a6bb5t60giejjtrlvmeuqbwvx4ny0l5wby,method=get,Authorization=,body= 
2022/06/23 02:18:53.468 [Debug 100 [msAPI] CommFunc Connect2WebService 78]---[Connect2WebService] url=https://stg-api.beanfun.com/oauth2/v1/token,method=post,Authorization=c15489c1221846d38a7c2a4bba1a6168_oat,body={"grant_type":"authorization_code","code":"DW4k0ykV9r","redirect_uri":"https://stg-gamafun.beanfun.com"} 
2022/06/23 02:41:12.670 [Debug 100 [msAPI] CommFunc Connect2WebService 73]---[Connect2WebService] url=https://stg-api.beanfun.com/v1/openid/token/verification?token=0ca8edb0b56c47fab45196ff31be2fad1bt226jgvu1dij9rh7o59qmgzdyjknr7,method=get,Authorization=,body= 
2022/06/23 02:41:12.670 [Debug 100 [msAPI] CommFunc Connect2WebService 65]---[Connect2WebService] url=https://stg-api.beanfun.com/v1/openid/token/verification?token=8be284d653734a5dbd286a830b8ddfba0e20b0dbkrty1ince4js06pl10aow4y6,method=get,Authorization=,body= 
2022/06/23 02:43:01.123 [Debug 100 [msAPI] CommFunc Connect2WebService 73]---[Connect2WebService] url=https://stg-api.beanfun.com/oauth2/v1/token,method=post,Authorization=c15489c1221846d38a7c2a4bba1a6168_oat,body={"grant_type":"authorization_code","code":"2lZzqx6J40","redirect_uri":"https://stg-gamafun.beanfun.com"} 
2022/06/23 02:44:29.625 [Debug 100 [msAPI] CommFunc Connect2WebService 63]---[Connect2WebService] url=https://stg-api.beanfun.com/oauth2/v1/token,method=post,Authorization=c15489c1221846d38a7c2a4bba1a6168_oat,body={"grant_type":"authorization_code","code":"lCg6AEv1Ih","redirect_uri":"https://stg-gamafun.beanfun.com"} 
2022/06/23 02:46:44.078 [Debug 100 [msAPI] CommFunc Connect2WebService 60]---[Connect2WebService] url=https://stg-api.beanfun.com/v1/openid/token/verification?token=b1c189648b69460992f3c93b01e79baassmxwgrkmsax3rkd7chx4tnjed82p5rz,method=get,Authorization=,body= 
2022/06/23 02:46:44.078 [Debug 100 [msAPI] CommFunc Connect2WebService 63]---[Connect2WebService] url=https://stg-api.beanfun.com/v1/openid/token/verification?token=385d14cf55304ee3a6f0ca178f11690d9td4jeml34qjgb07qqaljp8sagc0aain,method=get,Authorization=,body= 
2022/06/23 02:48:39.984 [Debug 100 [msAPI] CommFunc Connect2WebService 57]---[Connect2WebService] url=https://stg-api.beanfun.com/oauth2/v1/token,method=post,Authorization=c15489c1221846d38a7c2a4bba1a6168_oat,body={"grant_type":"authorization_code","code":"XRQnGWqncQ","redirect_uri":"https://stg-gamafun.beanfun.com"} 
2022/06/23 03:12:29.702 [Debug 100 [msAPI] CommFunc Connect2WebService 33]---[Connect2WebService] url=https://stg-api.beanfun.com/v1/openid/token/verification?token=1ec8a19169c147078ab780c1fff987b4bn7g2tre6fiq21dymrvq1nb72w3v3r05,method=get,Authorization=,body= 
2022/06/23 03:12:29.780 [Debug 100 [msAPI] CommFunc Connect2WebService 32]---[Connect2WebService] url=https://stg-api.beanfun.com/v1/openid/token/verification?token=f9e406c60a464711a97fd2fb061191b5bfrffdjd3rfspp6omrfwh7i5ykw79mnw,method=get,Authorization=,body= 
2022/06/23 03:14:25.499 [Debug 100 [msAPI] CommFunc Connect2WebService 32]---[Connect2WebService] url=https://stg-api.beanfun.com/v1/openid/token/verification?token=b5124f3d3bfb443cb28876f6152fd1e0nwtz9voa0uwnrplbuxghrf119kxylqdz,method=get,Authorization=,body= 
2022/06/23 03:14:25.514 [Debug 100 [msAPI] CommFunc Connect2WebService 30]---[Connect2WebService] url=https://stg-api.beanfun.com/v1/openid/token/verification?token=c51b63ec580c4ad187e527d75cdc3dffmof379u7izgni44wtuf65mmw2qr6kqjc,method=get,Authorization=,body= 
2022/06/23 03:17:34.015 [Debug 100 [msAPI] CommFunc Connect2WebService 29]---[Connect2WebService] url=https://stg-api.beanfun.com/oauth2/v1/token,method=post,Authorization=c15489c1221846d38a7c2a4bba1a6168_oat,body={"grant_type":"authorization_code","code":"7jFf5ROSkz","redirect_uri":"https://stg-gamafun.beanfun.com"} 
2022/06/23 03:39:29.172 [Debug 100 [msAPI] CommFunc Connect2WebService 8]---[Connect2WebService] url=https://stg-api.beanfun.com/oauth2/v1/token,method=post,Authorization=c15489c1221846d38a7c2a4bba1a6168_oat,body={"grant_type":"authorization_code","code":"AYYzl3l7d3","redirect_uri":"https://stg-gamafun.beanfun.com"} 
2022/06/23 03:41:12.062 [Debug 100 [msAPI] CommFunc Connect2WebService 13]---[Connect2WebService] url=https://stg-api.beanfun.com/oauth2/v1/token,method=post,Authorization=c15489c1221846d38a7c2a4bba1a6168_oat,body={"grant_type":"authorization_code","code":"1fUeElWEpJ","redirect_uri":"https://stg-gamafun.beanfun.com"} 
2022/06/23 04:11:35.780 [Debug 100 [msAPI] CommFunc Connect2WebService 40]---[Connect2WebService] url=https://stg-api.beanfun.com/v1/openid/token/verification?token=7374dda6a34642eea318b0ffe5f7e2bblvzpr72kd1cqp406lh654r3wtkzalbni,method=get,Authorization=,body= 
2022/06/23 04:11:35.827 [Debug 100 [msAPI] CommFunc Connect2WebService 33]---[Connect2WebService] url=https://stg-api.beanfun.com/v1/openid/token/verification?token=cad5209d1d584f5ea5640fa4b0662022bwjjy0a7oz3n0ypoxtrony5evmz0g7p9,method=get,Authorization=,body= 
2022/06/23 04:27:08.905 [Debug 100 [msAPI] CommFunc Connect2WebService 53]---[Connect2WebService] url=https://stg-api.beanfun.com/oauth2/v1/token,method=post,Authorization=c15489c1221846d38a7c2a4bba1a6168_oat,body={"grant_type":"authorization_code","code":"q3oIGHnClu","redirect_uri":"https://stg-gamafun.beanfun.com"} 
2022/06/23 04:29:02.765 [Debug 100 [msAPI] CommFunc Connect2WebService 55]---[Connect2WebService] url=https://stg-api.beanfun.com/v1/openid/token/verification?token=75efd90cd2674b6aa356780a62d9fb07h6ds8o02g2pbttdw23p24vik9ys94txl,method=get,Authorization=,body= 
2022/06/23 05:40:24.811 [Debug 100 [msAPI] CommFunc Connect2WebService 34]---[Connect2WebService] url=https://stg-api.beanfun.com/v2/campaign/receive,method=Post,Authorization=pr5T9BlxEeSrGjd+eMFnN67NiKzn84EtIUjDC/Rm3RU=,body={"campaignCode":"672ec54250a049f48638d306449e02f4","receiver":"1010003000810102711"} 
2022/06/23 05:40:25.218 [Debug 100 [msAPI] CommFunc Connect2WebService 34]---[Connect2WebService] HttpWebResponse(503)={"error":{"code":20014,"message":"UNAVAILABLE: 獎項已發送完畢 (trace_id=ddea3ecabc384298a18b143ef1380496)"}} 
2022/06/23 05:40:29.030 [Debug 100 [msAPI] CommFunc Connect2WebService 31]---[Connect2WebService] url=https://stg-api.beanfun.com/v2/campaign/receive,method=Post,Authorization=9DSdEnk2rOQyQSimMFGI0MEVlERFKhzfW/sKts3sxIU=,body={"campaignCode":"9c014fbbf794402f82fc27741481cbcf","receiver":"1010003000810102711"} 
2022/06/23 05:41:02.952 [Debug 100 [msAPI] CommFunc Connect2WebService 35]---[Connect2WebService] url=https://stg-api.beanfun.com/oauth2/v1/token,method=post,Authorization=c15489c1221846d38a7c2a4bba1a6168_oat,body={"grant_type":"authorization_code","code":"dbaOLX75SO","redirect_uri":"https://stg-gamafun.beanfun.com"} 
2022/06/23 05:41:26.640 [Debug 100 [msAPI] CommFunc Connect2WebService 37]---[Connect2WebService] url=https://stg-api.beanfun.com/oauth2/v1/token,method=post,Authorization=c15489c1221846d38a7c2a4bba1a6168_oat,body={"grant_type":"authorization_code","code":"2OaLf3vLaY","redirect_uri":"https://stg-gamafun.beanfun.com"} 
2022/06/23 05:42:02.061 [Debug 100 [msAPI] CommFunc Connect2WebService 37]---[Connect2WebService] url=https://stg-api.beanfun.com/v2/campaign/receive,method=Post,Authorization=4w7sP5qZydWWmI71rlpcz3LAk8bO+QxKew2QnX1Jg8o=,body={"campaignCode":"363c35aa7f49411387da62dad70af09f","receiver":"1010003000810102711"} 
2022/06/23 05:42:02.172 [Debug 100 [msAPI] CommFunc Connect2WebService 37]---[Connect2WebService] HttpWebResponse(503)={"error":{"code":20014,"message":"UNAVAILABLE: 獎項已發送完畢 (trace_id=6ab5e08ba8bc4ea1a3ce6ff8ee118c8a)"}} 
2022/06/23 05:42:07.796 [Debug 100 [msAPI] CommFunc Connect2WebService 35]---[Connect2WebService] url=https://stg-api.beanfun.com/v2/campaign/receive,method=Post,Authorization=EhIDMHyxHhYMj0+iiR8lBziPs42/3o1GqzXBr0EWikE=,body={"campaignCode":"44ed54fd21fa4b46b82b45db270eec25","receiver":"1010003000810102711"} 
2022/06/23 06:01:06.140 [Debug 100 [msAPI] CommFunc Connect2WebService 50]---[Connect2WebService] url=https://stg-api.beanfun.com/oauth2/v1/token,method=post,Authorization=c15489c1221846d38a7c2a4bba1a6168_oat,body={"grant_type":"authorization_code","code":"PQb59sBOHv","redirect_uri":"https://stg-gamafun.beanfun.com"} 
2022/06/23 06:01:15.780 [Debug 100 [msAPI] CommFunc Connect2WebService 42]---[Connect2WebService] url=https://stg-api.beanfun.com/v2/campaign/receive,method=Post,Authorization=ZN3FrwCvK5bvfD5bTeJcvtWLQWhfr6bGq/ojGzghTr0=,body={"campaignCode":"da3ceb0f9c144482acd81dad9807adc0","receiver":"1010003000810102711"} 
2022/06/23 06:01:15.890 [Debug 100 [msAPI] CommFunc Connect2WebService 42]---[Connect2WebService] HttpWebResponse(503)={"error":{"code":20014,"message":"UNAVAILABLE: 超過領取次數上限 (trace_id=6215cd8522d543dba24faf2184253c20)"}} 
2022/06/23 06:01:17.359 [Debug 100 [msAPI] CommFunc Connect2WebService 42]---[Connect2WebService] url=https://stg-api.beanfun.com/v2/campaign/receive,method=Post,Authorization=ZN3FrwCvK5bvfD5bTeJcvtWLQWhfr6bGq/ojGzghTr0=,body={"campaignCode":"da3ceb0f9c144482acd81dad9807adc0","receiver":"1010003000810102711"} 
2022/06/23 06:01:17.468 [Debug 100 [msAPI] CommFunc Connect2WebService 42]---[Connect2WebService] HttpWebResponse(503)={"error":{"code":20014,"message":"UNAVAILABLE: 超過領取次數上限 (trace_id=3c603adb326e4f4496814c1007abd6cc)"}} 
2022/06/23 06:03:10.140 [Debug 100 [msAPI] CommFunc Connect2WebService 58]---[Connect2WebService] url=https://stg-api.beanfun.com/v2/campaign/receive,method=Post,Authorization=Mp5Phwv1BbNzdKcefNo7n+u9H3QCqZlggmLvaPztx7s=,body={"campaignCode":"c01ec2b0b3fc4fed8f916383e1a73e17","receiver":"1010003000810102711"} 
2022/06/23 06:03:22.780 [Debug 100 [msAPI] CommFunc Connect2WebService 56]---[Connect2WebService] url=https://stg-api.beanfun.com/v2/campaign/receive,method=Post,Authorization=ZN3FrwCvK5bvfD5bTeJcvtWLQWhfr6bGq/ojGzghTr0=,body={"campaignCode":"da3ceb0f9c144482acd81dad9807adc0","receiver":"1010003000810102711"} 
2022/06/23 06:03:22.890 [Debug 100 [msAPI] CommFunc Connect2WebService 56]---[Connect2WebService] HttpWebResponse(503)={"error":{"code":20014,"message":"UNAVAILABLE: 超過領取次數上限 (trace_id=a78f92b258ad4f7e9cb9ec1377a00362)"}} 
2022/06/23 06:04:26.437 [Debug 100 [msAPI] CommFunc Connect2WebService 42]---[Connect2WebService] url=https://stg-api.beanfun.com/v2/campaign/receive,method=Post,Authorization=9DSdEnk2rOQyQSimMFGI0MEVlERFKhzfW/sKts3sxIU=,body={"campaignCode":"9c014fbbf794402f82fc27741481cbcf","receiver":"1010003000810102711"} 
2022/06/23 06:04:26.562 [Debug 100 [msAPI] CommFunc Connect2WebService 42]---[Connect2WebService] HttpWebResponse(503)={"error":{"code":20014,"message":"UNAVAILABLE: 獎項已發送完畢 (trace_id=95649ad65571422488333ee298bb2d2a)"}} 
2022/06/23 06:04:32.108 [Debug 100 [msAPI] CommFunc Connect2WebService 58]---[Connect2WebService] url=https://stg-api.beanfun.com/v2/campaign/receive,method=Post,Authorization=Fv+ebI8ahH5NAHTrCkVSAyB6p/vz7QkNb7hvJGIVUtI=,body={"campaignCode":"516ef7a2d1c94271935c415f5073e8c7","receiver":"1010003000810102711"} 
2022/06/23 06:05:58.515 [Debug 100 [msAPI] CommFunc Connect2WebService 61]---[Connect2WebService] url=https://stg-api.beanfun.com/v2/campaign/receive,method=Post,Authorization=ZN3FrwCvK5bvfD5bTeJcvtWLQWhfr6bGq/ojGzghTr0=,body={"campaignCode":"da3ceb0f9c144482acd81dad9807adc0","receiver":"1010003000810102711"} 
2022/06/23 06:05:58.765 [Debug 100 [msAPI] CommFunc Connect2WebService 61]---[Connect2WebService] HttpWebResponse(503)={"error":{"code":20014,"message":"UNAVAILABLE: 超過領取次數上限 (trace_id=561225e86f9646e59967bbd444196d7a)"}} 
2022/06/23 06:06:01.530 [Debug 100 [msAPI] CommFunc Connect2WebService 61]---[Connect2WebService] url=https://stg-api.beanfun.com/v2/campaign/receive,method=Post,Authorization=ZN3FrwCvK5bvfD5bTeJcvtWLQWhfr6bGq/ojGzghTr0=,body={"campaignCode":"da3ceb0f9c144482acd81dad9807adc0","receiver":"1010003000810102711"} 
2022/06/23 06:06:01.624 [Debug 100 [msAPI] CommFunc Connect2WebService 61]---[Connect2WebService] HttpWebResponse(503)={"error":{"code":20014,"message":"UNAVAILABLE: 超過領取次數上限 (trace_id=a401b54dcf304bfa9cb8f8f5176fca1c)"}} 
2022/06/23 06:06:04.718 [Debug 100 [msAPI] CommFunc Connect2WebService 42]---[Connect2WebService] url=https://stg-api.beanfun.com/v2/campaign/receive,method=Post,Authorization=ZN3FrwCvK5bvfD5bTeJcvtWLQWhfr6bGq/ojGzghTr0=,body={"campaignCode":"da3ceb0f9c144482acd81dad9807adc0","receiver":"1010003000810102711"} 
2022/06/23 06:06:04.811 [Debug 100 [msAPI] CommFunc Connect2WebService 42]---[Connect2WebService] HttpWebResponse(503)={"error":{"code":20014,"message":"UNAVAILABLE: 超過領取次數上限 (trace_id=d3b8bed16de949c8a08f72144f556d50)"}} 
2022/06/23 06:06:12.577 [Debug 100 [msAPI] CommFunc Connect2WebService 62]---[Connect2WebService] url=https://stg-api.beanfun.com/v2/campaign/receive,method=Post,Authorization=EhIDMHyxHhYMj0+iiR8lBziPs42/3o1GqzXBr0EWikE=,body={"campaignCode":"44ed54fd21fa4b46b82b45db270eec25","receiver":"1010003000810102711"} 
2022/06/23 06:06:22.311 [Debug 100 [msAPI] CommFunc Connect2WebService 61]---[Connect2WebService] url=https://stg-api.beanfun.com/v2/campaign/receive,method=Post,Authorization=EhIDMHyxHhYMj0+iiR8lBziPs42/3o1GqzXBr0EWikE=,body={"campaignCode":"44ed54fd21fa4b46b82b45db270eec25","receiver":"1010003000810102711"} 
2022/06/23 06:07:46.218 [Debug 100 [msAPI] CommFunc Connect2WebService 62]---[Connect2WebService] url=https://stg-api.beanfun.com/v2/campaign/receive,method=Post,Authorization=EhIDMHyxHhYMj0+iiR8lBziPs42/3o1GqzXBr0EWikE=,body={"campaignCode":"44ed54fd21fa4b46b82b45db270eec25","receiver":"1010003000810102711"} 
2022/06/23 06:08:11.796 [Debug 100 [msAPI] CommFunc Connect2WebService 61]---[Connect2WebService] url=https://stg-api.beanfun.com/oauth2/v1/token,method=post,Authorization=c15489c1221846d38a7c2a4bba1a6168_oat,body={"grant_type":"authorization_code","code":"yR0OyJEcyG","redirect_uri":"https://stg-gamafun.beanfun.com"} 
2022/06/23 06:08:59.093 [Debug 100 [msAPI] CommFunc Connect2WebService 61]---[Connect2WebService] url=https://stg-api.beanfun.com/v1/openid/token/verification?token=f2809776b5d944fb996b5cf757cd09601iekdtqjlotaijaz7qm2g0qgoho0nyy4,method=get,Authorization=,body= 
2022/06/23 06:09:12.046 [Debug 100 [msAPI] CommFunc Connect2WebService 62]---[Connect2WebService] url=https://stg-api.beanfun.com/v2/campaign/receive,method=Post,Authorization=EhIDMHyxHhYMj0+iiR8lBziPs42/3o1GqzXBr0EWikE=,body={"campaignCode":"44ed54fd21fa4b46b82b45db270eec25","receiver":"1010003000810102711"} 
2022/06/23 06:09:51.171 [Debug 100 [msAPI] CommFunc Connect2WebService 63]---[Connect2WebService] url=https://stg-api.beanfun.com/v2/campaign/receive,method=Post,Authorization=EhIDMHyxHhYMj0+iiR8lBziPs42/3o1GqzXBr0EWikE=,body={"campaignCode":"44ed54fd21fa4b46b82b45db270eec25","receiver":"1010003000810102711"} 
2022/06/23 06:19:37.171 [Debug 100 [msAPI] CommFunc Connect2WebService 71]---[Connect2WebService] url=https://stg-api.beanfun.com/v1/openid/token/verification?token=8824a51239304d2097fb74bf7a8beb5302iaaimwks1l7mtqpvuh1ehaf7v8dbxw,method=get,Authorization=,body= 
2022/06/23 06:19:37.624 [Debug 100 [msAPI] CommFunc Connect2WebService 70]---[Connect2WebService] url=https://stg-api.beanfun.com/v1/openid/token/verification?token=84d5a93f10ae405f9ab559ab4299b9dady06y2dq0529jjnsz6m74fc7nimqaeoq,method=get,Authorization=,body= 
2022/06/23 06:21:25.046 [Debug 100 [msAPI] CommFunc Connect2WebService 71]---[Connect2WebService] url=https://stg-api.beanfun.com/oauth2/v1/token,method=post,Authorization=c15489c1221846d38a7c2a4bba1a6168_oat,body={"grant_type":"authorization_code","code":"ruyaNxw8ho","redirect_uri":"https://stg-gamafun.beanfun.com"} 
2022/06/23 06:35:30.905 [Debug 100 [msAPI] CommFunc Connect2WebService 85]---[Connect2WebService] url=https://stg-api.beanfun.com/oauth2/v1/token,method=post,Authorization=c15489c1221846d38a7c2a4bba1a6168_oat,body={"grant_type":"authorization_code","code":"zodNJQY74w","redirect_uri":"https://stg-gamafun.beanfun.com"} 
2022/06/23 06:37:19.952 [Debug 100 [msAPI] CommFunc Connect2WebService 84]---[Connect2WebService] url=https://stg-api.beanfun.com/oauth2/v1/token,method=post,Authorization=c15489c1221846d38a7c2a4bba1a6168_oat,body={"grant_type":"authorization_code","code":"auOPqm1myp","redirect_uri":"https://stg-gamafun.beanfun.com"} 
2022/06/23 06:37:20.233 [Debug 100 [msAPI] CommFunc Connect2WebService 86]---[Connect2WebService] url=https://stg-api.beanfun.com/oauth2/v1/token,method=post,Authorization=c15489c1221846d38a7c2a4bba1a6168_oat,body={"grant_type":"authorization_code","code":"auOPqm1myp","redirect_uri":"https://stg-gamafun.beanfun.com"} 
2022/06/23 06:37:20.499 [Debug 100 [msAPI] CommFunc Connect2WebService 86]---[Connect2WebService] HttpWebResponse(400)={"error":{"code":20003,"message":"INVALID_ARGUMENT: Invalid code: auOPqm1myp does not match."}} 
2022/06/23 06:50:24.718 [Debug 100 [msAPI] CommFunc Connect2WebService 72]---[Connect2WebService] url=https://stg-api.beanfun.com/v1/openid/token/verification?token=343217f184a1424b8189b9dbe92401f7llpg03mauzksjpd5uqvlenlwu5lx2mk8,method=get,Authorization=,body= 
2022/06/23 06:50:24.765 [Debug 100 [msAPI] CommFunc Connect2WebService 73]---[Connect2WebService] url=https://stg-api.beanfun.com/v1/openid/token/verification?token=6490827c3bcf41a1b6fc677bf50fe497eyfyc2t473fxiwdi9p4c174j5vanguwt,method=get,Authorization=,body= 
2022/06/23 07:03:35.874 [Debug 100 [msAPI] CommFunc Connect2WebService 58]---[Connect2WebService] url=https://stg-api.beanfun.com/v1/openid/token/verification?token=1173cdcf9f2f4b769b21e46abe9bb03esgax7iqt1i3bj7a2nirjz0vqnbwo323e,method=get,Authorization=,body= 
2022/06/23 07:55:41.906 [Debug 100 [msAPI] CommFunc Connect2WebService 26]---[Connect2WebService] url=https://stg-api.beanfun.com/oauth2/v1/token,method=post,Authorization=c15489c1221846d38a7c2a4bba1a6168_oat,body={"grant_type":"authorization_code","code":"OAPPXLWh7o","redirect_uri":"https://stg-gamafun.beanfun.com"} 
2022/06/23 07:58:22.249 [Debug 100 [msAPI] CommFunc Connect2WebService 27]---[Connect2WebService] url=https://stg-api.beanfun.com/oauth2/v1/token,method=post,Authorization=c15489c1221846d38a7c2a4bba1a6168_oat,body={"grant_type":"authorization_code","code":"XZMmR2mcm9","redirect_uri":"https://stg-gamafun.beanfun.com"} 
2022/06/23 08:13:22.077 [Debug 100 [msAPI] CommFunc Connect2WebService 26]---[Connect2WebService] url=https://stg-api.beanfun.com/v1/openid/token/verification?token=b64da6f734304cad9f63b5451464bae6qby644iweo5gx5q0jt2c4bxtn4ftidfe,method=get,Authorization=,body= 
2022/06/23 08:16:33.843 [Debug 100 [msAPI] CommFunc Connect2WebService 29]---[Connect2WebService] url=https://stg-api.beanfun.com/oauth2/v1/token,method=post,Authorization=c15489c1221846d38a7c2a4bba1a6168_oat,body={"grant_type":"authorization_code","code":"IsRRoZqsqx","redirect_uri":"https://stg-gamafun.beanfun.com"} 
2022/06/23 08:38:01.327 [Debug 100 [msAPI] CommFunc Connect2WebService 27]---[Connect2WebService] url=https://stg-api.beanfun.com/v1/openid/token/verification?token=2b7bbdc7c02c45779408cf65bbce5161onwey7aflqxb0ejw939pdlbrc7niqbna,method=get,Authorization=,body= 
2022/06/23 08:55:45.327 [Debug 100 [msAPI] CommFunc Connect2WebService 8]---[Connect2WebService] url=https://stg-api.beanfun.com/oauth2/v1/token,method=post,Authorization=c15489c1221846d38a7c2a4bba1a6168_oat,body={"grant_type":"authorization_code","code":"7qkSWEDRvD","redirect_uri":"https://stg-gamafun.beanfun.com"} 
2022/06/23 09:26:53.718 [Debug 100 [msAPI] CommFunc Connect2WebService 20]---[Connect2WebService] url=https://stg-api.beanfun.com/oauth2/v1/token,method=post,Authorization=c15489c1221846d38a7c2a4bba1a6168_oat,body={"grant_type":"authorization_code","code":"rK3dOhc1ug","redirect_uri":"https://stg-gamafun.beanfun.com"} 
2022/06/23 09:34:08.156 [Debug 100 [msAPI] CommFunc Connect2WebService 33]---[Connect2WebService] url=https://stg-api.beanfun.com/v1/openid/token/verification?token=67780de46ccb4eeaa1c4b383db8320984wg2dxo50tl7hzeie7s2krq20lcvbmgc,method=get,Authorization=,body= 
2022/06/23 09:35:35.671 [Debug 100 [msAPI] CommFunc Connect2WebService 33]---[Connect2WebService] url=https://stg-api.beanfun.com/oauth2/v1/token,method=post,Authorization=c15489c1221846d38a7c2a4bba1a6168_oat,body={"grant_type":"authorization_code","code":"tLUlbwDCHC","redirect_uri":"https://stg-gamafun.beanfun.com"} 
2022/06/23 09:50:36.218 [Debug 100 [msAPI] CommFunc Connect2WebService 48]---[Connect2WebService] url=https://stg-api.beanfun.com/oauth2/v1/token,method=post,Authorization=c15489c1221846d38a7c2a4bba1a6168_oat,body={"grant_type":"authorization_code","code":"w1QBNkdw2q","redirect_uri":"https://stg-gamafun.beanfun.com"} 
2022/06/23 10:09:11.905 [Debug 100 [msAPI] CommFunc Connect2WebService 65]---[Connect2WebService] url=https://stg-api.beanfun.com/v1/openid/token/verification?token=b88b93285fa641e18658953e96f309c8tqsnp4jqv40oy1aq1prr3c2cbthu0cxh,method=get,Authorization=,body= 
2022/06/23 10:18:49.937 [Debug 100 [msAPI] CommFunc Connect2WebService 65]---[Connect2WebService] url=https://stg-api.beanfun.com/oauth2/v1/token,method=post,Authorization=c15489c1221846d38a7c2a4bba1a6168_oat,body={"grant_type":"authorization_code","code":"phOrqTtwM7","redirect_uri":"https://stg-gamafun.beanfun.com"} 
2022/06/23 10:31:00.249 [Debug 100 [msAPI] CommFunc Connect2WebService 84]---[Connect2WebService] url=https://stg-api.beanfun.com/oauth2/v1/token,method=post,Authorization=c15489c1221846d38a7c2a4bba1a6168_oat,body={"grant_type":"authorization_code","code":"nl821GX9CI","redirect_uri":"https://stg-gamafun.beanfun.com"} 
2022/06/23 10:34:51.124 [Debug 100 [msAPI] CommFunc Connect2WebService 80]---[Connect2WebService] url=https://stg-api.beanfun.com/oauth2/v1/token,method=post,Authorization=c15489c1221846d38a7c2a4bba1a6168_oat,body={"grant_type":"authorization_code","code":"HtNbAtMWs7","redirect_uri":"https://stg-gamafun.beanfun.com"} 
2022/06/23 10:35:40.733 [Debug 100 [msAPI] CommFunc Connect2WebService 80]---[Connect2WebService] url=https://stg-api.beanfun.com/oauth2/v1/token,method=post,Authorization=c15489c1221846d38a7c2a4bba1a6168_oat,body={"grant_type":"authorization_code","code":"xIufpuLrP3","redirect_uri":"https://stg-gamafun.beanfun.com"} 
2022/06/23 10:35:40.921 [Debug 100 [msAPI] CommFunc Connect2WebService 80]---[Connect2WebService] HttpWebResponse(400)={"error":{"code":20003,"message":"INVALID_ARGUMENT: Invalid code: xIufpuLrP3 does not match."}} 
2022/06/23 10:36:34.639 [Debug 100 [msAPI] CommFunc Connect2WebService 80]---[Connect2WebService] url=https://stg-api.beanfun.com/oauth2/v1/token,method=post,Authorization=c15489c1221846d38a7c2a4bba1a6168_oat,body={"grant_type":"authorization_code","code":"xut05DBghT","redirect_uri":"https://stg-gamafun.beanfun.com"} 
2022/06/23 10:36:36.514 [Debug 100 [msAPI] CommFunc Connect2WebService 80]---[Connect2WebService] url=https://stg-api.beanfun.com/oauth2/v1/token,method=post,Authorization=c15489c1221846d38a7c2a4bba1a6168_oat,body={"grant_type":"authorization_code","code":"xIufpuLrP3","redirect_uri":"https://stg-gamafun.beanfun.com"} 
2022/06/23 10:36:36.639 [Debug 100 [msAPI] CommFunc Connect2WebService 80]---[Connect2WebService] HttpWebResponse(400)={"error":{"code":20003,"message":"INVALID_ARGUMENT: Invalid code: xIufpuLrP3 does not match."}} 
2022/06/23 10:39:49.546 [Debug 100 [msAPI] CommFunc Connect2WebService 85]---[Connect2WebService] url=https://stg-api.beanfun.com/v1/openid/token/verification?token=3eeea2de75f749219141ea3dddafbd4ar8npr3dgzdwitt9envm8bxiqbxywo7k9,method=get,Authorization=,body= 
2022/06/23 10:39:49.546 [Debug 100 [msAPI] CommFunc Connect2WebService 73]---[Connect2WebService] url=https://stg-api.beanfun.com/v1/openid/token/verification?token=a1d59bcb36cc4b04ac11964d37bfb512zezwx5n0svoruv120rkpptiba24tvis0,method=get,Authorization=,body= 
2022/06/23 10:42:47.639 [Debug 100 [msAPI] CommFunc Connect2WebService 68]---[Connect2WebService] url=https://stg-api.beanfun.com/oauth2/v1/token,method=post,Authorization=c15489c1221846d38a7c2a4bba1a6168_oat,body={"grant_type":"authorization_code","code":"RyxIE84YyR","redirect_uri":"https://stg-gamafun.beanfun.com"} 
2022/06/23 10:44:08.843 [Debug 100 [msAPI] CommFunc Connect2WebService 64]---[Connect2WebService] url=https://stg-api.beanfun.com/oauth2/v1/token,method=post,Authorization=c15489c1221846d38a7c2a4bba1a6168_oat,body={"grant_type":"authorization_code","code":"WaxTOVNdWj","redirect_uri":"https://stg-gamafun.beanfun.com"} 
2022/06/23 10:44:42.437 [Debug 100 [msAPI] CommFunc Connect2WebService 63]---[Connect2WebService] url=https://stg-api.beanfun.com/oauth2/v1/token,method=post,Authorization=c15489c1221846d38a7c2a4bba1a6168_oat,body={"grant_type":"authorization_code","code":"X0NNltfl1a","redirect_uri":"https://stg-gamafun.beanfun.com"} 
2022/06/23 10:47:28.828 [Debug 100 [msAPI] CommFunc Connect2WebService 62]---[Connect2WebService] url=https://stg-api.beanfun.com/v1/openid/token/verification?token=9c60e0ce9d5f4001ac72f3072fd8cd72lx5k4pp11s98e2n698q6gi85g9rb56th,method=get,Authorization=,body= 
2022/06/23 10:48:26.218 [Debug 100 [msAPI] CommFunc Connect2WebService 60]---[Connect2WebService] url=https://stg-api.beanfun.com/v2/campaign/receive,method=Post,Authorization=Fyqjs4qfLHauwNNIYH7uvdVhRW6x1pADPT0WiAqO6iY=,body={"campaignCode":"da3ceb0f9c144482acd81dad9807adc0","receiver":"2146202748553531392"} 
2022/06/23 10:49:54.421 [Debug 100 [msAPI] CommFunc Connect2WebService 64]---[Connect2WebService] url=https://stg-api.beanfun.com/v2/campaign/receive,method=Post,Authorization=5BavsUYCmpuAcHZRty8tAxh9Fe6qK9y3pOTCMm6sfBY=,body={"campaignCode":"da3ceb0f9c144482acd81dad9807adc0","receiver":"1010005000815002304"} 
2022/06/23 10:51:57.109 [Debug 100 [msAPI] CommFunc Connect2WebService 57]---[Connect2WebService] url=https://stg-api.beanfun.com/oauth2/v1/token,method=post,Authorization=c15489c1221846d38a7c2a4bba1a6168_oat,body={"grant_type":"authorization_code","code":"muuuclpvTR","redirect_uri":"https://stg-gamafun.beanfun.com"} 
2022/06/23 10:57:18.812 [Debug 100 [msAPI] CommFunc Connect2WebService 51]---[Connect2WebService] url=https://stg-api.beanfun.com/v1/openid/token/verification?token=58abcfd2f12c41449d2a2f1a7488cd3apkqdzr7l3xfpy3i8xc9aq1mt6m30w3e4,method=get,Authorization=,body= 
2022/06/23 10:57:18.843 [Debug 100 [msAPI] CommFunc Connect2WebService 54]---[Connect2WebService] url=https://stg-api.beanfun.com/v1/openid/token/verification?token=a10c9ee0af804d86a50e7d599530d45bjhd535991hb6vgp481wopycwoee8ovor,method=get,Authorization=,body= 
2022/06/23 11:18:16.937 [Debug 100 [msAPI] CommFunc Connect2WebService 51]---[Connect2WebService] url=https://stg-api.beanfun.com/v1/openid/token/verification?token=05a18a1744e1442d82e332722a7d75f0frr6sibs98qffj80x2633ha3liahc52n,method=get,Authorization=,body= 
2022/06/23 12:01:30.765 [Debug 100 [msAPI] CommFunc Connect2WebService 47]---[Connect2WebService] url=https://stg-api.beanfun.com/v1/openid/token/verification?token=fb80afdb19824ff48ee67f843cb0e7ab7yr0tmnnein6hgoxhccocl7n1q4zrta7,method=get,Authorization=,body= 
2022/06/23 12:01:45.671 [Debug 100 [msAPI] CommFunc Connect2WebService 47]---[Connect2WebService] url=https://stg-api.beanfun.com/v1/openid/token/verification?token=a7465e0ddf484c48b41a3f0635f8a0aaxtkfwo8tz3d3deugqh5udh797qmoixam,method=get,Authorization=,body= 
2022/06/23 12:01:45.749 [Debug 100 [msAPI] CommFunc Connect2WebService 51]---[Connect2WebService] url=https://stg-api.beanfun.com/v1/openid/token/verification?token=6d31272e800b47cca9164e379bdb13f4hcrbon7ut08kwhaemy6yx8zgqhbjy569,method=get,Authorization=,body= 
2022/06/23 12:03:15.874 [Debug 100 [msAPI] CommFunc Connect2WebService 48]---[Connect2WebService] url=https://stg-api.beanfun.com/v1/openid/token/verification?token=c47a10a81ef34e079da595d096710d9enq1pt2xeeozaqs1hl3gkmvuzi76t0pes,method=get,Authorization=,body= 
2022/06/23 12:03:16.015 [Debug 100 [msAPI] CommFunc Connect2WebService 49]---[Connect2WebService] url=https://stg-api.beanfun.com/v1/openid/token/verification?token=ecbfbe2d15114d9f8c8c1d7cc388d7c7k1uz4q5wpqb8iisywehotpl7ky336hr3,method=get,Authorization=,body= 
2022/06/23 12:03:31.202 [Debug 100 [msAPI] CommFunc Connect2WebService 49]---[Connect2WebService] url=https://stg-api.beanfun.com/v1/openid/token/verification?token=5ff48162e8eb405dbbca4578889f09c7szltvgfty2jdlt5scdfm126deoity8ql,method=get,Authorization=,body= 
2022/06/23 12:03:31.280 [Debug 100 [msAPI] CommFunc Connect2WebService 51]---[Connect2WebService] url=https://stg-api.beanfun.com/v1/openid/token/verification?token=cfba8fd738b248fe9695798ee8039eabo625g8p12mfdg7840stln6tj7qal2w5i,method=get,Authorization=,body= 
2022/06/23 12:03:35.077 [Debug 100 [msAPI] CommFunc Connect2WebService 51]---[Connect2WebService] url=https://stg-api.beanfun.com/v1/openid/token/verification?token=b9da817c634142998169e444167146ef4j35mnhp92iccbc4upnyiuslh7x941ui,method=get,Authorization=,body= 
2022/06/23 12:03:35.077 [Debug 100 [msAPI] CommFunc Connect2WebService 47]---[Connect2WebService] url=https://stg-api.beanfun.com/v1/openid/token/verification?token=39e95297b481464a933446bb7a59127bpvnmjbxvxpjes0zk5i2zdl2tg8zqmpr7,method=get,Authorization=,body= 
2022/06/23 12:03:43.233 [Debug 100 [msAPI] CommFunc Connect2WebService 51]---[Connect2WebService] url=https://stg-api.beanfun.com/v1/openid/token/verification?token=2dd2a57a02584493af40636740fab2a8xzlbiqmm8ghvg52i71pi9k6k9n7uznhz,method=get,Authorization=,body= 
2022/06/23 12:03:43.233 [Debug 100 [msAPI] CommFunc Connect2WebService 48]---[Connect2WebService] url=https://stg-api.beanfun.com/v1/openid/token/verification?token=c98f1d4269664bfbad8d579456b998b3jsn5lbj0bfqq4sdbst501cd3jrbwxjel,method=get,Authorization=,body= 
2022/06/23 12:05:01.952 [Debug 100 [msAPI] CommFunc Connect2WebService 47]---[Connect2WebService] url=https://stg-api.beanfun.com/v1/openid/token/verification?token=542517dd76cc4e69be717c3198a11360w2qe6r9sumbshdt8igjoiglz6lnvnrik,method=get,Authorization=,body= 
2022/06/23 12:05:02.030 [Debug 100 [msAPI] CommFunc Connect2WebService 50]---[Connect2WebService] url=https://stg-api.beanfun.com/v1/openid/token/verification?token=56fea2e74db641d4b268e1910d2c81f205e7ul5komre5cjnwvh05pew9sh0hwup,method=get,Authorization=,body= 
2022/06/23 12:05:12.155 [Debug 100 [msAPI] CommFunc Connect2WebService 47]---[Connect2WebService] url=https://stg-api.beanfun.com/v1/openid/token/verification?token=52f737e86eca40429b99230fd12e74e4sigxjcec96ny57zho7c160c5gn878vx0,method=get,Authorization=,body= 
2022/06/23 12:05:24.827 [Debug 100 [msAPI] CommFunc Connect2WebService 50]---[Connect2WebService] url=https://stg-api.beanfun.com/v1/openid/token/verification?token=0f82d1dac43040cda623b8607d144854qi4bqvab23c09u8vdqlrjewb7hk0x6y9,method=get,Authorization=,body= 
2022/06/23 12:05:24.968 [Debug 100 [msAPI] CommFunc Connect2WebService 48]---[Connect2WebService] url=https://stg-api.beanfun.com/v1/openid/token/verification?token=bc3d846022814fa793be156320f51012c9l5ihhjaai9s3ia441j9jgs3kh9oe4z,method=get,Authorization=,body= 
2022/06/23 12:05:30.983 [Debug 100 [msAPI] CommFunc Connect2WebService 51]---[Connect2WebService] url=https://stg-api.beanfun.com/v1/openid/token/verification?token=ea40dc8c52064471aefc859e756cf3187f42ih7ecl4stao83ox9f7x6vda10fre,method=get,Authorization=,body= 
2022/06/23 12:05:36.968 [Debug 100 [msAPI] CommFunc Connect2WebService 49]---[Connect2WebService] url=https://stg-api.beanfun.com/v1/openid/token/verification?token=3344a259ff884905958015cc2c5e27d58bw1057l91lig9ut3yx82bnxds2xxchd,method=get,Authorization=,body= 
2022/06/23 12:05:37.046 [Debug 100 [msAPI] CommFunc Connect2WebService 51]---[Connect2WebService] url=https://stg-api.beanfun.com/v1/openid/token/verification?token=5660df3980554e2da77c280175376872liv5dz119hqijk73j45xz4rfg4xgxvv3,method=get,Authorization=,body= 
2022/06/23 12:06:13.843 [Debug 100 [msAPI] CommFunc Connect2WebService 50]---[Connect2WebService] url=https://stg-api.beanfun.com/v1/openid/token/verification?token=2f577f47e23045a791dcd037c83c15521yqsu88ekucedwm1k23vki81m4k09bfz,method=get,Authorization=,body= 
2022/06/23 12:06:13.921 [Debug 100 [msAPI] CommFunc Connect2WebService 47]---[Connect2WebService] url=https://stg-api.beanfun.com/v1/openid/token/verification?token=fcc4e11955c04614b8fa3cc3a93c2c96m16mkidm0i6jgsrb43dkn5s6uxbd1t2c,method=get,Authorization=,body= 
2022/06/23 12:06:39.062 [Debug 100 [msAPI] CommFunc Connect2WebService 49]---[Connect2WebService] url=https://stg-api.beanfun.com/v1/openid/token/verification?token=81afb8bd724f4603b1b1fb6664a4414ek9t8d8nq019o7qhx018enw3pb819npz5,method=get,Authorization=,body= 
2022/06/23 12:06:44.577 [Debug 100 [msAPI] CommFunc Connect2WebService 49]---[Connect2WebService] url=https://stg-api.beanfun.com/v1/openid/token/verification?token=2ca381b9b501414386a474f27bee10443p0v7jo4m6qqfyyid86gkws3iltzizlm,method=get,Authorization=,body= 
2022/06/23 12:06:44.577 [Debug 100 [msAPI] CommFunc Connect2WebService 47]---[Connect2WebService] url=https://stg-api.beanfun.com/v1/openid/token/verification?token=ca44ed02002f452d8a7cd6b840f1b0ee5fgo1b2kmg4w1fvci658pwez8q05bdw0,method=get,Authorization=,body= 
2022/06/23 12:07:33.811 [Debug 100 [msAPI] CommFunc Connect2WebService 49]---[Connect2WebService] url=https://stg-api.beanfun.com/oauth2/v1/token,method=post,Authorization=c15489c1221846d38a7c2a4bba1a6168_oat,body={"grant_type":"authorization_code","code":"QGn28eF1TD","redirect_uri":"https://stg-gamafun.beanfun.com"} 
2022/06/23 12:19:01.906 [Debug 100 [msAPI] CommFunc Connect2WebService 48]---[Connect2WebService] url=https://stg-api.beanfun.com/v1/openid/token/verification?token=1fa7929c53714eb8b065d1f833d88f8fm00asxv36ysb9y1v5j65j0pykpu6h4ip,method=get,Authorization=,body= 
2022/06/23 12:19:10.140 [Debug 100 [msAPI] CommFunc Connect2WebService 49]---[Connect2WebService] url=https://stg-api.beanfun.com/v1/openid/token/verification?token=9dada2c4ce51478b8d63799b14c34117vpayg3owj5jpxf1kckwf3jvychl95lgv,method=get,Authorization=,body= 
2022/06/23 12:19:19.546 [Debug 100 [msAPI] CommFunc Connect2WebService 49]---[Connect2WebService] url=https://stg-api.beanfun.com/v1/openid/token/verification?token=0cf0eb20953e4dff958406b3ac9c5f4988ihr1fjx3wh8qfeucslvygnop6xykt5,method=get,Authorization=,body= 
2022/06/23 12:19:19.546 [Debug 100 [msAPI] CommFunc Connect2WebService 48]---[Connect2WebService] url=https://stg-api.beanfun.com/v1/openid/token/verification?token=caeb47decff5497682c7c23b59eb922atew4lwynhwnd4an6to1pd5mcy1qzaiki,method=get,Authorization=,body= 
2022/06/23 12:19:43.609 [Debug 100 [msAPI] CommFunc Connect2WebService 51]---[Connect2WebService] url=https://stg-api.beanfun.com/v1/openid/token/verification?token=f240e34c56de43e3a62d0e844e0e7c8bwa1ol0e77iiilag6ossvg25ue5407woq,method=get,Authorization=,body= 
2022/06/23 12:19:47.218 [Debug 100 [msAPI] CommFunc Connect2WebService 47]---[Connect2WebService] url=https://stg-api.beanfun.com/v1/openid/token/verification?token=11693c86940a482687f3dc1742ff3c930jp1gpxrjfoni13i1zq3fqkp1ddcbx3v,method=get,Authorization=,body= 
2022/06/23 12:19:47.218 [Debug 100 [msAPI] CommFunc Connect2WebService 50]---[Connect2WebService] url=https://stg-api.beanfun.com/v1/openid/token/verification?token=716ca88bfb534e058a6bc3a3ee3efcdax1k7w3h5s2ftla48zkztt1jvjy2uber5,method=get,Authorization=,body= 
2022/06/23 12:20:16.249 [Debug 100 [msAPI] CommFunc Connect2WebService 47]---[Connect2WebService] url=https://stg-api.beanfun.com/v1/openid/token/verification?token=9daf1d9968884a10ac68e4ec6dbb65d1oylvd35bh8tfziu4b4kasq8qib8ndjvz,method=get,Authorization=,body= 
2022/06/23 12:20:16.406 [Debug 100 [msAPI] CommFunc Connect2WebService 51]---[Connect2WebService] url=https://stg-api.beanfun.com/v1/openid/token/verification?token=c0b40ae0a602407da999f382a9b7a4422tra2jtl3nm3v2ght3ayt9f9b3vcvglz,method=get,Authorization=,body= 
2022/06/23 12:20:55.187 [Debug 100 [msAPI] CommFunc Connect2WebService 49]---[Connect2WebService] url=https://stg-api.beanfun.com/v1/openid/token/verification?token=a15c38b0d77c4ca2b26b28246f9467134nfi2ptjodkhzn7b63wdx13k904dimpu,method=get,Authorization=,body= 
2022/06/23 12:21:22.031 [Debug 100 [msAPI] CommFunc Connect2WebService 47]---[Connect2WebService] url=https://stg-api.beanfun.com/v1/openid/token/verification?token=40252df32aaf46dfa17b5d7617ac4606bfru7jqnukemt88h35k1m309mwflrzh0,method=get,Authorization=,body= 
2022/06/23 12:21:22.031 [Debug 100 [msAPI] CommFunc Connect2WebService 48]---[Connect2WebService] url=https://stg-api.beanfun.com/v1/openid/token/verification?token=f3261b07bb8d407b9bd94a1682dcd1723ivyu3zkt2e8zi63qxoevqvi9vqqiayh,method=get,Authorization=,body= 
2022/06/23 12:21:33.562 [Debug 100 [msAPI] CommFunc Connect2WebService 48]---[Connect2WebService] url=https://stg-api.beanfun.com/v1/openid/token/verification?token=227b48a0a7124e0e81b674b7ce21d8366oxtx1o4le880jnp2f2qhmkhw9ntf8zm,method=get,Authorization=,body= 
2022/06/23 12:21:33.718 [Debug 100 [msAPI] CommFunc Connect2WebService 49]---[Connect2WebService] url=https://stg-api.beanfun.com/v1/openid/token/verification?token=1dc2a1ecc6284ded8db433ddcc85a090cak5g4fjusmfiakynwmwj2nws6hycc91,method=get,Authorization=,body= 
2022/06/23 12:21:42.999 [Debug 100 [msAPI] CommFunc Connect2WebService 49]---[Connect2WebService] url=https://stg-api.beanfun.com/v1/openid/token/verification?token=59f22bb772534c4a92af898f156772bawuyhjl8yn69x2u79wfvkq97rzu3mtf7o,method=get,Authorization=,body= 
2022/06/23 12:21:43.171 [Debug 100 [msAPI] CommFunc Connect2WebService 50]---[Connect2WebService] url=https://stg-api.beanfun.com/v1/openid/token/verification?token=59752c727c9145b3ac097c9e74b8a516d79musfvypi0uzyacv6nvdy46xdrrwa4,method=get,Authorization=,body= 
2022/06/23 12:21:47.546 [Debug 100 [msAPI] CommFunc Connect2WebService 51]---[Connect2WebService] url=https://stg-api.beanfun.com/v1/openid/token/verification?token=dc15ed5d83694926b0defbd7ea4f7dc9h08e04lfa7u6kli2rxlfac8noro370y3,method=get,Authorization=,body= 
2022/06/23 12:21:47.546 [Debug 100 [msAPI] CommFunc Connect2WebService 49]---[Connect2WebService] url=https://stg-api.beanfun.com/v1/openid/token/verification?token=7dc6728e22434a15b0fbe200fb986204p9h3fl7xv8msgqzrkvwreojn6cnhn1xo,method=get,Authorization=,body= 
2022/06/23 12:22:25.202 [Debug 100 [msAPI] CommFunc Connect2WebService 47]---[Connect2WebService] url=https://stg-api.beanfun.com/v2/campaign/receive,method=Post,Authorization=miIzpNi+GsZzUcmDB1nqOsd3zQJIw7Kz32EKXAX6+sw=,body={"campaignCode":"da3ceb0f9c144482acd81dad9807adc0","receiver":"2214038189536968704"} 
2022/06/23 12:23:14.577 [Debug 100 [msAPI] CommFunc Connect2WebService 49]---[Connect2WebService] url=https://stg-api.beanfun.com/oauth2/v1/token,method=post,Authorization=c15489c1221846d38a7c2a4bba1a6168_oat,body={"grant_type":"authorization_code","code":"DcSXAo2dg9","redirect_uri":"https://stg-gamafun.beanfun.com"} 
2022/06/23 12:23:23.718 [Debug 100 [msAPI] CommFunc Connect2WebService 48]---[Connect2WebService] url=https://stg-api.beanfun.com/v2/campaign/receive,method=Post,Authorization=Ik5qiYouxWIFikQQh3NKB4D8vIhpRCcaxehEBbhpy0Q=,body={"campaignCode":"da3ceb0f9c144482acd81dad9807adc0","receiver":"2155683356090585088"} 
2022/06/23 12:24:16.843 [Debug 100 [msAPI] CommFunc Connect2WebService 48]---[Connect2WebService] url=https://stg-api.beanfun.com/v1/openid/token/verification?token=d003c0f85e644462af1ac15c95456308jaquoio04holmj8sc1mz1edxecrfcxfv,method=get,Authorization=,body= 
2022/06/23 12:24:16.858 [Debug 100 [msAPI] CommFunc Connect2WebService 47]---[Connect2WebService] url=https://stg-api.beanfun.com/v1/openid/token/verification?token=b085341bf615410c998cfefb21f71a1bh9h26z62jg246uc36zk710huey2sbf24,method=get,Authorization=,body= 
2022/06/23 12:24:25.030 [Debug 100 [msAPI] CommFunc Connect2WebService 50]---[Connect2WebService] url=https://stg-api.beanfun.com/v1/openid/token/verification?token=0ae83f88dc9042b7ab13dad26e374fa7h77ftkbh4jshrmsc9ljm2nt6ap0eut99,method=get,Authorization=,body= 
2022/06/23 12:24:47.655 [Debug 100 [msAPI] CommFunc Connect2WebService 51]---[Connect2WebService] url=https://stg-api.beanfun.com/v1/openid/token/verification?token=047f8fbfdf1a45339b8cacd33a7399a9hp0bysihu7532bgohxedb7rdw9rsi0ya,method=get,Authorization=,body= 
2022/06/23 14:30:47.155 [Debug 100 [msAPI] CommFunc Connect2WebService 19]---[Connect2WebService] url=https://stg-api.beanfun.com/oauth2/v1/token,method=post,Authorization=c15489c1221846d38a7c2a4bba1a6168_oat,body={"grant_type":"authorization_code","code":"3153B7cE1V","redirect_uri":"https://stg-gamafun.beanfun.com"} 
2022/06/23 14:33:32.921 [Debug 100 [msAPI] CommFunc Connect2WebService 15]---[Connect2WebService] url=https://stg-api.beanfun.com/v2/campaign/receive,method=Post,Authorization=DhqtSMySOpWv6+lSWtGivISg8tLet0WVP6k7+odQjig=,body={"campaignCode":"da3ceb0f9c144482acd81dad9807adc0","receiver":"2068032158018048000"} 
2022/06/23 14:33:46.843 [Debug 100 [msAPI] CommFunc Connect2WebService 19]---[Connect2WebService] url=https://stg-api.beanfun.com/v2/campaign/receive,method=Post,Authorization=DhqtSMySOpWv6+lSWtGivISg8tLet0WVP6k7+odQjig=,body={"campaignCode":"da3ceb0f9c144482acd81dad9807adc0","receiver":"2068032158018048000"} 
2022/06/23 14:33:53.311 [Debug 100 [msAPI] CommFunc Connect2WebService 18]---[Connect2WebService] url=https://stg-api.beanfun.com/v2/campaign/receive,method=Post,Authorization=DhqtSMySOpWv6+lSWtGivISg8tLet0WVP6k7+odQjig=,body={"campaignCode":"da3ceb0f9c144482acd81dad9807adc0","receiver":"2068032158018048000"} 
2022/06/23 14:33:58.233 [Debug 100 [msAPI] CommFunc Connect2WebService 18]---[Connect2WebService] url=https://stg-api.beanfun.com/v2/campaign/receive,method=Post,Authorization=DhqtSMySOpWv6+lSWtGivISg8tLet0WVP6k7+odQjig=,body={"campaignCode":"da3ceb0f9c144482acd81dad9807adc0","receiver":"2068032158018048000"} 
2022/06/23 14:34:03.561 [Debug 100 [msAPI] CommFunc Connect2WebService 15]---[Connect2WebService] url=https://stg-api.beanfun.com/v2/campaign/receive,method=Post,Authorization=DhqtSMySOpWv6+lSWtGivISg8tLet0WVP6k7+odQjig=,body={"campaignCode":"da3ceb0f9c144482acd81dad9807adc0","receiver":"2068032158018048000"} 
2022/06/23 14:34:08.436 [Debug 100 [msAPI] CommFunc Connect2WebService 13]---[Connect2WebService] url=https://stg-api.beanfun.com/v2/campaign/receive,method=Post,Authorization=DhqtSMySOpWv6+lSWtGivISg8tLet0WVP6k7+odQjig=,body={"campaignCode":"da3ceb0f9c144482acd81dad9807adc0","receiver":"2068032158018048000"} 
2022/06/23 14:34:13.749 [Debug 100 [msAPI] CommFunc Connect2WebService 5]---[Connect2WebService] url=https://stg-api.beanfun.com/v2/campaign/receive,method=Post,Authorization=DhqtSMySOpWv6+lSWtGivISg8tLet0WVP6k7+odQjig=,body={"campaignCode":"da3ceb0f9c144482acd81dad9807adc0","receiver":"2068032158018048000"} 
2022/06/23 14:34:18.499 [Debug 100 [msAPI] CommFunc Connect2WebService 19]---[Connect2WebService] url=https://stg-api.beanfun.com/v2/campaign/receive,method=Post,Authorization=DhqtSMySOpWv6+lSWtGivISg8tLet0WVP6k7+odQjig=,body={"campaignCode":"da3ceb0f9c144482acd81dad9807adc0","receiver":"2068032158018048000"} 
2022/06/23 14:34:23.593 [Debug 100 [msAPI] CommFunc Connect2WebService 15]---[Connect2WebService] url=https://stg-api.beanfun.com/v2/campaign/receive,method=Post,Authorization=DhqtSMySOpWv6+lSWtGivISg8tLet0WVP6k7+odQjig=,body={"campaignCode":"da3ceb0f9c144482acd81dad9807adc0","receiver":"2068032158018048000"} 
2022/06/23 14:34:32.561 [Debug 100 [msAPI] CommFunc Connect2WebService 5]---[Connect2WebService] url=https://stg-api.beanfun.com/v2/campaign/receive,method=Post,Authorization=DhqtSMySOpWv6+lSWtGivISg8tLet0WVP6k7+odQjig=,body={"campaignCode":"da3ceb0f9c144482acd81dad9807adc0","receiver":"2068032158018048000"} 
2022/06/23 14:43:03.373 [Debug 100 [msAPI] CommFunc Connect2WebService 25]---[Connect2WebService] url=https://stg-api.beanfun.com/v2/campaign/receive,method=Post,Authorization=DhqtSMySOpWv6+lSWtGivISg8tLet0WVP6k7+odQjig=,body={"campaignCode":"da3ceb0f9c144482acd81dad9807adc0","receiver":"2068032158018048000"} 
2022/06/23 14:43:03.748 [Debug 100 [msAPI] CommFunc Connect2WebService 25]---[Connect2WebService] HttpWebResponse(403)={"error":{"code":3721,"message":"用戶剩餘領取次數不足"}} 
