2022/06/24 02:44:09.296 [Debug 100 [msAPI] CommFunc Connect2WebService 5]---[Connect2WebService] url=https://stg-api.beanfun.com/oauth2/v1/token,method=post,Authorization=c15489c1221846d38a7c2a4bba1a6168_oat,body={"grant_type":"authorization_code","code":"0T4bheTNhF","redirect_uri":"https://stg-gamafun.beanfun.com"} 
2022/06/24 02:45:09.046 [Debug 100 [msAPI] CommFunc Connect2WebService 13]---[Connect2WebService] url=https://stg-api.beanfun.com/v2/campaign/receive,method=Post,Authorization=RAg9/Yk8SLdMDg6yDsqIWmDzvn4pbMF6pj1klwxtnEs=,body={"campaignCode":"da3ceb0f9c144482acd81dad9807adc0","receiver":"1016007000815002904"} 
2022/06/24 03:01:56.468 [Debug 100 [msAPI] CommFunc Connect2WebService 31]---[Connect2WebService] url=https://stg-api.beanfun.com/v1/openid/token/verification?token=8b080b7c1bff4af7b357957da254454eecms7id0as5oqasy711zntpuowgx7icc,method=get,Authorization=,body= 
2022/06/24 03:01:56.468 [Debug 100 [msAPI] CommFunc Connect2WebService 34]---[Connect2WebService] url=https://stg-api.beanfun.com/v1/openid/token/verification?token=5fa068b91a564ccc85ea72122ce4e1d9e8ld6nfp7iyv48a92miu7o4uohsi5pq5,method=get,Authorization=,body= 
2022/06/24 03:03:25.062 [Debug 100 [msAPI] CommFunc Connect2WebService 31]---[Connect2WebService] url=https://stg-api.beanfun.com/oauth2/v1/token,method=post,Authorization=c15489c1221846d38a7c2a4bba1a6168_oat,body={"grant_type":"authorization_code","code":"DrDKJ3weRq","redirect_uri":"https://stg-gamafun.beanfun.com"} 
2022/06/24 03:03:25.265 [Debug 100 [msAPI] CommFunc Connect2WebService 36]---[Connect2WebService] url=https://stg-api.beanfun.com/v1/openid/token/verification?token=d8094815e1914c92bf1a739b71c3bb0cdgshld1369kkgnw32a5zloag320yq08o,method=get,Authorization=,body= 
2022/06/24 03:03:25.421 [Debug 100 [msAPI] CommFunc Connect2WebService 31]---[Connect2WebService] url=https://stg-api.beanfun.com/v1/openid/token/verification?token=27bb594270de4e78b79b072ade3d85322hd9hox49i60s7zd8nyj49dmt8q6grdy,method=get,Authorization=,body= 
2022/06/24 03:03:26.952 [Debug 100 [msAPI] CommFunc Connect2WebService 36]---[Connect2WebService] url=https://stg-api.beanfun.com/v1/openid/token/verification?token=876ce8bc9b42420aa92ba98a89e14c71kbgzoka4n1i5k5bq9xpbz2jniufzw204,method=get,Authorization=,body= 
2022/06/24 03:03:26.952 [Debug 100 [msAPI] CommFunc Connect2WebService 31]---[Connect2WebService] url=https://stg-api.beanfun.com/v1/openid/token/verification?token=7075125c96f4472e9c50884c7b1bf9a949mir5h7lhixnjeuoz7cy4ukd9ff0lrb,method=get,Authorization=,body= 
2022/06/24 03:03:55.952 [Debug 100 [msAPI] CommFunc Connect2WebService 34]---[Connect2WebService] url=https://stg-api.beanfun.com/v1/openid/token/verification?token=df62c4442a874458803cedd3d3355d7fbyk6ff4u6ab7eftv7qolcmhr5j75f1an,method=get,Authorization=,body= 
2022/06/24 03:04:22.905 [Debug 100 [msAPI] CommFunc Connect2WebService 34]---[Connect2WebService] url=https://stg-api.beanfun.com/v1/openid/token/verification?token=7d39d92f0c00486a85c60ae742f6d13ey0bcpuq66ct4rtjcpgdhphm1g4kneetl,method=get,Authorization=,body= 
2022/06/24 03:05:12.155 [Debug 100 [msAPI] CommFunc Connect2WebService 37]---[Connect2WebService] url=https://stg-api.beanfun.com/v1/openid/token/verification?token=3653f355cfb1449ba7b4ca55a76aad8a8fon9xfb05fhc2lw6htwd8l9ky0hwhz0,method=get,Authorization=,body= 
2022/06/24 03:12:03.764 [Debug 100 [msAPI] CommFunc Connect2WebService 36]---[Connect2WebService] url=https://stg-api.beanfun.com/v1/openid/token/verification?token=010bfff170eb4085b030230ffb109e47mzt6wpjdxcc1leifggs19mg7u2ajp25j,method=get,Authorization=,body= 
2022/06/24 03:16:11.375 [Debug 100 [msAPI] CommFunc Connect2WebService 49]---[Connect2WebService] url=https://stg-api.beanfun.com/v1/openid/token/verification?token=244e5162a66c41e19b74105e04f35baazp421l5jtso5p21jpvr4qdzfr009ygky,method=get,Authorization=,body= 
2022/06/24 03:16:24.078 [Debug 100 [msAPI] CommFunc Connect2WebService 49]---[Connect2WebService] url=https://stg-api.beanfun.com/oauth2/v1/token,method=post,Authorization=c15489c1221846d38a7c2a4bba1a6168_oat,body={"grant_type":"authorization_code","code":"dEesExdy4l","redirect_uri":"https://stg-gamafun.beanfun.com"} 
2022/06/24 03:16:41.281 [Debug 100 [msAPI] CommFunc Connect2WebService 49]---[Connect2WebService] url=https://stg-api.beanfun.com/oauth2/v1/token,method=post,Authorization=c15489c1221846d38a7c2a4bba1a6168_oat,body={"grant_type":"authorization_code","code":"cvdBorO3zx","redirect_uri":"https://stg-gamafun.beanfun.com"} 
2022/06/24 03:21:41.140 [Debug 100 [msAPI] CommFunc Connect2WebService 49]---[Connect2WebService] url=https://stg-api.beanfun.com/v1/openid/token/verification?token=a8263b593fdb4943a661c04a4e74782bo4s0bra5gnywhntzb4gdehdz1d8jpasy,method=get,Authorization=,body= 
2022/06/24 03:24:22.577 [Debug 100 [msAPI] CommFunc Connect2WebService 62]---[Connect2WebService] url=https://stg-api.beanfun.com/v2/campaign/receive,method=Post,Authorization=4w7sP5qZydWWmI71rlpcz3LAk8bO+QxKew2QnX1Jg8o=,body={"campaignCode":"363c35aa7f49411387da62dad70af09f","receiver":"1010003000810102711"} 
2022/06/24 03:24:22.952 [Debug 100 [msAPI] CommFunc Connect2WebService 62]---[Connect2WebService] HttpWebResponse(403)={"error":{"code":3720,"message":"獎項已發送完畢"}} 
2022/06/24 03:24:36.609 [Debug 100 [msAPI] CommFunc Connect2WebService 62]---[Connect2WebService] url=https://stg-api.beanfun.com/v2/campaign/receive,method=Post,Authorization=4w7sP5qZydWWmI71rlpcz3LAk8bO+QxKew2QnX1Jg8o=,body={"campaignCode":"363c35aa7f49411387da62dad70af09f","receiver":"1010003000810102711"} 
2022/06/24 03:24:36.890 [Debug 100 [msAPI] CommFunc Connect2WebService 62]---[Connect2WebService] HttpWebResponse(403)={"error":{"code":3720,"message":"獎項已發送完畢"}} 
2022/06/24 03:26:28.234 [Debug 100 [msAPI] CommFunc Connect2WebService 65]---[Connect2WebService] url=https://stg-api.beanfun.com/v2/campaign/receive,method=Post,Authorization=QaBtizP5PJo+swoiIFY87BY2O8uR/c9c84L7cuXgCpU=,body={"campaignCode":"bd65d35b32024b3e9b6638f4c3d24d86","receiver":"1010003000810102711"} 
2022/06/24 03:26:28.593 [Debug 100 [msAPI] CommFunc Connect2WebService 65]---[Connect2WebService] HttpWebResponse(403)={"error":{"code":3720,"message":"獎項已發送完畢"}} 
2022/06/24 03:29:39.375 [Debug 100 [msAPI] CommFunc Connect2WebService 65]---[Connect2WebService] url=https://stg-api.beanfun.com/v1/openid/token/verification?token=22fb790b18d6411e929b723cd6a531fa32hp8olhaei8hy3glqh8dwkksx0sgmz4,method=get,Authorization=,body= 
2022/06/24 03:30:02.874 [Debug 100 [msAPI] CommFunc Connect2WebService 66]---[Connect2WebService] url=https://stg-api.beanfun.com/v1/openid/token/verification?token=a1e5ab774c7f43d6a13ac9ffd18763a3zt9pocwtpukfldmxdaxa41vxyo1giftn,method=get,Authorization=,body= 
2022/06/24 03:36:09.187 [Debug 100 [msAPI] CommFunc Connect2WebService 75]---[Connect2WebService] url=https://stg-api.beanfun.com/v1/openid/token/verification?token=58737626037a443eab18d7a2eef71675blje813s2y79vuwl9rrylczmos3l969q,method=get,Authorization=,body= 
2022/06/24 03:36:09.187 [Debug 100 [msAPI] CommFunc Connect2WebService 73]---[Connect2WebService] url=https://stg-api.beanfun.com/v1/openid/token/verification?token=48bb492a20c54a098d99117e192f0b7eb6r1r9opdmtncosrh47lysx06ttwv5wx,method=get,Authorization=,body= 
2022/06/24 03:36:17.343 [Debug 100 [msAPI] CommFunc Connect2WebService 73]---[Connect2WebService] url=https://stg-api.beanfun.com/v1/openid/token/verification?token=47ce908b22414557a779ac5340bede7fdu5mn6egn38duq1qlfhkrsjjcq6sss3a,method=get,Authorization=,body= 
2022/06/24 03:36:17.343 [Debug 100 [msAPI] CommFunc Connect2WebService 75]---[Connect2WebService] url=https://stg-api.beanfun.com/v1/openid/token/verification?token=cea577566aaf458c8df63104943e64847icfnqolxqtwzvripvo8bqtdra6qy1ha,method=get,Authorization=,body= 
2022/06/24 03:36:25.327 [Debug 100 [msAPI] CommFunc Connect2WebService 73]---[Connect2WebService] url=https://stg-api.beanfun.com/v1/openid/token/verification?token=9bdf91c993c048f495b0549e0bd7e1f5p0a3rcyztn92zmrdd3gp22esb259fzbj,method=get,Authorization=,body= 
2022/06/24 03:39:39.374 [Debug 100 [msAPI] CommFunc Connect2WebService 78]---[Connect2WebService] url=https://stg-api.beanfun.com/v1/openid/token/verification?token=73125d0fd0ab4d788d1d3ac5a8dff723mkzgr4d8co8kgj402bh9n9p8mj7mlzuw,method=get,Authorization=,body= 
2022/06/24 03:39:54.749 [Debug 100 [msAPI] CommFunc Connect2WebService 75]---[Connect2WebService] url=https://stg-api.beanfun.com/v1/openid/token/verification?token=dc47bd3f1bb846ca8adf861d0d2e6e4ddth5rd9cngzyjsextce2gbw20ziqasl2,method=get,Authorization=,body= 
2022/06/24 03:40:35.733 [Debug 100 [msAPI] CommFunc Connect2WebService 77]---[Connect2WebService] url=https://stg-api.beanfun.com/v1/openid/token/verification?token=ee19d17d1c8d456387a94efee16ac81coo53i9pqj0bzzs22mn64fd45ebous1ha,method=get,Authorization=,body= 
2022/06/24 03:40:35.733 [Debug 100 [msAPI] CommFunc Connect2WebService 75]---[Connect2WebService] url=https://stg-api.beanfun.com/v1/openid/token/verification?token=03d8ea8c45dc4fc6bdd3de4a2fd98a51zx7z4atf2ug93k2bpjhx7922e52judi9,method=get,Authorization=,body= 
2022/06/24 03:40:43.577 [Debug 100 [msAPI] CommFunc Connect2WebService 77]---[Connect2WebService] url=https://stg-api.beanfun.com/v1/openid/token/verification?token=0fb73258334c480d9bdbc54c65bbe598tdf017g2muxdj62pv8eeasvv2wfaq6cq,method=get,Authorization=,body= 
2022/06/24 03:52:49.765 [Debug 100 [msAPI] CommFunc Connect2WebService 76]---[Connect2WebService] url=https://stg-api.beanfun.com/v1/openid/token/verification?token=29417927182743e2a0e046628bb492bei0rb0llquyz0p42i04wpeed9bkc12d7i,method=get,Authorization=,body= 
2022/06/24 03:52:49.765 [Debug 100 [msAPI] CommFunc Connect2WebService 80]---[Connect2WebService] url=https://stg-api.beanfun.com/v1/openid/token/verification?token=71a6dcfc5e5b431ea86983120fc46a69e6t3dm1io49af13815ovdqwyq25svt2e,method=get,Authorization=,body= 
2022/06/24 03:53:55.843 [Debug 100 [msAPI] CommFunc Connect2WebService 80]---[Connect2WebService] url=https://stg-api.beanfun.com/v1/openid/token/verification?token=a56399144dd644f9800e69df3db1ee60biqaco1i9ufm6cjmumyoe2g6s7o8lixn,method=get,Authorization=,body= 
2022/06/24 03:53:55.843 [Debug 100 [msAPI] CommFunc Connect2WebService 79]---[Connect2WebService] url=https://stg-api.beanfun.com/v1/openid/token/verification?token=0d704afc06ab489291332d465484723a4kmqfuc45rcxo1rvq4jfs17zr8ouigwf,method=get,Authorization=,body= 
2022/06/24 03:54:06.672 [Debug 100 [msAPI] CommFunc Connect2WebService 73]---[Connect2WebService] url=https://stg-api.beanfun.com/v1/openid/token/verification?token=3dd2e51f1a3b4d398e4ae0337ae80034zr75alc13dozauy89w0pcp78t0k9fmql,method=get,Authorization=,body= 
2022/06/24 04:04:49.515 [Debug 100 [msAPI] CommFunc Connect2WebService 71]---[Connect2WebService] url=https://stg-api.beanfun.com/v1/openid/token/verification?token=ad5e56a4effe4e1c8160dce0bef2798217a0kg35ybfl84l9ab2depnptzhnhfsa,method=get,Authorization=,body= 
2022/06/24 04:04:49.515 [Debug 100 [msAPI] CommFunc Connect2WebService 64]---[Connect2WebService] url=https://stg-api.beanfun.com/v1/openid/token/verification?token=7eafe27a340a408fae20aa1923267920l9egd0j5fn2wrdqcnnpcepcl6ek2ovp7,method=get,Authorization=,body= 
2022/06/24 04:30:22.827 [Debug 100 [msAPI] CommFunc Connect2WebService 7]---[Connect2WebService] url=https://stg-api.beanfun.com/v1/openid/token/verification?token=c55351ac84d545728a4ecff6484d33754fxp02i04c4o2azyrv80opj33w49rpy2,method=get,Authorization=,body= 
2022/06/24 04:30:33.984 [Debug 100 [msAPI] CommFunc Connect2WebService 7]---[Connect2WebService] url=https://stg-api.beanfun.com/v1/openid/token/verification?token=3fddc17e95694de1811334267da883487ghy7jfbi68qo928ayw1t4j3sp3jwkcw,method=get,Authorization=,body= 
2022/06/24 04:30:34.124 [Debug 100 [msAPI] CommFunc Connect2WebService 8]---[Connect2WebService] url=https://stg-api.beanfun.com/v1/openid/token/verification?token=506245c8143c41a88afd3560538ec159yilkcym4x3q1gyw3p9q3eb9gjgx6601n,method=get,Authorization=,body= 
2022/06/24 04:32:10.359 [Debug 100 [msAPI] CommFunc Connect2WebService 9]---[Connect2WebService] url=https://stg-api.beanfun.com/v1/openid/token/verification?token=d49d9533652843eaadd3d44d4057e679doi2x0xb2fdhcc9boeudhze4pcpv1qkj,method=get,Authorization=,body= 
2022/06/24 04:32:10.359 [Debug 100 [msAPI] CommFunc Connect2WebService 7]---[Connect2WebService] url=https://stg-api.beanfun.com/v1/openid/token/verification?token=ae7f48d0e0a04f08a8f727b80a1c8960j2ag1tj9o6y93ukh4ghdy0zrtc7wg2ya,method=get,Authorization=,body= 
2022/06/24 04:32:19.702 [Debug 100 [msAPI] CommFunc Connect2WebService 9]---[Connect2WebService] url=https://stg-api.beanfun.com/v1/openid/token/verification?token=893720be65544dda81999e5145ede4f4uqpn2cdb332nirjbxkhvic026awhz8jc,method=get,Authorization=,body= 
2022/06/24 04:32:19.734 [Debug 100 [msAPI] CommFunc Connect2WebService 12]---[Connect2WebService] url=https://stg-api.beanfun.com/v1/openid/token/verification?token=0d7591e4496e4209aa7bb4c11ca444fchsaylmdlzlrsisxcaml9atf9gzzlmacw,method=get,Authorization=,body= 
2022/06/24 04:32:27.187 [Debug 100 [msAPI] CommFunc Connect2WebService 9]---[Connect2WebService] url=https://stg-api.beanfun.com/v1/openid/token/verification?token=65e13e3cf2e44af7a0b5c8fa62362295c7frm9ndawojc2qxmoqs4m7cf9zw1xos,method=get,Authorization=,body= 
2022/06/24 04:32:33.062 [Debug 100 [msAPI] CommFunc Connect2WebService 15]---[Connect2WebService] url=https://stg-api.beanfun.com/v1/openid/token/verification?token=7ab933602d84442e95e0270bca499376yhyy4j5opa5dkfro54bwchkf9oca7wd1,method=get,Authorization=,body= 
2022/06/24 04:34:34.890 [Debug 100 [msAPI] CommFunc Connect2WebService 15]---[Connect2WebService] url=https://stg-api.beanfun.com/v1/openid/token/verification?token=9c3c46eed268480891711b694c3b90f0l3qd8t420d8n9fipa8dv7y6dns85vha4,method=get,Authorization=,body= 
2022/06/24 04:34:34.905 [Debug 100 [msAPI] CommFunc Connect2WebService 18]---[Connect2WebService] url=https://stg-api.beanfun.com/v1/openid/token/verification?token=6d9a719ee1b1415ab9424b7c0f5ecb58k3q85sdcesie66je9ja5tstlr9ac0jl6,method=get,Authorization=,body= 
2022/06/24 04:34:42.905 [Debug 100 [msAPI] CommFunc Connect2WebService 18]---[Connect2WebService] url=https://stg-api.beanfun.com/v1/openid/token/verification?token=17c42853636449d4b3ac7284d2509c71e16q7ae1zsp4rn6gczrwssy5uf67rs1h,method=get,Authorization=,body= 
2022/06/24 04:35:19.609 [Debug 100 [msAPI] CommFunc Connect2WebService 9]---[Connect2WebService] url=https://stg-api.beanfun.com/v1/openid/token/verification?token=ab22ee172437437eb1c11d498297b3d4xudlli39kbcaui8zbbuj6sbvyr3b5xhj,method=get,Authorization=,body= 
2022/06/24 04:35:19.671 [Debug 100 [msAPI] CommFunc Connect2WebService 15]---[Connect2WebService] url=https://stg-api.beanfun.com/v1/openid/token/verification?token=f3d80d53d3d743d2bd97e208d693bb6a0p3afowl5y1om7lclsd2hy2xfq263nsy,method=get,Authorization=,body= 
2022/06/24 04:35:42.015 [Debug 100 [msAPI] CommFunc Connect2WebService 20]---[Connect2WebService] url=https://stg-api.beanfun.com/v1/openid/token/verification?token=424e75741db14d6492f7b76722a36aaecjy07y280a6ss2dxllwpqhyy64a65dvc,method=get,Authorization=,body= 
2022/06/24 04:35:42.046 [Debug 100 [msAPI] CommFunc Connect2WebService 15]---[Connect2WebService] url=https://stg-api.beanfun.com/v1/openid/token/verification?token=b53fe0bb034f4b8fbc1b4a3c5b74fcc8vbn0et4qr134m20jq4hm4buezptxmh4h,method=get,Authorization=,body= 
2022/06/24 04:35:49.155 [Debug 100 [msAPI] CommFunc Connect2WebService 17]---[Connect2WebService] url=https://stg-api.beanfun.com/v1/openid/token/verification?token=6e517709f17d45f89d93b8bccd0b70e7npz5jeub6ztdcxw6it0ncqlh29889p3i,method=get,Authorization=,body= 
2022/06/24 04:36:06.187 [Debug 100 [msAPI] CommFunc Connect2WebService 20]---[Connect2WebService] url=https://stg-api.beanfun.com/v1/openid/token/verification?token=cdace4a760ae41c1bddf0fe957ccc507tl5zl1cohh0cz0hlkepe00a7eluc6tvo,method=get,Authorization=,body= 
2022/06/24 04:36:06.202 [Debug 100 [msAPI] CommFunc Connect2WebService 18]---[Connect2WebService] url=https://stg-api.beanfun.com/v1/openid/token/verification?token=ab788969a0a14f9490a4111f50f5a718m1bee4wz3lk1ek2kbbbqvznyjfusc67v,method=get,Authorization=,body= 
2022/06/24 04:36:14.124 [Debug 100 [msAPI] CommFunc Connect2WebService 9]---[Connect2WebService] url=https://stg-api.beanfun.com/v1/openid/token/verification?token=671e809030da4fe0b297ab7a2674e031zr74ijo81unnvwoiekoc9976lhtx5415,method=get,Authorization=,body= 
2022/06/24 04:36:14.124 [Debug 100 [msAPI] CommFunc Connect2WebService 18]---[Connect2WebService] url=https://stg-api.beanfun.com/v1/openid/token/verification?token=a5798f1f197a45d0898d129084509cf1gqm8tontguj4y56bj6426hh2n5tm25yv,method=get,Authorization=,body= 
2022/06/24 04:36:29.562 [Debug 100 [msAPI] CommFunc Connect2WebService 17]---[Connect2WebService] url=https://stg-api.beanfun.com/v1/openid/token/verification?token=ae1c92d12df34c4992f2f51597ecf4d9avqyjkb6f7qbh5c9e2p1gba7kn4lhocs,method=get,Authorization=,body= 
2022/06/24 04:36:29.562 [Debug 100 [msAPI] CommFunc Connect2WebService 19]---[Connect2WebService] url=https://stg-api.beanfun.com/v1/openid/token/verification?token=c67e84fdc6bf49a49e4c59cbbb8225258kmznq6n9fwgbz23t6u5teeni96ae2dz,method=get,Authorization=,body= 
2022/06/24 04:36:38.171 [Debug 100 [msAPI] CommFunc Connect2WebService 15]---[Connect2WebService] url=https://stg-api.beanfun.com/v1/openid/token/verification?token=c98467058c2b413ab9bf32a37d67eb7bv2mnc71nigocd3dc3zki590pi0xo1osh,method=get,Authorization=,body= 
2022/06/24 04:36:38.187 [Debug 100 [msAPI] CommFunc Connect2WebService 19]---[Connect2WebService] url=https://stg-api.beanfun.com/v1/openid/token/verification?token=a270a9a3517b4af3913018f5f854ef2548jgwdlaqb80fheoe1g1a3beauvk12yw,method=get,Authorization=,body= 
2022/06/24 04:36:45.765 [Debug 100 [msAPI] CommFunc Connect2WebService 17]---[Connect2WebService] url=https://stg-api.beanfun.com/v1/openid/token/verification?token=da020ebdc41847f1a0c57351f71610158h6shpd7vsz3hf4ghse73yucf7nq4r0x,method=get,Authorization=,body= 
2022/06/24 04:39:45.655 [Debug 100 [msAPI] CommFunc Connect2WebService 21]---[Connect2WebService] url=https://stg-api.beanfun.com/oauth2/v1/token,method=post,Authorization=c15489c1221846d38a7c2a4bba1a6168_oat,body={"grant_type":"authorization_code","code":"p1GFSqM3NH","redirect_uri":"https://stg-gamafun.beanfun.com"} 
2022/06/24 04:43:15.046 [Debug 100 [msAPI] CommFunc Connect2WebService 27]---[Connect2WebService] url=https://stg-api.beanfun.com/oauth2/v1/token,method=post,Authorization=c15489c1221846d38a7c2a4bba1a6168_oat,body={"grant_type":"authorization_code","code":"T4C3vrmUC1","redirect_uri":"https://stg-gamafun.beanfun.com"} 
2022/06/24 04:58:41.578 [Debug 100 [msAPI] CommFunc Connect2WebService 45]---[Connect2WebService] url=https://stg-api.beanfun.com/v1/openid/token/verification?token=105929ae0cde4610a2628fecb0f8a70dlr0n3xxkzwib6hyicww640vstz9ebdrx,method=get,Authorization=,body= 
2022/06/24 04:58:41.578 [Debug 100 [msAPI] CommFunc Connect2WebService 52]---[Connect2WebService] url=https://stg-api.beanfun.com/v1/openid/token/verification?token=0d33815150924ca28fcd4fba308b321f94umacm90bf4witpnar6tkp6rlylgpfs,method=get,Authorization=,body= 
2022/06/24 04:58:49.624 [Debug 100 [msAPI] CommFunc Connect2WebService 52]---[Connect2WebService] url=https://stg-api.beanfun.com/v1/openid/token/verification?token=e9674f3d71ff4ddc8725879451ad3f023rcrrwr6uegya3g803i3h3xzq8bbv4jx,method=get,Authorization=,body= 
2022/06/24 04:58:49.624 [Debug 100 [msAPI] CommFunc Connect2WebService 45]---[Connect2WebService] url=https://stg-api.beanfun.com/v1/openid/token/verification?token=0f7e400c9d654097975e3fa9cb0c1443h4ejdbmp63mn9uueb7dztqu3394gwf53,method=get,Authorization=,body= 
2022/06/24 04:58:53.734 [Debug 100 [msAPI] CommFunc Connect2WebService 45]---[Connect2WebService] url=https://stg-api.beanfun.com/v1/openid/token/verification?token=33191c3284c3451fad476594dcb0871cmum209o0jdevd3vvcrvhr4pa3yjqvx9a,method=get,Authorization=,body= 
2022/06/24 05:06:34.952 [Debug 100 [msAPI] CommFunc Connect2WebService 65]---[Connect2WebService] url=https://stg-api.beanfun.com/v1/openid/token/verification?token=cf93f2b164414dd58c216495564e25e98mngiau7butd595zsqy89i0gavub2gn4,method=get,Authorization=,body= 
2022/06/24 05:06:35.390 [Debug 100 [msAPI] CommFunc Connect2WebService 60]---[Connect2WebService] url=https://stg-api.beanfun.com/v1/openid/token/verification?token=d244f66bb7f94e20b63fecb8e213082ful383oc1sqmgw9i3m1zrikz31x9o7oov,method=get,Authorization=,body= 
2022/06/24 05:08:39.296 [Debug 100 [msAPI] CommFunc Connect2WebService 67]---[Connect2WebService] url=https://stg-api.beanfun.com/v1/openid/token/verification?token=defc9e5ce9cf4afea78569b6625c2edezecedkakw55vs8f2lxuwq3tpqdli6lwp,method=get,Authorization=,body= 
2022/06/24 05:08:45.749 [Debug 100 [msAPI] CommFunc Connect2WebService 67]---[Connect2WebService] url=https://stg-api.beanfun.com/v1/openid/token/verification?token=96745ff2a16047f6b95bfcb19e40a6c6opdy7jbn28a5ipjtbh8hqj9ln1ahvg25,method=get,Authorization=,body= 
2022/06/24 05:08:45.811 [Debug 100 [msAPI] CommFunc Connect2WebService 68]---[Connect2WebService] url=https://stg-api.beanfun.com/v1/openid/token/verification?token=be546803e9f04872873d382a8cb62d66jljumupuks382685ga3j79qkdowmhfy3,method=get,Authorization=,body= 
2022/06/24 05:10:04.733 [Debug 100 [msAPI] CommFunc Connect2WebService 67]---[Connect2WebService] url=https://stg-api.beanfun.com/v1/openid/token/verification?token=b1ef92d6bda343a2a886a979ab9b9fa8deh3bjuopbx058iwe37bepdj3t0407hf,method=get,Authorization=,body= 
2022/06/24 05:10:04.733 [Debug 100 [msAPI] CommFunc Connect2WebService 62]---[Connect2WebService] url=https://stg-api.beanfun.com/v1/openid/token/verification?token=b55346c21d4a4d8f805d8b87915595acfjg1n9047r5vlju5dtv6u7x1ij1l2w2z,method=get,Authorization=,body= 
2022/06/24 05:10:13.436 [Debug 100 [msAPI] CommFunc Connect2WebService 68]---[Connect2WebService] url=https://stg-api.beanfun.com/v1/openid/token/verification?token=28f95bb3fb7849ca8344360d345b43cflf03dlxitrs1s4d84j2vb052buh155c1,method=get,Authorization=,body= 
2022/06/24 05:10:13.452 [Debug 100 [msAPI] CommFunc Connect2WebService 67]---[Connect2WebService] url=https://stg-api.beanfun.com/v1/openid/token/verification?token=2c8e8ef77b124874ad0369a48c53284cg5kv68taqqtmtffwkqhyetirgn1jvpd5,method=get,Authorization=,body= 
2022/06/24 05:10:17.671 [Debug 100 [msAPI] CommFunc Connect2WebService 68]---[Connect2WebService] url=https://stg-api.beanfun.com/v1/openid/token/verification?token=4926416846a9466586c062209a0fab16mkmifudjcxa4aegyf0hipf8s6qt8gjex,method=get,Authorization=,body= 
2022/06/24 05:10:33.999 [Debug 100 [msAPI] CommFunc Connect2WebService 68]---[Connect2WebService] url=https://stg-api.beanfun.com/v1/openid/token/verification?token=0a2fd3d1b446438c8feb03dfd1efd6a0dod4oroen90ih4bwrqn48hp03783tg7w,method=get,Authorization=,body= 
2022/06/24 05:10:34.155 [Debug 100 [msAPI] CommFunc Connect2WebService 68]---[Connect2WebService] url=https://stg-api.beanfun.com/v1/openid/token/verification?token=22e0a99b2c744a66be64c47d61392e44vxkcfpibh8hxyh8bcalzsv1kgnokqvl8,method=get,Authorization=,body= 
2022/06/24 05:10:36.842 [Debug 100 [msAPI] CommFunc Connect2WebService 62]---[Connect2WebService] url=https://stg-api.beanfun.com/v1/openid/token/verification?token=0a3e6fcfa0774feaa8144beb3410ed31emeo0bytjgf3fjrnev6ejhawt24032z2,method=get,Authorization=,body= 
2022/06/24 05:11:26.452 [Debug 100 [msAPI] CommFunc Connect2WebService 70]---[Connect2WebService] url=https://stg-api.beanfun.com/v1/openid/token/verification?token=ab0cf1776ec2439680bf0b75d0fa466ax3fcdx137grzyw096g4qt3k4mrbbdf9o,method=get,Authorization=,body= 
2022/06/24 05:11:26.467 [Debug 100 [msAPI] CommFunc Connect2WebService 68]---[Connect2WebService] url=https://stg-api.beanfun.com/v1/openid/token/verification?token=d5bc36450e484c66ba482cc0198d8cf66lompfxwbikwmnpovz2gvbby7hbcot2j,method=get,Authorization=,body= 
2022/06/24 05:11:32.858 [Debug 100 [msAPI] CommFunc Connect2WebService 68]---[Connect2WebService] url=https://stg-api.beanfun.com/v1/openid/token/verification?token=735c799e1ab548f783046fac127eb6dfnqbg6hm75megsrsi4wyhn7gobiau5vev,method=get,Authorization=,body= 
2022/06/24 05:31:04.828 [Debug 100 [msAPI] CommFunc Connect2WebService 80]---[Connect2WebService] url=https://stg-api.beanfun.com/oauth2/v1/token,method=post,Authorization=c15489c1221846d38a7c2a4bba1a6168_oat,body={"grant_type":"authorization_code","code":"hGwTrwug3S","redirect_uri":"https://stg-gamafun.beanfun.com"} 
2022/06/24 05:37:39.968 [Debug 100 [msAPI] CommFunc Connect2WebService 70]---[Connect2WebService] url=https://stg-api.beanfun.com/oauth2/v1/token,method=post,Authorization=c15489c1221846d38a7c2a4bba1a6168_oat,body={"grant_type":"authorization_code","code":"54QRXNrACr","redirect_uri":"https://stg-gamafun.beanfun.com"} 
2022/06/24 05:42:31.296 [Debug 100 [msAPI] CommFunc Connect2WebService 65]---[Connect2WebService] url=https://stg-api.beanfun.com/v1/openid/token/verification?token=9e5411029c77405397343f739f182dfb6sg0mj1mximnmyx2zovn6f2vmwwkv41o,method=get,Authorization=,body= 
2022/06/24 05:42:31.343 [Debug 100 [msAPI] CommFunc Connect2WebService 70]---[Connect2WebService] url=https://stg-api.beanfun.com/v1/openid/token/verification?token=32a8fe7806ae45d99048f3281d114b45xf6e4mo1y65vi28ll9hf2mbxex3jpwta,method=get,Authorization=,body= 
2022/06/24 05:42:41.608 [Debug 100 [msAPI] CommFunc Connect2WebService 67]---[Connect2WebService] url=https://stg-api.beanfun.com/v1/openid/token/verification?token=78e29f5201794e54a76bf1b07c34b16f2fus3yfocbk5k5err2pulbdsy0phq0zp,method=get,Authorization=,body= 
2022/06/24 05:43:24.155 [Debug 100 [msAPI] CommFunc Connect2WebService 67]---[Connect2WebService] url=https://stg-api.beanfun.com/v1/openid/token/verification?token=cffe8796f14a47e5bf5730cc55951e62olqqtfdjhtpuaoq6wvsckrddyc3cc0qx,method=get,Authorization=,body= 
2022/06/24 05:43:24.343 [Debug 100 [msAPI] CommFunc Connect2WebService 70]---[Connect2WebService] url=https://stg-api.beanfun.com/v1/openid/token/verification?token=fe03eda9430b410287f3f2ce854f1518dyds1t7vlsl7dz8d4vm4j7cfohhavmqu,method=get,Authorization=,body= 
2022/06/24 05:43:29.639 [Debug 100 [msAPI] CommFunc Connect2WebService 70]---[Connect2WebService] url=https://stg-api.beanfun.com/v1/openid/token/verification?token=5ed67ac256b845a2ab0db92369113c3bo27tja0wtsj5y5azj0rvnnfg3vpqd2ho,method=get,Authorization=,body= 
2022/06/24 05:43:53.827 [Debug 100 [msAPI] CommFunc Connect2WebService 67]---[Connect2WebService] url=https://stg-api.beanfun.com/v1/openid/token/verification?token=54b93d7b827747388d493f0b97d3b77espn5um1hpbnkolfll5tar5iqzcvfqfr5,method=get,Authorization=,body= 
2022/06/24 06:27:59.687 [Debug 100 [msAPI] CommFunc Connect2WebService 12]---[Connect2WebService] url=https://stg-api.beanfun.com/v1/openid/token/verification?token=e95b28ac47f94e0f8f566acc9b49738dg7lxhh0has93fzqp2z7pjokvovwulh51,method=get,Authorization=,body= 
2022/06/24 06:28:50.202 [Debug 100 [msAPI] CommFunc Connect2WebService 13]---[Connect2WebService] url=https://stg-api.beanfun.com/v1/openid/token/verification?token=33ff2a20aedb43e49adae3640d8c9794pa94w6vt2afyrhqdxqjlef9ebo3zg1ea,method=get,Authorization=,body= 
2022/06/24 06:38:15.030 [Debug 100 [msAPI] CommFunc Connect2WebService 23]---[Connect2WebService] url=https://stg-api.beanfun.com/v1/openid/token/verification?token=a4c7db956ef24ca2ac84b71c098d2e63xq8owx73spm5hkfff0ppbhy969fxyu1a,method=get,Authorization=,body= 
2022/06/24 06:38:15.265 [Debug 100 [msAPI] CommFunc Connect2WebService 24]---[Connect2WebService] url=https://stg-api.beanfun.com/v1/openid/token/verification?token=6bcf675674db4a89a2160822105f107fhgvz1u467jh4ngq5bqwvbs7mj000ur5k,method=get,Authorization=,body= 
2022/06/24 06:38:22.108 [Debug 100 [msAPI] CommFunc Connect2WebService 28]---[Connect2WebService] url=https://stg-api.beanfun.com/v1/openid/token/verification?token=9650d0cb825d4c0a927089eacfd27d2f644gnlbqyxdufr6l93popx7iko1gd5tv,method=get,Authorization=,body= 
2022/06/24 06:38:22.233 [Debug 100 [msAPI] CommFunc Connect2WebService 21]---[Connect2WebService] url=https://stg-api.beanfun.com/v1/openid/token/verification?token=da3d5bb28ec5439d9281bde65ac8a9980p9mb29hkv1akx275wj7vd4zg277syvu,method=get,Authorization=,body= 
2022/06/24 06:39:00.124 [Debug 100 [msAPI] CommFunc Connect2WebService 21]---[Connect2WebService] url=https://stg-api.beanfun.com/v1/openid/token/verification?token=00c32f9c450641d88598fa183b1033202qf9i95zceiu62mi6etb8o392oe77cql,method=get,Authorization=,body= 
2022/06/24 06:39:00.124 [Debug 100 [msAPI] CommFunc Connect2WebService 25]---[Connect2WebService] url=https://stg-api.beanfun.com/v1/openid/token/verification?token=e21fd6ab53524246a29041bfafe2ec75fdw2hlyfgglfui6v96yggvnxle26bz6z,method=get,Authorization=,body= 
2022/06/24 06:39:02.671 [Debug 100 [msAPI] CommFunc Connect2WebService 21]---[Connect2WebService] url=https://stg-api.beanfun.com/v1/openid/token/verification?token=c550086728f14eaca9656f6180b54081pqe9gcdop8efqyjmobchxfgn2uej8htl,method=get,Authorization=,body= 
2022/06/24 06:39:02.890 [Debug 100 [msAPI] CommFunc Connect2WebService 23]---[Connect2WebService] url=https://stg-api.beanfun.com/v1/openid/token/verification?token=c139334e68e84ab58a001e860525d8ea57o7s6sryh8reyv8trl97n81qp2ssfjb,method=get,Authorization=,body= 
2022/06/24 06:39:07.171 [Debug 100 [msAPI] CommFunc Connect2WebService 28]---[Connect2WebService] url=https://stg-api.beanfun.com/v1/openid/token/verification?token=d14ca08049dd4066b4df60968f1bb8abznmhhgrlp2ryx9ujpppgil6jgryuv606,method=get,Authorization=,body= 
2022/06/24 06:39:10.858 [Debug 100 [msAPI] CommFunc Connect2WebService 24]---[Connect2WebService] url=https://stg-api.beanfun.com/v1/openid/token/verification?token=d972f5a7f57b40c8a5d1af9e5441af1f59huxqqekerz58khmcrnpe36tte6plbo,method=get,Authorization=,body= 
2022/06/24 06:39:10.874 [Debug 100 [msAPI] CommFunc Connect2WebService 21]---[Connect2WebService] url=https://stg-api.beanfun.com/v1/openid/token/verification?token=cb5db95bd5bf41d58967b2a0c5f3834f5805bqlco4xe907rlwct8gturpfb2gh7,method=get,Authorization=,body= 
2022/06/24 06:39:21.733 [Debug 100 [msAPI] CommFunc Connect2WebService 27]---[Connect2WebService] url=https://stg-api.beanfun.com/v1/openid/token/verification?token=d0658b9c76b84e5ea5e9f75a4598c79crte8o34rbb4t8fk4aa3ofqeqhpyoa8da,method=get,Authorization=,body= 
2022/06/24 06:39:21.749 [Debug 100 [msAPI] CommFunc Connect2WebService 26]---[Connect2WebService] url=https://stg-api.beanfun.com/v1/openid/token/verification?token=13b53ec5ca494d44bedda36da88e33cbmhhvfa64t2jbsf76jgixp7q2mvrqgily,method=get,Authorization=,body= 
2022/06/24 06:39:30.202 [Debug 100 [msAPI] CommFunc Connect2WebService 23]---[Connect2WebService] url=https://stg-api.beanfun.com/v1/openid/token/verification?token=225f105dbc924a459b7c606f102fdb7dss0op1sy57b8h67o0hwwgobq4g7xpp12,method=get,Authorization=,body= 
2022/06/24 06:39:30.218 [Debug 100 [msAPI] CommFunc Connect2WebService 24]---[Connect2WebService] url=https://stg-api.beanfun.com/v1/openid/token/verification?token=bbe556a34f2c4c959943dd7547f54fb9d0972h63kfrfbd7h3vsjjrfyonoccla3,method=get,Authorization=,body= 
2022/06/24 06:39:36.530 [Debug 100 [msAPI] CommFunc Connect2WebService 28]---[Connect2WebService] url=https://stg-api.beanfun.com/v1/openid/token/verification?token=6ec472dbe25c441eaea96bf23d14c1a6tfgh1e1cm0i2p5r1klnp6s40op8qg4lr,method=get,Authorization=,body= 
2022/06/24 06:42:54.171 [Debug 100 [msAPI] CommFunc Connect2WebService 21]---[Connect2WebService] url=https://stg-api.beanfun.com/v1/openid/token/verification?token=39ae3299c2b54c6ab81601375384a1c0cp5p4wggxxezcd9b8dv3y20kxdk1411x,method=get,Authorization=,body= 
2022/06/24 06:43:37.077 [Debug 100 [msAPI] CommFunc Connect2WebService 25]---[Connect2WebService] url=https://stg-api.beanfun.com/v1/openid/token/verification?token=dace2baf67f44d2d96cefd0aa057799czdqouqaxc932kyhgm1xl5s9d11iekqcn,method=get,Authorization=,body= 
2022/06/24 06:43:37.077 [Debug 100 [msAPI] CommFunc Connect2WebService 21]---[Connect2WebService] url=https://stg-api.beanfun.com/v1/openid/token/verification?token=271437cd81c640d69eeaa960cccb0480yiyp2rngmiqrc678zxy9s6dorgj4s7yd,method=get,Authorization=,body= 
2022/06/24 07:04:00.546 [Debug 100 [msAPI] CommFunc Connect2WebService 42]---[Connect2WebService] url=https://stg-api.beanfun.com/v1/openid/token/verification?token=875f8debb7dc4aa6ae2a98106e11bedcnzne7pmawiglq7gwt6f4fajkekftrklf,method=get,Authorization=,body= 
2022/06/24 07:04:00.546 [Debug 100 [msAPI] CommFunc Connect2WebService 45]---[Connect2WebService] url=https://stg-api.beanfun.com/v1/openid/token/verification?token=3600cafc43ec45fb9429b705a93991bc3ode3pi4j2kwn615gz8wgrvslvj25p2k,method=get,Authorization=,body= 
2022/06/24 07:04:30.030 [Debug 100 [msAPI] CommFunc Connect2WebService 48]---[Connect2WebService] url=https://stg-api.beanfun.com/v1/openid/token/verification?token=5bada0cec6814353b7a6aefc35a22c24k74jopo54of1cq8mhhy2o0uupqambr3d,method=get,Authorization=,body= 
2022/06/24 07:04:30.030 [Debug 100 [msAPI] CommFunc Connect2WebService 42]---[Connect2WebService] url=https://stg-api.beanfun.com/v1/openid/token/verification?token=7efb2a7a1e05427181aafd2df0537b04rlyac4h8w691yb2cliig4i8hlhq0lxl6,method=get,Authorization=,body= 
2022/06/24 07:04:45.030 [Debug 100 [msAPI] CommFunc Connect2WebService 45]---[Connect2WebService] url=https://stg-api.beanfun.com/v1/openid/token/verification?token=9ff988c199ea456aad281e52dc0220e3j3ngxegq6y23l9imnh85xg5j5gtkdiq1,method=get,Authorization=,body= 
2022/06/24 07:54:41.984 [Debug 100 [msAPI] CommFunc Connect2WebService 32]---[Connect2WebService] url=https://stg-api.beanfun.com/v1/openid/token/verification?token=03706e0b1c99470e887cb5e04b224c9aaxmhd6zbi59ndxs44o2ghlah02as7ijh,method=get,Authorization=,body= 
2022/06/24 07:54:41.984 [Debug 100 [msAPI] CommFunc Connect2WebService 30]---[Connect2WebService] url=https://stg-api.beanfun.com/v1/openid/token/verification?token=fec45248727d46488051d617a462295c9fq2dro5hyn9fnjumiczkezy8n7crwea,method=get,Authorization=,body= 
2022/06/24 07:54:50.968 [Debug 100 [msAPI] CommFunc Connect2WebService 32]---[Connect2WebService] url=https://stg-api.beanfun.com/v1/openid/token/verification?token=0dcc92f633ce4b3a8d4e22b797788fc3htiew78b0uwloxv5n17kij2xxbsvcphs,method=get,Authorization=,body= 
2022/06/24 07:54:50.968 [Debug 100 [msAPI] CommFunc Connect2WebService 34]---[Connect2WebService] url=https://stg-api.beanfun.com/v1/openid/token/verification?token=fa17a601796b4da48fa67b19a8228a55v0mw3vsw1fumfy1tlvpy8e5w1lg28f76,method=get,Authorization=,body= 
2022/06/24 07:55:05.343 [Debug 100 [msAPI] CommFunc Connect2WebService 32]---[Connect2WebService] url=https://stg-api.beanfun.com/oauth2/v1/token,method=post,Authorization=c15489c1221846d38a7c2a4bba1a6168_oat,body={"grant_type":"authorization_code","code":"wnCdxt3V53","redirect_uri":"https://stg-gamafun.beanfun.com"} 
2022/06/24 08:22:12.249 [Debug 100 [msAPI] CommFunc Connect2WebService 54]---[Connect2WebService] url=https://stg-api.beanfun.com/oauth2/v1/token,method=post,Authorization=c15489c1221846d38a7c2a4bba1a6168_oat,body={"grant_type":"authorization_code","code":"QYXao8Ubru","redirect_uri":"https://stg-gamafun.beanfun.com"} 
2022/06/24 08:24:18.437 [Debug 100 [msAPI] CommFunc Connect2WebService 60]---[Connect2WebService] url=https://stg-api.beanfun.com/oauth2/v1/token,method=post,Authorization=c15489c1221846d38a7c2a4bba1a6168_oat,body={"grant_type":"authorization_code","code":"awbOrTdmGq","redirect_uri":"https://stg-gamafun.beanfun.com"} 
2022/06/24 08:25:32.109 [Debug 100 [msAPI] CommFunc Connect2WebService 62]---[Connect2WebService] url=https://stg-api.beanfun.com/v1/openid/token/verification?token=0051922d643d44098fcb4f3f488405cbhns7emibejv8omv8xv8d3wlxbeggs862,method=get,Authorization=,body= 
2022/06/24 08:25:42.390 [Debug 100 [msAPI] CommFunc Connect2WebService 63]---[Connect2WebService] url=https://stg-api.beanfun.com/v1/openid/token/verification?token=854eebc29fc44810968f4ece1a1d7297f6cdfoz2wcvb4cfidltzj3b8a9152jtf,method=get,Authorization=,body= 
2022/06/24 08:25:42.390 [Debug 100 [msAPI] CommFunc Connect2WebService 62]---[Connect2WebService] url=https://stg-api.beanfun.com/v1/openid/token/verification?token=e325f605ad024c658d18c5dc0d36871b1b8obn0m71p69o88pvxosr02snerw072,method=get,Authorization=,body= 
2022/06/24 08:32:14.593 [Debug 100 [msAPI] CommFunc Connect2WebService 67]---[Connect2WebService] url=https://stg-api.beanfun.com/v1/openid/token/verification?token=0061c7554cc543f98bccb4a04cb32490p2ccut0znvkz29ue798u6a58aro9ugj8,method=get,Authorization=,body= 
2022/06/24 08:32:23.843 [Debug 100 [msAPI] CommFunc Connect2WebService 70]---[Connect2WebService] url=https://stg-api.beanfun.com/v1/openid/token/verification?token=d38c37faaa454a5396c93ccfeca1674fgm4jqcfu52uts97wcxbs8i5rmprdz2pm,method=get,Authorization=,body= 
2022/06/24 08:32:23.859 [Debug 100 [msAPI] CommFunc Connect2WebService 71]---[Connect2WebService] url=https://stg-api.beanfun.com/v1/openid/token/verification?token=135073308f1e4f138581023d36654e82pglaolgtfy1341bq4rjn84nnx0ehgzhl,method=get,Authorization=,body= 
2022/06/24 08:43:43.358 [Debug 100 [msAPI] CommFunc Connect2WebService 67]---[Connect2WebService] url=https://stg-api.beanfun.com/v1/openid/token/verification?token=2546bedaa0a74367a681b99cf3f3efd1di1c8a5m6hvtdunhtiqi5lzd7lhm1eor,method=get,Authorization=,body= 
2022/06/24 08:43:43.374 [Debug 100 [msAPI] CommFunc Connect2WebService 77]---[Connect2WebService] url=https://stg-api.beanfun.com/v1/openid/token/verification?token=a3bfd1a6ed14408681e694f2c44d39aevhdknecnt3kta2b4xr3899iji6jrqto0,method=get,Authorization=,body= 
2022/06/24 08:43:59.671 [Debug 100 [msAPI] CommFunc Connect2WebService 79]---[Connect2WebService] url=https://stg-api.beanfun.com/v1/openid/token/verification?token=eb66de0ed1d94426b4dca9b5fcc6e0b4co65zxsbt049xqu5tgmtvilglmcflx4o,method=get,Authorization=,body= 
2022/06/24 08:43:59.921 [Debug 100 [msAPI] CommFunc Connect2WebService 81]---[Connect2WebService] url=https://stg-api.beanfun.com/v1/openid/token/verification?token=b24e19c237d34df79a4918f61e98aa6as3wkomcjqmwpedqljf9rl0hpuoxhlf5c,method=get,Authorization=,body= 
2022/06/24 08:44:21.921 [Debug 100 [msAPI] CommFunc Connect2WebService 67]---[Connect2WebService] url=https://stg-api.beanfun.com/v1/openid/token/verification?token=45aff14d9dbe4d4dbb4e7749fffa484dunbj8lt55p7ablhgaxpfcjyopv5ei9vg,method=get,Authorization=,body= 
2022/06/24 08:44:22.014 [Debug 100 [msAPI] CommFunc Connect2WebService 81]---[Connect2WebService] url=https://stg-api.beanfun.com/v1/openid/token/verification?token=ac74dd2d67b0427785e35609543c507ai7mrn0lgo3y0vte7oi6cbb81rsv0p5ke,method=get,Authorization=,body= 
2022/06/24 08:44:57.156 [Debug 100 [msAPI] CommFunc Connect2WebService 75]---[Connect2WebService] url=https://stg-api.beanfun.com/v1/openid/token/verification?token=76d7c4d6231242b08d393954d453ebbbd5j2gvrzmt837r2619qwsw64j8yeqktu,method=get,Authorization=,body= 
2022/06/24 08:45:00.062 [Debug 100 [msAPI] CommFunc Connect2WebService 79]---[Connect2WebService] url=https://stg-api.beanfun.com/v1/openid/token/verification?token=e854c61a72474c2f847ffe986fe983ddp2i7hjzl4zujoktdvlsrn51h22fznmfx,method=get,Authorization=,body= 
2022/06/24 08:45:00.078 [Debug 100 [msAPI] CommFunc Connect2WebService 77]---[Connect2WebService] url=https://stg-api.beanfun.com/v1/openid/token/verification?token=9c712c39b75341aabef88576869fb14a7tcjst4h36zp9y7ope2zhjgisx47q8x6,method=get,Authorization=,body= 
2022/06/24 08:45:03.015 [Debug 100 [msAPI] CommFunc Connect2WebService 77]---[Connect2WebService] url=https://stg-api.beanfun.com/v1/openid/token/verification?token=b6d1e61d9bcd48948303d3780c5b9497tjedtpnxvrltcwergn2hwjr7vr70o13y,method=get,Authorization=,body= 
2022/06/24 08:46:17.250 [Debug 100 [msAPI] CommFunc Connect2WebService 80]---[Connect2WebService] url=https://stg-api.beanfun.com/v1/openid/token/verification?token=507a9219a13c46f182f5da914113be37lal2mr8xmyts2mf6muedpvc8jswxkca6,method=get,Authorization=,body= 
2022/06/24 08:46:17.406 [Debug 100 [msAPI] CommFunc Connect2WebService 81]---[Connect2WebService] url=https://stg-api.beanfun.com/v1/openid/token/verification?token=7766ec1170a24d00a80ad013ac224650d095mec12reyca8zegbt81fqhdrjnnlo,method=get,Authorization=,body= 
2022/06/24 08:47:39.187 [Debug 100 [msAPI] CommFunc Connect2WebService 77]---[Connect2WebService] url=https://stg-api.beanfun.com/v1/openid/token/verification?token=90d61a634c4b4994860a370fce7cc54e806rauaqz74iaxn9gc9j30tvtnf2t1uw,method=get,Authorization=,body= 
2022/06/24 08:47:39.328 [Debug 100 [msAPI] CommFunc Connect2WebService 74]---[Connect2WebService] url=https://stg-api.beanfun.com/v1/openid/token/verification?token=35411100a993455a90c8a20393d3c4ad5gxv22b8peive3tdhlqzcdetp3fdt8bd,method=get,Authorization=,body= 
2022/06/24 08:47:49.265 [Debug 100 [msAPI] CommFunc Connect2WebService 75]---[Connect2WebService] url=https://stg-api.beanfun.com/v1/openid/token/verification?token=0c81678c6c1446dabee9764db06f6eebeuovzffo1fok4s96g07k4u3hrmzgi82b,method=get,Authorization=,body= 
2022/06/24 08:47:49.328 [Debug 100 [msAPI] CommFunc Connect2WebService 77]---[Connect2WebService] url=https://stg-api.beanfun.com/v1/openid/token/verification?token=7eb0c742943a4c0dad54691066f2bf21aawxang584t6itpe6u475rf7k6zb1ur6,method=get,Authorization=,body= 
2022/06/24 08:49:23.999 [Debug 100 [msAPI] CommFunc Connect2WebService 75]---[Connect2WebService] url=https://stg-api.beanfun.com/v1/openid/token/verification?token=1b76db95882c4bda972cea5b63d6073binsc93270ktgtk821pbuf2m4f4b4ndzl,method=get,Authorization=,body= 
2022/06/24 08:52:13.609 [Debug 100 [msAPI] CommFunc Connect2WebService 83]---[Connect2WebService] url=https://stg-api.beanfun.com/v1/openid/token/verification?token=18fdc5c68d51465aab844792375c4bbdgqfp4sawhvyeeo3rb4zbztex9cy71884,method=get,Authorization=,body= 
2022/06/24 08:52:17.546 [Debug 100 [msAPI] CommFunc Connect2WebService 83]---[Connect2WebService] url=https://stg-api.beanfun.com/v1/openid/token/verification?token=62fdf95f82964415a8d26fba57e959be8v7ss40jydbv2ztaaxhx98mq0o5lkdfm,method=get,Authorization=,body= 
2022/06/24 08:52:17.577 [Debug 100 [msAPI] CommFunc Connect2WebService 74]---[Connect2WebService] url=https://stg-api.beanfun.com/v1/openid/token/verification?token=c522d2054dba4237b5ef0cfc980f1103mkk2vsgjctlidyk6egj5h65uqytjz2n2,method=get,Authorization=,body= 
2022/06/24 08:52:29.734 [Debug 100 [msAPI] CommFunc Connect2WebService 83]---[Connect2WebService] url=https://stg-api.beanfun.com/v1/openid/token/verification?token=05bcd6309acd451ab2ebdff21861b49625gjl765sjsja4s7khriij8zipp45904,method=get,Authorization=,body= 
2022/06/24 08:52:39.312 [Debug 100 [msAPI] CommFunc Connect2WebService 83]---[Connect2WebService] url=https://stg-api.beanfun.com/oauth2/v1/token,method=post,Authorization=c15489c1221846d38a7c2a4bba1a6168_oat,body={"grant_type":"authorization_code","code":"RNGQygtqcV","redirect_uri":"https://stg-gamafun.beanfun.com"} 
2022/06/24 08:52:50.109 [Debug 100 [msAPI] CommFunc Connect2WebService 67]---[Connect2WebService] url=https://stg-api.beanfun.com/v1/openid/token/verification?token=9a17bbec9bc143cbb2aaa89a27d1f3c7lgvrmgz8qkyyoaequki8bx0mvvjagnv3,method=get,Authorization=,body= 
2022/06/24 08:52:50.109 [Debug 100 [msAPI] CommFunc Connect2WebService 83]---[Connect2WebService] url=https://stg-api.beanfun.com/v1/openid/token/verification?token=f79c438142b240e1a0f1dea5ca6367110i6h1hc4puxbqnp8ux8a8ytwz9lxxy5i,method=get,Authorization=,body= 
2022/06/24 08:53:23.671 [Debug 100 [msAPI] CommFunc Connect2WebService 67]---[Connect2WebService] url=https://stg-api.beanfun.com/v1/openid/token/verification?token=500d307f5a154e2280358cd2e3a36fd5f79rizst7pbeegzbapan7kvcv90wyrbk,method=get,Authorization=,body= 
2022/06/24 08:53:23.780 [Debug 100 [msAPI] CommFunc Connect2WebService 67]---[Connect2WebService] url=https://stg-api.beanfun.com/v1/openid/token/verification?token=40834dfce36e4eefb7770f206be7b4f7v7u3jbiq3dhneqhauaeg4u5f1i0z3os8,method=get,Authorization=,body= 
2022/06/24 08:53:27.734 [Debug 100 [msAPI] CommFunc Connect2WebService 67]---[Connect2WebService] url=https://stg-api.beanfun.com/v1/openid/token/verification?token=138965ed90454d38b67d458c0c8fd69evp6l6bcq5qc8rrpx6u9on2to0sfugvlj,method=get,Authorization=,body= 
2022/06/24 08:53:30.624 [Debug 100 [msAPI] CommFunc Connect2WebService 67]---[Connect2WebService] url=https://stg-api.beanfun.com/v1/openid/token/verification?token=3502dd3aa878448d9cc75881ae3d7c05adhl2fz5w8v4oxgiwccszdfk3z84cuyx,method=get,Authorization=,body= 
2022/06/24 08:53:30.827 [Debug 100 [msAPI] CommFunc Connect2WebService 67]---[Connect2WebService] url=https://stg-api.beanfun.com/v1/openid/token/verification?token=3415673253f1475ca8715c81fb53e90ahucl6ki7efjtksek3ejohaydsrywm1wg,method=get,Authorization=,body= 
2022/06/24 08:53:34.640 [Debug 100 [msAPI] CommFunc Connect2WebService 83]---[Connect2WebService] url=https://stg-api.beanfun.com/v1/openid/token/verification?token=daaa22a53f564a4388c923a6421b147e8w9gymueayjjgs9ia63aadamawba69qa,method=get,Authorization=,body= 
2022/06/24 08:53:35.780 [Debug 100 [msAPI] CommFunc Connect2WebService 85]---[Connect2WebService] url=https://stg-api.beanfun.com/v1/openid/token/verification?token=4f8b07251fdb4776857c0a8c5625d6dd7qby35ddluqfl9er4hp6nbtt3p0rr66o,method=get,Authorization=,body= 
2022/06/24 08:53:35.890 [Debug 100 [msAPI] CommFunc Connect2WebService 83]---[Connect2WebService] url=https://stg-api.beanfun.com/v1/openid/token/verification?token=534775aa323e4cb28f82211a68562ab6w54iud9l27xvppyic4pfi6f288q37h5c,method=get,Authorization=,body= 
2022/06/24 08:53:37.280 [Debug 100 [msAPI] CommFunc Connect2WebService 67]---[Connect2WebService] url=https://stg-api.beanfun.com/v1/openid/token/verification?token=1df91c8259d441b6985bb3727b3bb9f2lgtcvcbl8vaij39cgpaqg5swigxkboc4,method=get,Authorization=,body= 
2022/06/24 08:53:37.343 [Debug 100 [msAPI] CommFunc Connect2WebService 85]---[Connect2WebService] url=https://stg-api.beanfun.com/v1/openid/token/verification?token=88bdd1d9e9ce497ebef76c1786f9a3e0rx6uviqu802wk2uqho8053h8qnxue3x5,method=get,Authorization=,body= 
2022/06/24 08:53:48.202 [Debug 100 [msAPI] CommFunc Connect2WebService 85]---[Connect2WebService] url=https://stg-api.beanfun.com/v1/openid/token/verification?token=baf73e2d40084a12a6caa701419525f2m3kchaompbgc1e445zmrymfimwdomjho,method=get,Authorization=,body= 
2022/06/24 08:53:48.218 [Debug 100 [msAPI] CommFunc Connect2WebService 83]---[Connect2WebService] url=https://stg-api.beanfun.com/v1/openid/token/verification?token=93c64b4dd0c447dda6a99aa0f3432f9748b4hjgd7f6fnqj1w7iuyh38v5olg5ml,method=get,Authorization=,body= 
2022/06/24 08:55:19.468 [Debug 100 [msAPI] CommFunc Connect2WebService 83]---[Connect2WebService] url=https://stg-api.beanfun.com/v1/openid/token/verification?token=08cf04d9d4cc41e29cd1cd5d123098ccswjt5ugxcu4bayzkasc5333cem1owibc,method=get,Authorization=,body= 
2022/06/24 08:55:57.656 [Debug 100 [msAPI] CommFunc Connect2WebService 83]---[Connect2WebService] url=https://stg-api.beanfun.com/v1/openid/token/verification?token=dae7fa10e57f4b02a58ebe69152f1f92gdvxa2ptg4t1fadv4j2nqxo2kmf8gnzg,method=get,Authorization=,body= 
2022/06/24 08:56:02.296 [Debug 100 [msAPI] CommFunc Connect2WebService 86]---[Connect2WebService] url=https://stg-api.beanfun.com/v1/openid/token/verification?token=6600533c80c4448d97d18b846e7db282720y9208oy0s18l1bszwykfhdhzk3xpr,method=get,Authorization=,body= 
2022/06/24 08:56:34.858 [Debug 100 [msAPI] CommFunc Connect2WebService 86]---[Connect2WebService] url=https://stg-api.beanfun.com/v1/openid/token/verification?token=289148ee249049ffb3cb360be034595a88jqug7nr5lohrjyznzsj2eua5h78o9i,method=get,Authorization=,body= 
2022/06/24 08:56:35.015 [Debug 100 [msAPI] CommFunc Connect2WebService 83]---[Connect2WebService] url=https://stg-api.beanfun.com/v1/openid/token/verification?token=7c5b791dca5a4781a75e1c0927fdfa62ly0h64gehu4gzf2a03c4u1hr2k3vov4q,method=get,Authorization=,body= 
2022/06/24 08:56:38.562 [Debug 100 [msAPI] CommFunc Connect2WebService 67]---[Connect2WebService] url=https://stg-api.beanfun.com/v1/openid/token/verification?token=c1946534cd2e406483d823a9b7eee9b2y6gcz5a7hl5heysp03d24x1d5kircur7,method=get,Authorization=,body= 
2022/06/24 08:56:38.624 [Debug 100 [msAPI] CommFunc Connect2WebService 86]---[Connect2WebService] url=https://stg-api.beanfun.com/v1/openid/token/verification?token=9e1c49d3f9d547cba4fdb461e7136a4a9rtn2yunfw99jwo2qh78xp8sk8sdibuc,method=get,Authorization=,body= 
2022/06/24 08:56:42.765 [Debug 100 [msAPI] CommFunc Connect2WebService 83]---[Connect2WebService] url=https://stg-api.beanfun.com/v1/openid/token/verification?token=63e7f83ab12845c58752b77da7fc32727lhxwtcuo9q1mvsbjcfffkwbi61zbzyv,method=get,Authorization=,body= 
2022/06/24 08:56:42.812 [Debug 100 [msAPI] CommFunc Connect2WebService 86]---[Connect2WebService] url=https://stg-api.beanfun.com/v1/openid/token/verification?token=b085b808cfa54cab99f8ed7ed30354964lbcvz2xzibvu4h9qwuiqpgpog1zy2ad,method=get,Authorization=,body= 
2022/06/24 08:56:51.327 [Debug 100 [msAPI] CommFunc Connect2WebService 83]---[Connect2WebService] url=https://stg-api.beanfun.com/v1/openid/token/verification?token=626ead8a1b4742edb6b16acb057465c9xzzuf9x5wkgcozme6c0v3g7bcejdg846,method=get,Authorization=,body= 
2022/06/24 08:56:55.093 [Debug 100 [msAPI] CommFunc Connect2WebService 86]---[Connect2WebService] url=https://stg-api.beanfun.com/v1/openid/token/verification?token=e8addd925d6c4d5caf938f73188f700bct8cwteqy495ipnfp4bg9f6ymje76nop,method=get,Authorization=,body= 
2022/06/24 08:57:02.624 [Debug 100 [msAPI] CommFunc Connect2WebService 67]---[Connect2WebService] url=https://stg-api.beanfun.com/v1/openid/token/verification?token=13ad211223744d75a7b9c3ec4877ce19strjx54t1u4q1g5js7ognr7f5s82f25t,method=get,Authorization=,body= 
2022/06/24 08:57:34.531 [Debug 100 [msAPI] CommFunc Connect2WebService 83]---[Connect2WebService] url=https://stg-api.beanfun.com/v1/openid/token/verification?token=f412b9dbcb6b4a29b5a967f74dd48545lqsyy3m6qjx5kzixpvpq1mbzc0k212pa,method=get,Authorization=,body= 
2022/06/24 08:57:39.906 [Debug 100 [msAPI] CommFunc Connect2WebService 67]---[Connect2WebService] url=https://stg-api.beanfun.com/v1/openid/token/verification?token=b1d612de8c3a4366a44edc2a9d47241bhor6g7j9qkyldi63bwwmjp6iuaeyoqoj,method=get,Authorization=,body= 
2022/06/24 08:57:39.906 [Debug 100 [msAPI] CommFunc Connect2WebService 83]---[Connect2WebService] url=https://stg-api.beanfun.com/v1/openid/token/verification?token=a58eb6ac5e07463bae76f90c8c1cfdd02tr31717zqylqbta4283v1chh58ufnwl,method=get,Authorization=,body= 
2022/06/24 08:57:56.374 [Debug 100 [msAPI] CommFunc Connect2WebService 85]---[Connect2WebService] url=https://stg-api.beanfun.com/v1/openid/token/verification?token=1326195f54564e92992e1f587c7179aefknv7f4egjduf23pi6jdwd6cmuqz86hc,method=get,Authorization=,body= 
2022/06/24 08:57:56.390 [Debug 100 [msAPI] CommFunc Connect2WebService 67]---[Connect2WebService] url=https://stg-api.beanfun.com/v1/openid/token/verification?token=0c7109dfcbc44078a5086c74a91fc1c52z38b4appd9qvcp2shhhkmhgm5xaes93,method=get,Authorization=,body= 
2022/06/24 08:58:42.124 [Debug 100 [msAPI] CommFunc Connect2WebService 83]---[Connect2WebService] url=https://stg-api.beanfun.com/v1/openid/token/verification?token=14dac6008cc94d378dbe260aa875f890yz156z2fn5b037rxc6vlgyvbp9x0rnzj,method=get,Authorization=,body= 
2022/06/24 08:58:42.187 [Debug 100 [msAPI] CommFunc Connect2WebService 85]---[Connect2WebService] url=https://stg-api.beanfun.com/v1/openid/token/verification?token=0d63e8d74f6d436fb49dbd7b142f0dd8ir2ynokl50imm6dgy5xkq18n3ziodi36,method=get,Authorization=,body= 
2022/06/24 08:58:44.765 [Debug 100 [msAPI] CommFunc Connect2WebService 67]---[Connect2WebService] url=https://stg-api.beanfun.com/v1/openid/token/verification?token=a9fb6b03864a43d2909db5e348a2a63cwpte8m2sutyyxv228tiqlnn6extugnam,method=get,Authorization=,body= 
2022/06/24 08:58:47.343 [Debug 100 [msAPI] CommFunc Connect2WebService 85]---[Connect2WebService] url=https://stg-api.beanfun.com/v1/openid/token/verification?token=f055efe9cc9c4252b846bf1fe99e62ebz7b7skhtevnnqvfrizlxutcc46c5tr31,method=get,Authorization=,body= 
2022/06/24 08:58:47.421 [Debug 100 [msAPI] CommFunc Connect2WebService 85]---[Connect2WebService] url=https://stg-api.beanfun.com/v1/openid/token/verification?token=96cbf09eab31456cafa5dcb3e654b5c1mtaadtn75p3drh82esl46z5lh1edeh1c,method=get,Authorization=,body= 
2022/06/24 08:58:51.374 [Debug 100 [msAPI] CommFunc Connect2WebService 67]---[Connect2WebService] url=https://stg-api.beanfun.com/v1/openid/token/verification?token=8bcd52932aa247c3b380a97f1957b205sggtbml9r1n57hyjtr3r7a6fqx7ivbbr,method=get,Authorization=,body= 
2022/06/24 08:59:25.796 [Debug 100 [msAPI] CommFunc Connect2WebService 67]---[Connect2WebService] url=https://stg-api.beanfun.com/v1/openid/token/verification?token=2b6b6929f44c454c97b990cbd252af2b1kei0noi5jo37obv8ljktukry5lykwne,method=get,Authorization=,body= 
2022/06/24 08:59:25.827 [Debug 100 [msAPI] CommFunc Connect2WebService 85]---[Connect2WebService] url=https://stg-api.beanfun.com/v1/openid/token/verification?token=81ff6793a241446986f108e4730f7987hv1ra5j6j5b14mnkv9apmiezcheqpjqz,method=get,Authorization=,body= 
2022/06/24 08:59:28.952 [Debug 100 [msAPI] CommFunc Connect2WebService 67]---[Connect2WebService] url=https://stg-api.beanfun.com/v1/openid/token/verification?token=21dc0ae3975d44d6b624c598ba5048abtxrtpgf6724genimobl2bfuvf4c716e2,method=get,Authorization=,body= 
2022/06/24 08:59:32.327 [Debug 100 [msAPI] CommFunc Connect2WebService 85]---[Connect2WebService] url=https://stg-api.beanfun.com/v1/openid/token/verification?token=be627ad93bf94108887761e3c6a87abdbpr11o5m1h4yw1dgt8gci9iawavy8v75,method=get,Authorization=,body= 
2022/06/24 08:59:32.343 [Debug 100 [msAPI] CommFunc Connect2WebService 67]---[Connect2WebService] url=https://stg-api.beanfun.com/v1/openid/token/verification?token=460b0b89d9cc487889c5f64a89a57ce9qirv5ps281o7ri5zz7wd4wk01o9rxydl,method=get,Authorization=,body= 
2022/06/24 08:59:40.109 [Debug 100 [msAPI] CommFunc Connect2WebService 85]---[Connect2WebService] url=https://stg-api.beanfun.com/v1/openid/token/verification?token=100ebdb4f4634ddbb125e3bf0ad4f3fch90njnvtef96dxxd3opwd9z9nr4jnfvm,method=get,Authorization=,body= 
2022/06/24 08:59:48.687 [Debug 100 [msAPI] CommFunc Connect2WebService 85]---[Connect2WebService] url=https://stg-api.beanfun.com/v1/openid/token/verification?token=16a0ec07d405458bb5d2997d28e1c64212qegtw9uxfneki4bov3s4wjfy1xda72,method=get,Authorization=,body= 
2022/06/24 08:59:48.781 [Debug 100 [msAPI] CommFunc Connect2WebService 83]---[Connect2WebService] url=https://stg-api.beanfun.com/v1/openid/token/verification?token=5968f2fe90bf48288c1ad0a236aa54b258swt0jqa2zs9o8lm0nwfiy9e27y53cf,method=get,Authorization=,body= 
2022/06/24 08:59:54.421 [Debug 100 [msAPI] CommFunc Connect2WebService 67]---[Connect2WebService] url=https://stg-api.beanfun.com/v1/openid/token/verification?token=642194f6778944779132c8da9a8444d8b4bd1qeceu3tk7pspbpkgshoh4vitj0d,method=get,Authorization=,body= 
2022/06/24 09:00:25.999 [Debug 100 [msAPI] CommFunc Connect2WebService 82]---[Connect2WebService] url=https://stg-api.beanfun.com/v1/openid/token/verification?token=0128673516ce4a6ab40c24c6689b09be3ytfwwbjklmhaus5xi9p22h7w5829s5g,method=get,Authorization=,body= 
2022/06/24 09:00:26.062 [Debug 100 [msAPI] CommFunc Connect2WebService 83]---[Connect2WebService] url=https://stg-api.beanfun.com/v1/openid/token/verification?token=a9cfe4fb2a814162940854ecae70f469lcl6s1ngskfn9d6eu56462t9pvup51x7,method=get,Authorization=,body= 
2022/06/24 09:00:33.812 [Debug 100 [msAPI] CommFunc Connect2WebService 82]---[Connect2WebService] url=https://stg-api.beanfun.com/v1/openid/token/verification?token=09014a400f144d848fa48fb24c45d974jemmwyh7on5qsshvgfa5zlldthuft1n5,method=get,Authorization=,body= 
2022/06/24 09:03:15.905 [Debug 100 [msAPI] CommFunc Connect2WebService 85]---[Connect2WebService] url=https://stg-api.beanfun.com/v1/openid/token/verification?token=6d025de6c27544b2ad2643e9cb4accabvhwo7gw6wq3cm6mo2xv3g1cyecjuwhol,method=get,Authorization=,body= 
2022/06/24 09:04:03.952 [Debug 100 [msAPI] CommFunc Connect2WebService 74]---[Connect2WebService] url=https://stg-api.beanfun.com/v1/openid/token/verification?token=6bdee659225c48ba83f3ce3291e1afb1qd7q9i6424krgw457uftz9cfx9oig7pl,method=get,Authorization=,body= 
2022/06/24 09:04:10.483 [Debug 100 [msAPI] CommFunc Connect2WebService 74]---[Connect2WebService] url=https://stg-api.beanfun.com/oauth2/v1/token,method=post,Authorization=c15489c1221846d38a7c2a4bba1a6168_oat,body={"grant_type":"authorization_code","code":"UNpW40hbz5","redirect_uri":"https://stg-gamafun.beanfun.com"} 
2022/06/24 09:07:56.843 [Debug 100 [msAPI] CommFunc Connect2WebService 74]---[Connect2WebService] url=https://stg-api.beanfun.com/v1/openid/token/verification?token=81084a66250d46d287f3a1fd39615a27fex8c1c6f7l23omjfnsb33l189jg8qd2,method=get,Authorization=,body= 
2022/06/24 09:10:45.624 [Debug 100 [msAPI] CommFunc Connect2WebService 68]---[Connect2WebService] url=https://stg-api.beanfun.com/v1/openid/token/verification?token=885fb265f5ad4fb79ca2aa7974ec17510tdfcl87fd0qn9vy62m4pv2d4n532k6u,method=get,Authorization=,body= 
2022/06/24 09:45:39.796 [Debug 100 [msAPI] CommFunc Connect2WebService 37]---[Connect2WebService] url=https://stg-api.beanfun.com/oauth2/v1/token,method=post,Authorization=c15489c1221846d38a7c2a4bba1a6168_oat,body={"grant_type":"authorization_code","code":"vWx3taYBoD","redirect_uri":"https://stg-gamafun.beanfun.com"} 
2022/06/24 09:47:19.390 [Debug 100 [msAPI] CommFunc Connect2WebService 33]---[Connect2WebService] url=https://stg-api.beanfun.com/oauth2/v1/token,method=post,Authorization=c15489c1221846d38a7c2a4bba1a6168_oat,body={"grant_type":"authorization_code","code":"wb6tq05cdl","redirect_uri":"https://stg-gamafun.beanfun.com"} 
2022/06/24 09:48:30.734 [Debug 100 [msAPI] CommFunc Connect2WebService 33]---[Connect2WebService] url=https://stg-api.beanfun.com/v1/openid/token/verification?token=2bb86398cee04ba48cff289b6ddcab74widhlhyv4flyhp3gdb5lzvephd1zalka,method=get,Authorization=,body= 
2022/06/24 09:48:30.734 [Debug 100 [msAPI] CommFunc Connect2WebService 37]---[Connect2WebService] url=https://stg-api.beanfun.com/v1/openid/token/verification?token=097f73d148814a74b5c69d9fa46450e2jxbjqu5ekxkh9uk44qrdv85o26wujgs0,method=get,Authorization=,body= 
2022/06/24 10:10:58.874 [Debug 100 [msAPI] CommFunc Connect2WebService 37]---[Connect2WebService] url=https://stg-api.beanfun.com/v1/openid/token/verification?token=b6a35a3a2b7542f39704519cfc7e3b5afwz3behd3prg3jx9sgo6e8af2jgqg12z,method=get,Authorization=,body= 
2022/06/24 10:10:59.280 [Debug 100 [msAPI] CommFunc Connect2WebService 31]---[Connect2WebService] url=https://stg-api.beanfun.com/v1/openid/token/verification?token=73b60d45d21642dcad088132ee4d126djh88qgzy9vzynmrf9au4at782t5xcxyf,method=get,Authorization=,body= 
2022/06/24 10:15:04.468 [Debug 100 [msAPI] CommFunc Connect2WebService 29]---[Connect2WebService] url=https://stg-api.beanfun.com/v1/openid/token/verification?token=3d655e0885a04dcdb455bffca927d98bolz1su7a8xpzivqlethx7n9x47ak2l79,method=get,Authorization=,body= 
2022/06/24 10:15:48.203 [Debug 100 [msAPI] CommFunc Connect2WebService 28]---[Connect2WebService] url=https://stg-api.beanfun.com/v1/openid/token/verification?token=46d1deb3f64e4976ae9b03ff68c655ed1gavy0yxu0cwfstccbixphdcz6jxg0kp,method=get,Authorization=,body= 
2022/06/24 10:18:26.468 [Debug 100 [msAPI] CommFunc Connect2WebService 29]---[Connect2WebService] url=https://stg-api.beanfun.com/v1/openid/token/verification?token=98abaa21a874460fbad82d0b2e6644d88sae180h37zrtmxo8bohmjkwez3i7r29,method=get,Authorization=,body= 
2022/06/24 10:18:26.468 [Debug 100 [msAPI] CommFunc Connect2WebService 31]---[Connect2WebService] url=https://stg-api.beanfun.com/v1/openid/token/verification?token=2ffbf259723744889eb50c418f743e6a63ilcbt1rglgtanhbnfw55ss2c1hg3o8,method=get,Authorization=,body= 
2022/06/24 10:18:36.593 [Debug 100 [msAPI] CommFunc Connect2WebService 28]---[Connect2WebService] url=https://stg-api.beanfun.com/v1/openid/token/verification?token=2804f0623702476c8d53f304bfe20bab7m1yr2yzvd9521i0s9khhx1py0l10xzn,method=get,Authorization=,body= 
2022/06/24 10:18:36.593 [Debug 100 [msAPI] CommFunc Connect2WebService 31]---[Connect2WebService] url=https://stg-api.beanfun.com/v1/openid/token/verification?token=e2d759299f3449828e34944b9228a5c78ey87lmzcemc7qn33461qgro92bxfv9p,method=get,Authorization=,body= 
2022/06/24 10:18:45.953 [Debug 100 [msAPI] CommFunc Connect2WebService 28]---[Connect2WebService] url=https://stg-api.beanfun.com/v1/openid/token/verification?token=b8043b2f1d5a4f4ba78918f5f1db3aafuf3c5mk3x2up21qtocuxfv0nojfgf8kz,method=get,Authorization=,body= 
2022/06/24 10:18:45.968 [Debug 100 [msAPI] CommFunc Connect2WebService 37]---[Connect2WebService] url=https://stg-api.beanfun.com/v1/openid/token/verification?token=dc78c66b6e8a4cff9981d2efaab5dc3e8z7qga2gbyjfdtnn7tor13ivwsg8y7i7,method=get,Authorization=,body= 
2022/06/24 10:18:52.672 [Debug 100 [msAPI] CommFunc Connect2WebService 30]---[Connect2WebService] url=https://stg-api.beanfun.com/v1/openid/token/verification?token=d4b71061e1e74dfea9da5d1cb0e97b656twqj8iycij2s8f4phw3nc6jsqf2rku2,method=get,Authorization=,body= 
2022/06/24 10:18:52.843 [Debug 100 [msAPI] CommFunc Connect2WebService 37]---[Connect2WebService] url=https://stg-api.beanfun.com/v1/openid/token/verification?token=e26da83e0d734411bbe9d89a5bbfb8078kwhycjawxacdysxnlv9amc2kopubsk6,method=get,Authorization=,body= 
2022/06/24 10:28:19.515 [Debug 100 [msAPI] CommFunc Connect2WebService 37]---[Connect2WebService] url=https://stg-api.beanfun.com/oauth2/v1/token,method=post,Authorization=c15489c1221846d38a7c2a4bba1a6168_oat,body={"grant_type":"authorization_code","code":"65y6XVKmOH","redirect_uri":"https://stg-gamafun.beanfun.com"} 
2022/06/24 10:28:51.140 [Debug 100 [msAPI] CommFunc Connect2WebService 36]---[Connect2WebService] url=https://stg-api.beanfun.com/v2/campaign/receive,method=Post,Authorization=DhqtSMySOpWv6+lSWtGivISg8tLet0WVP6k7+odQjig=,body={"campaignCode":"da3ceb0f9c144482acd81dad9807adc0","receiver":"2068032158018048000"} 
2022/06/24 10:28:51.359 [Debug 100 [msAPI] CommFunc Connect2WebService 36]---[Connect2WebService] HttpWebResponse(403)={"error":{"code":3721,"message":"用戶剩餘領取次數不足"}} 
2022/06/24 10:29:03.796 [Debug 100 [msAPI] CommFunc Connect2WebService 37]---[Connect2WebService] url=https://stg-api.beanfun.com/v2/campaign/receive,method=Post,Authorization=DhqtSMySOpWv6+lSWtGivISg8tLet0WVP6k7+odQjig=,body={"campaignCode":"da3ceb0f9c144482acd81dad9807adc0","receiver":"2068032158018048000"} 
2022/06/24 10:29:04.062 [Debug 100 [msAPI] CommFunc Connect2WebService 37]---[Connect2WebService] HttpWebResponse(403)={"error":{"code":3721,"message":"用戶剩餘領取次數不足"}} 
2022/06/24 10:29:47.218 [Debug 100 [msAPI] CommFunc Connect2WebService 36]---[Connect2WebService] url=https://stg-api.beanfun.com/v2/campaign/receive,method=Post,Authorization=bOrnpwNlvPHuZrupOcQGOoqy3C6aGxA35jm67FNJHwA=,body={"campaignCode":"516ef7a2d1c94271935c415f5073e8c7","receiver":"2068032158018048000"} 
2022/06/24 10:30:02.765 [Debug 100 [msAPI] CommFunc Connect2WebService 31]---[Connect2WebService] url=https://stg-api.beanfun.com/v2/campaign/receive,method=Post,Authorization=troSNV+07yfWqpdXYOvdgJhRiR2xDcublaX0IoV3IN8=,body={"campaignCode":"363c35aa7f49411387da62dad70af09f","receiver":"2068032158018048000"} 
2022/06/24 10:30:02.874 [Debug 100 [msAPI] CommFunc Connect2WebService 31]---[Connect2WebService] HttpWebResponse(403)={"error":{"code":3720,"message":"獎項已發送完畢"}} 
2022/06/24 10:30:14.015 [Debug 100 [msAPI] CommFunc Connect2WebService 36]---[Connect2WebService] url=https://stg-api.beanfun.com/v2/campaign/receive,method=Post,Authorization=DhqtSMySOpWv6+lSWtGivISg8tLet0WVP6k7+odQjig=,body={"campaignCode":"da3ceb0f9c144482acd81dad9807adc0","receiver":"2068032158018048000"} 
2022/06/24 10:30:14.343 [Debug 100 [msAPI] CommFunc Connect2WebService 36]---[Connect2WebService] HttpWebResponse(403)={"error":{"code":3721,"message":"用戶剩餘領取次數不足"}} 
